[2021-08-04 14:24:53] local.ERROR: Failed to authenticate on SMTP server with username "support@kimtandao.co.tz" using 2 possible authenticators. Authenticator LOGIN returned Expected response code 235 but got code "535", with message "535 5.7.8 Error: authentication failed: UGFzc3dvcmQ6
". Authenticator PLAIN returned Expected response code 235 but got code "535", with message "535 5.7.8 Error: authentication failed: UGFzc3dvcmQ6
". {"exception":"[object] (Swift_TransportException(code: 0): Failed to authenticate on SMTP server with username \"support@kimtandao.co.tz\" using 2 possible authenticators. Authenticator LOGIN returned Expected response code 235 but got code \"535\", with message \"535 5.7.8 Error: authentication failed: UGFzc3dvcmQ6
\". Authenticator PLAIN returned Expected response code 235 but got code \"535\", with message \"535 5.7.8 Error: authentication failed: UGFzc3dvcmQ6
\". at C:\\xampp\\htdocs\\cashless\\vendor\\swiftmailer\\swiftmailer\\lib\\classes\\Swift\\Transport\\Esmtp\\AuthHandler.php:191)
[stacktrace]
#0 C:\\xampp\\htdocs\\cashless\\vendor\\swiftmailer\\swiftmailer\\lib\\classes\\Swift\\Transport\\EsmtpTransport.php(371): Swift_Transport_Esmtp_AuthHandler->afterEhlo(Object(Swift_SmtpTransport))
#1 C:\\xampp\\htdocs\\cashless\\vendor\\swiftmailer\\swiftmailer\\lib\\classes\\Swift\\Transport\\AbstractSmtpTransport.php(148): Swift_Transport_EsmtpTransport->doHeloCommand()
#2 C:\\xampp\\htdocs\\cashless\\vendor\\swiftmailer\\swiftmailer\\lib\\classes\\Swift\\Mailer.php(65): Swift_Transport_AbstractSmtpTransport->start()
#3 C:\\xampp\\htdocs\\cashless\\vendor\\laravel\\framework\\src\\Illuminate\\Mail\\Mailer.php(521): Swift_Mailer->send(Object(Swift_Message), Array)
#4 C:\\xampp\\htdocs\\cashless\\vendor\\laravel\\framework\\src\\Illuminate\\Mail\\Mailer.php(288): Illuminate\\Mail\\Mailer->sendSwiftMessage(Object(Swift_Message))
#5 C:\\xampp\\htdocs\\cashless\\vendor\\laravel\\framework\\src\\Illuminate\\Mail\\Mailable.php(177): Illuminate\\Mail\\Mailer->send('mail.notificati...', Array, Object(Closure))
#6 C:\\xampp\\htdocs\\cashless\\vendor\\laravel\\framework\\src\\Illuminate\\Support\\Traits\\Localizable.php(19): Illuminate\\Mail\\Mailable->Illuminate\\Mail\\{closure}()
#7 C:\\xampp\\htdocs\\cashless\\vendor\\laravel\\framework\\src\\Illuminate\\Mail\\Mailable.php(178): Illuminate\\Mail\\Mailable->withLocale(NULL, Object(Closure))
#8 C:\\xampp\\htdocs\\cashless\\vendor\\laravel\\framework\\src\\Illuminate\\Mail\\Mailer.php(304): Illuminate\\Mail\\Mailable->send(Object(Illuminate\\Mail\\Mailer))
#9 C:\\xampp\\htdocs\\cashless\\vendor\\laravel\\framework\\src\\Illuminate\\Mail\\Mailer.php(258): Illuminate\\Mail\\Mailer->sendMailable(Object(App\\Mail\\SendNotification))
#10 C:\\xampp\\htdocs\\cashless\\vendor\\laravel\\framework\\src\\Illuminate\\Mail\\PendingMail.php(122): Illuminate\\Mail\\Mailer->send(Object(App\\Mail\\SendNotification))
#11 C:\\xampp\\htdocs\\cashless\\app\\Jobs\\SendMailNotification.php(43): Illuminate\\Mail\\PendingMail->send(Object(App\\Mail\\SendNotification))
#12 [internal function]: App\\Jobs\\SendMailNotification->handle()
#13 C:\\xampp\\htdocs\\cashless\\vendor\\laravel\\framework\\src\\Illuminate\\Container\\BoundMethod.php(37): call_user_func_array(Array, Array)
#14 C:\\xampp\\htdocs\\cashless\\vendor\\laravel\\framework\\src\\Illuminate\\Container\\Util.php(37): Illuminate\\Container\\BoundMethod::Illuminate\\Container\\{closure}()
#15 C:\\xampp\\htdocs\\cashless\\vendor\\laravel\\framework\\src\\Illuminate\\Container\\BoundMethod.php(95): Illuminate\\Container\\Util::unwrapIfClosure(Object(Closure))
#16 C:\\xampp\\htdocs\\cashless\\vendor\\laravel\\framework\\src\\Illuminate\\Container\\BoundMethod.php(39): Illuminate\\Container\\BoundMethod::callBoundMethod(Object(Illuminate\\Foundation\\Application), Array, Object(Closure))
#17 C:\\xampp\\htdocs\\cashless\\vendor\\laravel\\framework\\src\\Illuminate\\Container\\Container.php(592): Illuminate\\Container\\BoundMethod::call(Object(Illuminate\\Foundation\\Application), Array, Array, NULL)
#18 C:\\xampp\\htdocs\\cashless\\vendor\\laravel\\framework\\src\\Illuminate\\Bus\\Dispatcher.php(94): Illuminate\\Container\\Container->call(Array)
#19 C:\\xampp\\htdocs\\cashless\\vendor\\laravel\\framework\\src\\Illuminate\\Pipeline\\Pipeline.php(128): Illuminate\\Bus\\Dispatcher->Illuminate\\Bus\\{closure}(Object(App\\Jobs\\SendMailNotification))
#20 C:\\xampp\\htdocs\\cashless\\vendor\\laravel\\framework\\src\\Illuminate\\Pipeline\\Pipeline.php(103): Illuminate\\Pipeline\\Pipeline->Illuminate\\Pipeline\\{closure}(Object(App\\Jobs\\SendMailNotification))
#21 C:\\xampp\\htdocs\\cashless\\vendor\\laravel\\framework\\src\\Illuminate\\Bus\\Dispatcher.php(98): Illuminate\\Pipeline\\Pipeline->then(Object(Closure))
#22 C:\\xampp\\htdocs\\cashless\\vendor\\laravel\\framework\\src\\Illuminate\\Queue\\CallQueuedHandler.php(83): Illuminate\\Bus\\Dispatcher->dispatchNow(Object(App\\Jobs\\SendMailNotification), false)
#23 C:\\xampp\\htdocs\\cashless\\vendor\\laravel\\framework\\src\\Illuminate\\Pipeline\\Pipeline.php(128): Illuminate\\Queue\\CallQueuedHandler->Illuminate\\Queue\\{closure}(Object(App\\Jobs\\SendMailNotification))
#24 C:\\xampp\\htdocs\\cashless\\vendor\\laravel\\framework\\src\\Illuminate\\Pipeline\\Pipeline.php(103): Illuminate\\Pipeline\\Pipeline->Illuminate\\Pipeline\\{closure}(Object(App\\Jobs\\SendMailNotification))
#25 C:\\xampp\\htdocs\\cashless\\vendor\\laravel\\framework\\src\\Illuminate\\Queue\\CallQueuedHandler.php(85): Illuminate\\Pipeline\\Pipeline->then(Object(Closure))
#26 C:\\xampp\\htdocs\\cashless\\vendor\\laravel\\framework\\src\\Illuminate\\Queue\\CallQueuedHandler.php(59): Illuminate\\Queue\\CallQueuedHandler->dispatchThroughMiddleware(Object(Illuminate\\Queue\\Jobs\\DatabaseJob), Object(App\\Jobs\\SendMailNotification))
#27 C:\\xampp\\htdocs\\cashless\\vendor\\laravel\\framework\\src\\Illuminate\\Queue\\Jobs\\Job.php(98): Illuminate\\Queue\\CallQueuedHandler->call(Object(Illuminate\\Queue\\Jobs\\DatabaseJob), Array)
#28 C:\\xampp\\htdocs\\cashless\\vendor\\laravel\\framework\\src\\Illuminate\\Queue\\Worker.php(356): Illuminate\\Queue\\Jobs\\Job->fire()
#29 C:\\xampp\\htdocs\\cashless\\vendor\\laravel\\framework\\src\\Illuminate\\Queue\\Worker.php(306): Illuminate\\Queue\\Worker->process('database', Object(Illuminate\\Queue\\Jobs\\DatabaseJob), Object(Illuminate\\Queue\\WorkerOptions))
#30 C:\\xampp\\htdocs\\cashless\\vendor\\laravel\\framework\\src\\Illuminate\\Queue\\Worker.php(265): Illuminate\\Queue\\Worker->runJob(Object(Illuminate\\Queue\\Jobs\\DatabaseJob), 'database', Object(Illuminate\\Queue\\WorkerOptions))
#31 C:\\xampp\\htdocs\\cashless\\vendor\\laravel\\framework\\src\\Illuminate\\Queue\\Console\\WorkCommand.php(112): Illuminate\\Queue\\Worker->runNextJob('database', 'default', Object(Illuminate\\Queue\\WorkerOptions))
#32 C:\\xampp\\htdocs\\cashless\\vendor\\laravel\\framework\\src\\Illuminate\\Queue\\Console\\WorkCommand.php(96): Illuminate\\Queue\\Console\\WorkCommand->runWorker('database', 'default')
#33 [internal function]: Illuminate\\Queue\\Console\\WorkCommand->handle()
#34 C:\\xampp\\htdocs\\cashless\\vendor\\laravel\\framework\\src\\Illuminate\\Container\\BoundMethod.php(37): call_user_func_array(Array, Array)
#35 C:\\xampp\\htdocs\\cashless\\vendor\\laravel\\framework\\src\\Illuminate\\Container\\Util.php(37): Illuminate\\Container\\BoundMethod::Illuminate\\Container\\{closure}()
#36 C:\\xampp\\htdocs\\cashless\\vendor\\laravel\\framework\\src\\Illuminate\\Container\\BoundMethod.php(95): Illuminate\\Container\\Util::unwrapIfClosure(Object(Closure))
#37 C:\\xampp\\htdocs\\cashless\\vendor\\laravel\\framework\\src\\Illuminate\\Container\\BoundMethod.php(39): Illuminate\\Container\\BoundMethod::callBoundMethod(Object(Illuminate\\Foundation\\Application), Array, Object(Closure))
#38 C:\\xampp\\htdocs\\cashless\\vendor\\laravel\\framework\\src\\Illuminate\\Container\\Container.php(592): Illuminate\\Container\\BoundMethod::call(Object(Illuminate\\Foundation\\Application), Array, Array, NULL)
#39 C:\\xampp\\htdocs\\cashless\\vendor\\laravel\\framework\\src\\Illuminate\\Console\\Command.php(134): Illuminate\\Container\\Container->call(Array)
#40 C:\\xampp\\htdocs\\cashless\\vendor\\symfony\\console\\Command\\Command.php(258): Illuminate\\Console\\Command->execute(Object(Symfony\\Component\\Console\\Input\\ArgvInput), Object(Illuminate\\Console\\OutputStyle))
#41 C:\\xampp\\htdocs\\cashless\\vendor\\laravel\\framework\\src\\Illuminate\\Console\\Command.php(121): Symfony\\Component\\Console\\Command\\Command->run(Object(Symfony\\Component\\Console\\Input\\ArgvInput), Object(Illuminate\\Console\\OutputStyle))
#42 C:\\xampp\\htdocs\\cashless\\vendor\\symfony\\console\\Application.php(911): Illuminate\\Console\\Command->run(Object(Symfony\\Component\\Console\\Input\\ArgvInput), Object(Symfony\\Component\\Console\\Output\\ConsoleOutput))
#43 C:\\xampp\\htdocs\\cashless\\vendor\\symfony\\console\\Application.php(264): Symfony\\Component\\Console\\Application->doRunCommand(Object(Illuminate\\Queue\\Console\\WorkCommand), Object(Symfony\\Component\\Console\\Input\\ArgvInput), Object(Symfony\\Component\\Console\\Output\\ConsoleOutput))
#44 C:\\xampp\\htdocs\\cashless\\vendor\\symfony\\console\\Application.php(140): Symfony\\Component\\Console\\Application->doRun(Object(Symfony\\Component\\Console\\Input\\ArgvInput), Object(Symfony\\Component\\Console\\Output\\ConsoleOutput))
#45 C:\\xampp\\htdocs\\cashless\\vendor\\laravel\\framework\\src\\Illuminate\\Console\\Application.php(93): Symfony\\Component\\Console\\Application->run(Object(Symfony\\Component\\Console\\Input\\ArgvInput), Object(Symfony\\Component\\Console\\Output\\ConsoleOutput))
#46 C:\\xampp\\htdocs\\cashless\\vendor\\laravel\\framework\\src\\Illuminate\\Foundation\\Console\\Kernel.php(129): Illuminate\\Console\\Application->run(Object(Symfony\\Component\\Console\\Input\\ArgvInput), Object(Symfony\\Component\\Console\\Output\\ConsoleOutput))
#47 C:\\xampp\\htdocs\\cashless\\artisan(37): Illuminate\\Foundation\\Console\\Kernel->handle(Object(Symfony\\Component\\Console\\Input\\ArgvInput), Object(Symfony\\Component\\Console\\Output\\ConsoleOutput))
#48 {main}
"} 
[2021-08-04 15:19:17] local.ERROR: The process "C:\xampp\php\php.exe artisan queue:work --once --queue=default --delay=0 --memory=128 --sleep=3 --tries=1" exceeded the timeout of 60 seconds. {"exception":"[object] (Symfony\\Component\\Process\\Exception\\ProcessTimedOutException(code: 0): The process \"C:\\xampp\\php\\php.exe artisan queue:work --once --queue=default --delay=0 --memory=128 --sleep=3 --tries=1\" exceeded the timeout of 60 seconds. at C:\\xampp\\htdocs\\cashless\\vendor\\symfony\\process\\Process.php:1201)
[stacktrace]
#0 C:\\xampp\\htdocs\\cashless\\vendor\\symfony\\process\\Process.php(413): Symfony\\Component\\Process\\Process->checkTimeout()
#1 C:\\xampp\\htdocs\\cashless\\vendor\\symfony\\process\\Process.php(234): Symfony\\Component\\Process\\Process->wait()
#2 C:\\xampp\\htdocs\\cashless\\vendor\\laravel\\framework\\src\\Illuminate\\Queue\\Listener.php(175): Symfony\\Component\\Process\\Process->run(Object(Closure))
#3 C:\\xampp\\htdocs\\cashless\\vendor\\laravel\\framework\\src\\Illuminate\\Queue\\Listener.php(90): Illuminate\\Queue\\Listener->runProcess(Object(Symfony\\Component\\Process\\Process), '128')
#4 C:\\xampp\\htdocs\\cashless\\vendor\\laravel\\framework\\src\\Illuminate\\Queue\\Console\\ListenCommand.php(68): Illuminate\\Queue\\Listener->listen(NULL, 'default', Object(Illuminate\\Queue\\ListenerOptions))
#5 [internal function]: Illuminate\\Queue\\Console\\ListenCommand->handle()
#6 C:\\xampp\\htdocs\\cashless\\vendor\\laravel\\framework\\src\\Illuminate\\Container\\BoundMethod.php(37): call_user_func_array(Array, Array)
#7 C:\\xampp\\htdocs\\cashless\\vendor\\laravel\\framework\\src\\Illuminate\\Container\\Util.php(37): Illuminate\\Container\\BoundMethod::Illuminate\\Container\\{closure}()
#8 C:\\xampp\\htdocs\\cashless\\vendor\\laravel\\framework\\src\\Illuminate\\Container\\BoundMethod.php(95): Illuminate\\Container\\Util::unwrapIfClosure(Object(Closure))
#9 C:\\xampp\\htdocs\\cashless\\vendor\\laravel\\framework\\src\\Illuminate\\Container\\BoundMethod.php(39): Illuminate\\Container\\BoundMethod::callBoundMethod(Object(Illuminate\\Foundation\\Application), Array, Object(Closure))
#10 C:\\xampp\\htdocs\\cashless\\vendor\\laravel\\framework\\src\\Illuminate\\Container\\Container.php(592): Illuminate\\Container\\BoundMethod::call(Object(Illuminate\\Foundation\\Application), Array, Array, NULL)
#11 C:\\xampp\\htdocs\\cashless\\vendor\\laravel\\framework\\src\\Illuminate\\Console\\Command.php(134): Illuminate\\Container\\Container->call(Array)
#12 C:\\xampp\\htdocs\\cashless\\vendor\\symfony\\console\\Command\\Command.php(258): Illuminate\\Console\\Command->execute(Object(Symfony\\Component\\Console\\Input\\ArgvInput), Object(Illuminate\\Console\\OutputStyle))
#13 C:\\xampp\\htdocs\\cashless\\vendor\\laravel\\framework\\src\\Illuminate\\Console\\Command.php(121): Symfony\\Component\\Console\\Command\\Command->run(Object(Symfony\\Component\\Console\\Input\\ArgvInput), Object(Illuminate\\Console\\OutputStyle))
#14 C:\\xampp\\htdocs\\cashless\\vendor\\symfony\\console\\Application.php(911): Illuminate\\Console\\Command->run(Object(Symfony\\Component\\Console\\Input\\ArgvInput), Object(Symfony\\Component\\Console\\Output\\ConsoleOutput))
#15 C:\\xampp\\htdocs\\cashless\\vendor\\symfony\\console\\Application.php(264): Symfony\\Component\\Console\\Application->doRunCommand(Object(Illuminate\\Queue\\Console\\ListenCommand), Object(Symfony\\Component\\Console\\Input\\ArgvInput), Object(Symfony\\Component\\Console\\Output\\ConsoleOutput))
#16 C:\\xampp\\htdocs\\cashless\\vendor\\symfony\\console\\Application.php(140): Symfony\\Component\\Console\\Application->doRun(Object(Symfony\\Component\\Console\\Input\\ArgvInput), Object(Symfony\\Component\\Console\\Output\\ConsoleOutput))
#17 C:\\xampp\\htdocs\\cashless\\vendor\\laravel\\framework\\src\\Illuminate\\Console\\Application.php(93): Symfony\\Component\\Console\\Application->run(Object(Symfony\\Component\\Console\\Input\\ArgvInput), Object(Symfony\\Component\\Console\\Output\\ConsoleOutput))
#18 C:\\xampp\\htdocs\\cashless\\vendor\\laravel\\framework\\src\\Illuminate\\Foundation\\Console\\Kernel.php(129): Illuminate\\Console\\Application->run(Object(Symfony\\Component\\Console\\Input\\ArgvInput), Object(Symfony\\Component\\Console\\Output\\ConsoleOutput))
#19 C:\\xampp\\htdocs\\cashless\\artisan(37): Illuminate\\Foundation\\Console\\Kernel->handle(Object(Symfony\\Component\\Console\\Input\\ArgvInput), Object(Symfony\\Component\\Console\\Output\\ConsoleOutput))
#20 {main}
"} 
