[2021-03-11 21:44:02] local.ERROR: Request body  {"account":"22500100345","reference":"T20031121440240040040","amount":"200.00","transdate":"2021-03-11T21:44:02Z","transid":56,"checksum":"ytRbfkLiSjqt\/DrPE+h4b3mL1Y1cgmbs8YmEfCYH7Lc="}  
[2021-03-11 21:44:28] local.ERROR: PUSH-ERROR Object of class stdClass could not be converted to string  
[2021-03-11 21:44:28] local.ERROR: PUSH-ERROR-LINE541  
[2021-03-11 21:44:28] local.ERROR: PUSH-ERROR-LINE#0 C:\xampp\htdocs\cashless\vendor\laravel\framework\src\Illuminate\Log\Logger.php(174): Monolog\Logger->error(Object(stdClass), Array)
#1 C:\xampp\htdocs\cashless\vendor\laravel\framework\src\Illuminate\Log\Logger.php(87): Illuminate\Log\Logger->writeLog('error', Object(stdClass), Array)
#2 C:\xampp\htdocs\cashless\app\Http\Controllers\Tpesa\CashoutHelper.php(94): Illuminate\Log\Logger->error(Object(stdClass))
#3 C:\xampp\htdocs\cashless\app\Http\Controllers\Tpesa\CashOutController.php(72): App\Http\Controllers\Tpesa\CashoutHelper::process('40040040', '200.00')
#4 [internal function]: App\Http\Controllers\Tpesa\CashOutController->pay(Object(Illuminate\Http\Request))
#5 C:\xampp\htdocs\cashless\vendor\laravel\framework\src\Illuminate\Routing\Controller.php(54): call_user_func_array(Array, Array)
#6 C:\xampp\htdocs\cashless\vendor\laravel\framework\src\Illuminate\Routing\ControllerDispatcher.php(45): Illuminate\Routing\Controller->callAction('pay', Array)
#7 C:\xampp\htdocs\cashless\vendor\laravel\framework\src\Illuminate\Routing\Route.php(239): Illuminate\Routing\ControllerDispatcher->dispatch(Object(Illuminate\Routing\Route), Object(App\Http\Controllers\Tpesa\CashOutController), 'pay')
#8 C:\xampp\htdocs\cashless\vendor\laravel\framework\src\Illuminate\Routing\Route.php(196): Illuminate\Routing\Route->runController()
#9 C:\xampp\htdocs\cashless\vendor\laravel\framework\src\Illuminate\Routing\Router.php(685): Illuminate\Routing\Route->run()
#10 C:\xampp\htdocs\cashless\vendor\laravel\framework\src\Illuminate\Pipeline\Pipeline.php(128): Illuminate\Routing\Router->Illuminate\Routing\{closure}(Object(Illuminate\Http\Request))
#11 C:\xampp\htdocs\cashless\app\Http\Middleware\Localization.php(28): Illuminate\Pipeline\Pipeline->Illuminate\Pipeline\{closure}(Object(Illuminate\Http\Request))
#12 C:\xampp\htdocs\cashless\vendor\laravel\framework\src\Illuminate\Pipeline\Pipeline.php(167): App\Http\Middleware\Localization->handle(Object(Illuminate\Http\Request), Object(Closure))
#13 C:\xampp\htdocs\cashless\vendor\laravel\framework\src\Illuminate\Routing\Middleware\SubstituteBindings.php(41): Illuminate\Pipeline\Pipeline->Illuminate\Pipeline\{closure}(Object(Illuminate\Http\Request))
#14 C:\xampp\htdocs\cashless\vendor\laravel\framework\src\Illuminate\Pipeline\Pipeline.php(167): Illuminate\Routing\Middleware\SubstituteBindings->handle(Object(Illuminate\Http\Request), Object(Closure))
#15 C:\xampp\htdocs\cashless\vendor\laravel\framework\src\Illuminate\Foundation\Http\Middleware\VerifyCsrfToken.php(76): Illuminate\Pipeline\Pipeline->Illuminate\Pipeline\{closure}(Object(Illuminate\Http\Request))
#16 C:\xampp\htdocs\cashless\vendor\laravel\framework\src\Illuminate\Pipeline\Pipeline.php(167): Illuminate\Foundation\Http\Middleware\VerifyCsrfToken->handle(Object(Illuminate\Http\Request), Object(Closure))
#17 C:\xampp\htdocs\cashless\vendor\laravel\framework\src\Illuminate\View\Middleware\ShareErrorsFromSession.php(49): Illuminate\Pipeline\Pipeline->Illuminate\Pipeline\{closure}(Object(Illuminate\Http\Request))
#18 C:\xampp\htdocs\cashless\vendor\laravel\framework\src\Illuminate\Pipeline\Pipeline.php(167): Illuminate\View\Middleware\ShareErrorsFromSession->handle(Object(Illuminate\Http\Request), Object(Closure))
#19 C:\xampp\htdocs\cashless\vendor\laravel\framework\src\Illuminate\Session\Middleware\StartSession.php(116): Illuminate\Pipeline\Pipeline->Illuminate\Pipeline\{closure}(Object(Illuminate\Http\Request))
#20 C:\xampp\htdocs\cashless\vendor\laravel\framework\src\Illuminate\Session\Middleware\StartSession.php(62): Illuminate\Session\Middleware\StartSession->handleStatefulRequest(Object(Illuminate\Http\Request), Object(Illuminate\Session\Store), Object(Closure))
#21 C:\xampp\htdocs\cashless\vendor\laravel\framework\src\Illuminate\Pipeline\Pipeline.php(167): Illuminate\Session\Middleware\StartSession->handle(Object(Illuminate\Http\Request), Object(Closure))
#22 C:\xampp\htdocs\cashless\vendor\laravel\framework\src\Illuminate\Cookie\Middleware\AddQueuedCookiesToResponse.php(37): Illuminate\Pipeline\Pipeline->Illuminate\Pipeline\{closure}(Object(Illuminate\Http\Request))
#23 C:\xampp\htdocs\cashless\vendor\laravel\framework\src\Illuminate\Pipeline\Pipeline.php(167): Illuminate\Cookie\Middleware\AddQueuedCookiesToResponse->handle(Object(Illuminate\Http\Request), Object(Closure))
#24 C:\xampp\htdocs\cashless\vendor\laravel\framework\src\Illuminate\Cookie\Middleware\EncryptCookies.php(66): Illuminate\Pipeline\Pipeline->Illuminate\Pipeline\{closure}(Object(Illuminate\Http\Request))
#25 C:\xampp\htdocs\cashless\vendor\laravel\framework\src\Illuminate\Pipeline\Pipeline.php(167): Illuminate\Cookie\Middleware\EncryptCookies->handle(Object(Illuminate\Http\Request), Object(Closure))
#26 C:\xampp\htdocs\cashless\vendor\laravel\framework\src\Illuminate\Pipeline\Pipeline.php(103): Illuminate\Pipeline\Pipeline->Illuminate\Pipeline\{closure}(Object(Illuminate\Http\Request))
#27 C:\xampp\htdocs\cashless\vendor\laravel\framework\src\Illuminate\Routing\Router.php(687): Illuminate\Pipeline\Pipeline->then(Object(Closure))
#28 C:\xampp\htdocs\cashless\vendor\laravel\framework\src\Illuminate\Routing\Router.php(662): Illuminate\Routing\Router->runRouteWithinStack(Object(Illuminate\Routing\Route), Object(Illuminate\Http\Request))
#29 C:\xampp\htdocs\cashless\vendor\laravel\framework\src\Illuminate\Routing\Router.php(628): Illuminate\Routing\Router->runRoute(Object(Illuminate\Http\Request), Object(Illuminate\Routing\Route))
#30 C:\xampp\htdocs\cashless\vendor\laravel\framework\src\Illuminate\Routing\Router.php(617): Illuminate\Routing\Router->dispatchToRoute(Object(Illuminate\Http\Request))
#31 C:\xampp\htdocs\cashless\vendor\laravel\framework\src\Illuminate\Foundation\Http\Kernel.php(165): Illuminate\Routing\Router->dispatch(Object(Illuminate\Http\Request))
#32 C:\xampp\htdocs\cashless\vendor\laravel\framework\src\Illuminate\Pipeline\Pipeline.php(128): Illuminate\Foundation\Http\Kernel->Illuminate\Foundation\Http\{closure}(Object(Illuminate\Http\Request))
#33 C:\xampp\htdocs\cashless\vendor\fideloper\proxy\src\TrustProxies.php(57): Illuminate\Pipeline\Pipeline->Illuminate\Pipeline\{closure}(Object(Illuminate\Http\Request))
#34 C:\xampp\htdocs\cashless\vendor\laravel\framework\src\Illuminate\Pipeline\Pipeline.php(167): Fideloper\Proxy\TrustProxies->handle(Object(Illuminate\Http\Request), Object(Closure))
#35 C:\xampp\htdocs\cashless\vendor\laravel\framework\src\Illuminate\Foundation\Http\Middleware\TransformsRequest.php(21): Illuminate\Pipeline\Pipeline->Illuminate\Pipeline\{closure}(Object(Illuminate\Http\Request))
#36 C:\xampp\htdocs\cashless\vendor\laravel\framework\src\Illuminate\Pipeline\Pipeline.php(167): Illuminate\Foundation\Http\Middleware\TransformsRequest->handle(Object(Illuminate\Http\Request), Object(Closure))
#37 C:\xampp\htdocs\cashless\vendor\laravel\framework\src\Illuminate\Foundation\Http\Middleware\TransformsRequest.php(21): Illuminate\Pipeline\Pipeline->Illuminate\Pipeline\{closure}(Object(Illuminate\Http\Request))
#38 C:\xampp\htdocs\cashless\vendor\laravel\framework\src\Illuminate\Pipeline\Pipeline.php(167): Illuminate\Foundation\Http\Middleware\TransformsRequest->handle(Object(Illuminate\Http\Request), Object(Closure))
#39 C:\xampp\htdocs\cashless\vendor\laravel\framework\src\Illuminate\Foundation\Http\Middleware\ValidatePostSize.php(27): Illuminate\Pipeline\Pipeline->Illuminate\Pipeline\{closure}(Object(Illuminate\Http\Request))
#40 C:\xampp\htdocs\cashless\vendor\laravel\framework\src\Illuminate\Pipeline\Pipeline.php(167): Illuminate\Foundation\Http\Middleware\ValidatePostSize->handle(Object(Illuminate\Http\Request), Object(Closure))
#41 C:\xampp\htdocs\cashless\vendor\laravel\framework\src\Illuminate\Foundation\Http\Middleware\CheckForMaintenanceMode.php(63): Illuminate\Pipeline\Pipeline->Illuminate\Pipeline\{closure}(Object(Illuminate\Http\Request))
#42 C:\xampp\htdocs\cashless\vendor\laravel\framework\src\Illuminate\Pipeline\Pipeline.php(167): Illuminate\Foundation\Http\Middleware\CheckForMaintenanceMode->handle(Object(Illuminate\Http\Request), Object(Closure))
#43 C:\xampp\htdocs\cashless\vendor\laravel\framework\src\Illuminate\Pipeline\Pipeline.php(103): Illuminate\Pipeline\Pipeline->Illuminate\Pipeline\{closure}(Object(Illuminate\Http\Request))
#44 C:\xampp\htdocs\cashless\vendor\laravel\framework\src\Illuminate\Foundation\Http\Kernel.php(140): Illuminate\Pipeline\Pipeline->then(Object(Closure))
#45 C:\xampp\htdocs\cashless\vendor\laravel\framework\src\Illuminate\Foundation\Http\Kernel.php(109): Illuminate\Foundation\Http\Kernel->sendRequestThroughRouter(Object(Illuminate\Http\Request))
#46 C:\xampp\htdocs\cashless\public\index.php(55): Illuminate\Foundation\Http\Kernel->handle(Object(Illuminate\Http\Request))
#47 C:\xampp\htdocs\cashless\index.php(21): require_once('C:\\xampp\\htdocs...')
#48 {main}  
[2021-03-11 21:45:37] local.ERROR: Request body  {"account":"22500100345","reference":"T20031121453640040040","amount":"200.00","transdate":"2021-03-11T21:45:36Z","transid":57,"checksum":"vWcnPhVuXAoVOnzI0lZjEWvNoL4rdPCsQxiA2P0K+RU="}  
[2021-03-11 21:45:39] local.ERROR: PUSH-ERROR Object of class stdClass could not be converted to string  
[2021-03-11 21:45:39] local.ERROR: PUSH-ERROR-LINE502  
[2021-03-11 21:45:39] local.ERROR: PUSH-ERROR-LINE#0 C:\xampp\htdocs\cashless\vendor\laravel\framework\src\Illuminate\Log\Logger.php(174): Monolog\Logger->info(Object(stdClass), Array)
#1 C:\xampp\htdocs\cashless\vendor\laravel\framework\src\Illuminate\Log\Logger.php(123): Illuminate\Log\Logger->writeLog('info', Object(stdClass), Array)
#2 C:\xampp\htdocs\cashless\app\Http\Controllers\Tpesa\CashoutHelper.php(94): Illuminate\Log\Logger->info(Object(stdClass))
#3 C:\xampp\htdocs\cashless\app\Http\Controllers\Tpesa\CashOutController.php(72): App\Http\Controllers\Tpesa\CashoutHelper::process('40040040', '200.00')
#4 [internal function]: App\Http\Controllers\Tpesa\CashOutController->pay(Object(Illuminate\Http\Request))
#5 C:\xampp\htdocs\cashless\vendor\laravel\framework\src\Illuminate\Routing\Controller.php(54): call_user_func_array(Array, Array)
#6 C:\xampp\htdocs\cashless\vendor\laravel\framework\src\Illuminate\Routing\ControllerDispatcher.php(45): Illuminate\Routing\Controller->callAction('pay', Array)
#7 C:\xampp\htdocs\cashless\vendor\laravel\framework\src\Illuminate\Routing\Route.php(239): Illuminate\Routing\ControllerDispatcher->dispatch(Object(Illuminate\Routing\Route), Object(App\Http\Controllers\Tpesa\CashOutController), 'pay')
#8 C:\xampp\htdocs\cashless\vendor\laravel\framework\src\Illuminate\Routing\Route.php(196): Illuminate\Routing\Route->runController()
#9 C:\xampp\htdocs\cashless\vendor\laravel\framework\src\Illuminate\Routing\Router.php(685): Illuminate\Routing\Route->run()
#10 C:\xampp\htdocs\cashless\vendor\laravel\framework\src\Illuminate\Pipeline\Pipeline.php(128): Illuminate\Routing\Router->Illuminate\Routing\{closure}(Object(Illuminate\Http\Request))
#11 C:\xampp\htdocs\cashless\app\Http\Middleware\Localization.php(28): Illuminate\Pipeline\Pipeline->Illuminate\Pipeline\{closure}(Object(Illuminate\Http\Request))
#12 C:\xampp\htdocs\cashless\vendor\laravel\framework\src\Illuminate\Pipeline\Pipeline.php(167): App\Http\Middleware\Localization->handle(Object(Illuminate\Http\Request), Object(Closure))
#13 C:\xampp\htdocs\cashless\vendor\laravel\framework\src\Illuminate\Routing\Middleware\SubstituteBindings.php(41): Illuminate\Pipeline\Pipeline->Illuminate\Pipeline\{closure}(Object(Illuminate\Http\Request))
#14 C:\xampp\htdocs\cashless\vendor\laravel\framework\src\Illuminate\Pipeline\Pipeline.php(167): Illuminate\Routing\Middleware\SubstituteBindings->handle(Object(Illuminate\Http\Request), Object(Closure))
#15 C:\xampp\htdocs\cashless\vendor\laravel\framework\src\Illuminate\Foundation\Http\Middleware\VerifyCsrfToken.php(76): Illuminate\Pipeline\Pipeline->Illuminate\Pipeline\{closure}(Object(Illuminate\Http\Request))
#16 C:\xampp\htdocs\cashless\vendor\laravel\framework\src\Illuminate\Pipeline\Pipeline.php(167): Illuminate\Foundation\Http\Middleware\VerifyCsrfToken->handle(Object(Illuminate\Http\Request), Object(Closure))
#17 C:\xampp\htdocs\cashless\vendor\laravel\framework\src\Illuminate\View\Middleware\ShareErrorsFromSession.php(49): Illuminate\Pipeline\Pipeline->Illuminate\Pipeline\{closure}(Object(Illuminate\Http\Request))
#18 C:\xampp\htdocs\cashless\vendor\laravel\framework\src\Illuminate\Pipeline\Pipeline.php(167): Illuminate\View\Middleware\ShareErrorsFromSession->handle(Object(Illuminate\Http\Request), Object(Closure))
#19 C:\xampp\htdocs\cashless\vendor\laravel\framework\src\Illuminate\Session\Middleware\StartSession.php(116): Illuminate\Pipeline\Pipeline->Illuminate\Pipeline\{closure}(Object(Illuminate\Http\Request))
#20 C:\xampp\htdocs\cashless\vendor\laravel\framework\src\Illuminate\Session\Middleware\StartSession.php(62): Illuminate\Session\Middleware\StartSession->handleStatefulRequest(Object(Illuminate\Http\Request), Object(Illuminate\Session\Store), Object(Closure))
#21 C:\xampp\htdocs\cashless\vendor\laravel\framework\src\Illuminate\Pipeline\Pipeline.php(167): Illuminate\Session\Middleware\StartSession->handle(Object(Illuminate\Http\Request), Object(Closure))
#22 C:\xampp\htdocs\cashless\vendor\laravel\framework\src\Illuminate\Cookie\Middleware\AddQueuedCookiesToResponse.php(37): Illuminate\Pipeline\Pipeline->Illuminate\Pipeline\{closure}(Object(Illuminate\Http\Request))
#23 C:\xampp\htdocs\cashless\vendor\laravel\framework\src\Illuminate\Pipeline\Pipeline.php(167): Illuminate\Cookie\Middleware\AddQueuedCookiesToResponse->handle(Object(Illuminate\Http\Request), Object(Closure))
#24 C:\xampp\htdocs\cashless\vendor\laravel\framework\src\Illuminate\Cookie\Middleware\EncryptCookies.php(66): Illuminate\Pipeline\Pipeline->Illuminate\Pipeline\{closure}(Object(Illuminate\Http\Request))
#25 C:\xampp\htdocs\cashless\vendor\laravel\framework\src\Illuminate\Pipeline\Pipeline.php(167): Illuminate\Cookie\Middleware\EncryptCookies->handle(Object(Illuminate\Http\Request), Object(Closure))
#26 C:\xampp\htdocs\cashless\vendor\laravel\framework\src\Illuminate\Pipeline\Pipeline.php(103): Illuminate\Pipeline\Pipeline->Illuminate\Pipeline\{closure}(Object(Illuminate\Http\Request))
#27 C:\xampp\htdocs\cashless\vendor\laravel\framework\src\Illuminate\Routing\Router.php(687): Illuminate\Pipeline\Pipeline->then(Object(Closure))
#28 C:\xampp\htdocs\cashless\vendor\laravel\framework\src\Illuminate\Routing\Router.php(662): Illuminate\Routing\Router->runRouteWithinStack(Object(Illuminate\Routing\Route), Object(Illuminate\Http\Request))
#29 C:\xampp\htdocs\cashless\vendor\laravel\framework\src\Illuminate\Routing\Router.php(628): Illuminate\Routing\Router->runRoute(Object(Illuminate\Http\Request), Object(Illuminate\Routing\Route))
#30 C:\xampp\htdocs\cashless\vendor\laravel\framework\src\Illuminate\Routing\Router.php(617): Illuminate\Routing\Router->dispatchToRoute(Object(Illuminate\Http\Request))
#31 C:\xampp\htdocs\cashless\vendor\laravel\framework\src\Illuminate\Foundation\Http\Kernel.php(165): Illuminate\Routing\Router->dispatch(Object(Illuminate\Http\Request))
#32 C:\xampp\htdocs\cashless\vendor\laravel\framework\src\Illuminate\Pipeline\Pipeline.php(128): Illuminate\Foundation\Http\Kernel->Illuminate\Foundation\Http\{closure}(Object(Illuminate\Http\Request))
#33 C:\xampp\htdocs\cashless\vendor\fideloper\proxy\src\TrustProxies.php(57): Illuminate\Pipeline\Pipeline->Illuminate\Pipeline\{closure}(Object(Illuminate\Http\Request))
#34 C:\xampp\htdocs\cashless\vendor\laravel\framework\src\Illuminate\Pipeline\Pipeline.php(167): Fideloper\Proxy\TrustProxies->handle(Object(Illuminate\Http\Request), Object(Closure))
#35 C:\xampp\htdocs\cashless\vendor\laravel\framework\src\Illuminate\Foundation\Http\Middleware\TransformsRequest.php(21): Illuminate\Pipeline\Pipeline->Illuminate\Pipeline\{closure}(Object(Illuminate\Http\Request))
#36 C:\xampp\htdocs\cashless\vendor\laravel\framework\src\Illuminate\Pipeline\Pipeline.php(167): Illuminate\Foundation\Http\Middleware\TransformsRequest->handle(Object(Illuminate\Http\Request), Object(Closure))
#37 C:\xampp\htdocs\cashless\vendor\laravel\framework\src\Illuminate\Foundation\Http\Middleware\TransformsRequest.php(21): Illuminate\Pipeline\Pipeline->Illuminate\Pipeline\{closure}(Object(Illuminate\Http\Request))
#38 C:\xampp\htdocs\cashless\vendor\laravel\framework\src\Illuminate\Pipeline\Pipeline.php(167): Illuminate\Foundation\Http\Middleware\TransformsRequest->handle(Object(Illuminate\Http\Request), Object(Closure))
#39 C:\xampp\htdocs\cashless\vendor\laravel\framework\src\Illuminate\Foundation\Http\Middleware\ValidatePostSize.php(27): Illuminate\Pipeline\Pipeline->Illuminate\Pipeline\{closure}(Object(Illuminate\Http\Request))
#40 C:\xampp\htdocs\cashless\vendor\laravel\framework\src\Illuminate\Pipeline\Pipeline.php(167): Illuminate\Foundation\Http\Middleware\ValidatePostSize->handle(Object(Illuminate\Http\Request), Object(Closure))
#41 C:\xampp\htdocs\cashless\vendor\laravel\framework\src\Illuminate\Foundation\Http\Middleware\CheckForMaintenanceMode.php(63): Illuminate\Pipeline\Pipeline->Illuminate\Pipeline\{closure}(Object(Illuminate\Http\Request))
#42 C:\xampp\htdocs\cashless\vendor\laravel\framework\src\Illuminate\Pipeline\Pipeline.php(167): Illuminate\Foundation\Http\Middleware\CheckForMaintenanceMode->handle(Object(Illuminate\Http\Request), Object(Closure))
#43 C:\xampp\htdocs\cashless\vendor\laravel\framework\src\Illuminate\Pipeline\Pipeline.php(103): Illuminate\Pipeline\Pipeline->Illuminate\Pipeline\{closure}(Object(Illuminate\Http\Request))
#44 C:\xampp\htdocs\cashless\vendor\laravel\framework\src\Illuminate\Foundation\Http\Kernel.php(140): Illuminate\Pipeline\Pipeline->then(Object(Closure))
#45 C:\xampp\htdocs\cashless\vendor\laravel\framework\src\Illuminate\Foundation\Http\Kernel.php(109): Illuminate\Foundation\Http\Kernel->sendRequestThroughRouter(Object(Illuminate\Http\Request))
#46 C:\xampp\htdocs\cashless\public\index.php(55): Illuminate\Foundation\Http\Kernel->handle(Object(Illuminate\Http\Request))
#47 C:\xampp\htdocs\cashless\index.php(21): require_once('C:\\xampp\\htdocs...')
#48 {main}  
[2021-03-11 21:46:02] local.ERROR: Request body  {"account":"22500100345","reference":"T20031121460240040040","amount":"200.00","transdate":"2021-03-11T21:46:02Z","transid":58,"checksum":"4iN+net85A9wyAUrt5H0FZiTS+zLDS9p+tNqo4LhZYQ="}  
[2021-03-11 21:48:20] local.ERROR: Request body  {"account":"22500100345","reference":"T20031121481940040040","amount":"200.00","transdate":"2021-03-11T21:48:19Z","transid":59,"checksum":"LzfJywLMztIOWT5hqyYoo2ElZlUKLVT4\/3RoX2bAlZU="}  
[2021-03-11 21:48:23] local.INFO: {"message":"Insufficient Funds","resultcode":"010","result":{"amount":"200.00","account":"22500100345","transid":"59","reference":"T20031121481940040040","rspid":"105257050"},"errorCode":"7012"}  
[2021-03-11 21:48:23] local.ERROR: PUSH-ERROR Object of class stdClass could not be converted to string  
[2021-03-11 21:48:23] local.ERROR: PUSH-ERROR-LINE582  
[2021-03-11 21:48:23] local.ERROR: PUSH-ERROR-LINE#0 C:\xampp\htdocs\cashless\vendor\laravel\framework\src\Illuminate\Database\Connection.php(582): PDOStatement->bindValue(3, Object(stdClass), 2)
#1 C:\xampp\htdocs\cashless\vendor\laravel\framework\src\Illuminate\Database\Connection.php(487): Illuminate\Database\Connection->bindValues(Object(PDOStatement), Array)
#2 C:\xampp\htdocs\cashless\vendor\laravel\framework\src\Illuminate\Database\Connection.php(664): Illuminate\Database\Connection->Illuminate\Database\{closure}('update `tpesa_r...', Array)
#3 C:\xampp\htdocs\cashless\vendor\laravel\framework\src\Illuminate\Database\Connection.php(631): Illuminate\Database\Connection->runQueryCallback('update `tpesa_r...', Array, Object(Closure))
#4 C:\xampp\htdocs\cashless\vendor\laravel\framework\src\Illuminate\Database\Connection.php(496): Illuminate\Database\Connection->run('update `tpesa_r...', Array, Object(Closure))
#5 C:\xampp\htdocs\cashless\vendor\laravel\framework\src\Illuminate\Database\Connection.php(429): Illuminate\Database\Connection->affectingStatement('update `tpesa_r...', Array)
#6 C:\xampp\htdocs\cashless\vendor\laravel\framework\src\Illuminate\Database\Query\Builder.php(2803): Illuminate\Database\Connection->update('update `tpesa_r...', Array)
#7 C:\xampp\htdocs\cashless\vendor\laravel\framework\src\Illuminate\Database\Eloquent\Builder.php(792): Illuminate\Database\Query\Builder->update(Array)
#8 C:\xampp\htdocs\cashless\vendor\laravel\framework\src\Illuminate\Database\Eloquent\Model.php(806): Illuminate\Database\Eloquent\Builder->update(Array)
#9 C:\xampp\htdocs\cashless\vendor\laravel\framework\src\Illuminate\Database\Eloquent\Model.php(721): Illuminate\Database\Eloquent\Model->performUpdate(Object(Illuminate\Database\Eloquent\Builder))
#10 C:\xampp\htdocs\cashless\app\Http\Controllers\Tpesa\CashoutHelper.php(106): Illuminate\Database\Eloquent\Model->save()
#11 C:\xampp\htdocs\cashless\app\Http\Controllers\Tpesa\CashOutController.php(72): App\Http\Controllers\Tpesa\CashoutHelper::process('40040040', '200.00')
#12 [internal function]: App\Http\Controllers\Tpesa\CashOutController->pay(Object(Illuminate\Http\Request))
#13 C:\xampp\htdocs\cashless\vendor\laravel\framework\src\Illuminate\Routing\Controller.php(54): call_user_func_array(Array, Array)
#14 C:\xampp\htdocs\cashless\vendor\laravel\framework\src\Illuminate\Routing\ControllerDispatcher.php(45): Illuminate\Routing\Controller->callAction('pay', Array)
#15 C:\xampp\htdocs\cashless\vendor\laravel\framework\src\Illuminate\Routing\Route.php(239): Illuminate\Routing\ControllerDispatcher->dispatch(Object(Illuminate\Routing\Route), Object(App\Http\Controllers\Tpesa\CashOutController), 'pay')
#16 C:\xampp\htdocs\cashless\vendor\laravel\framework\src\Illuminate\Routing\Route.php(196): Illuminate\Routing\Route->runController()
#17 C:\xampp\htdocs\cashless\vendor\laravel\framework\src\Illuminate\Routing\Router.php(685): Illuminate\Routing\Route->run()
#18 C:\xampp\htdocs\cashless\vendor\laravel\framework\src\Illuminate\Pipeline\Pipeline.php(128): Illuminate\Routing\Router->Illuminate\Routing\{closure}(Object(Illuminate\Http\Request))
#19 C:\xampp\htdocs\cashless\app\Http\Middleware\Localization.php(28): Illuminate\Pipeline\Pipeline->Illuminate\Pipeline\{closure}(Object(Illuminate\Http\Request))
#20 C:\xampp\htdocs\cashless\vendor\laravel\framework\src\Illuminate\Pipeline\Pipeline.php(167): App\Http\Middleware\Localization->handle(Object(Illuminate\Http\Request), Object(Closure))
#21 C:\xampp\htdocs\cashless\vendor\laravel\framework\src\Illuminate\Routing\Middleware\SubstituteBindings.php(41): Illuminate\Pipeline\Pipeline->Illuminate\Pipeline\{closure}(Object(Illuminate\Http\Request))
#22 C:\xampp\htdocs\cashless\vendor\laravel\framework\src\Illuminate\Pipeline\Pipeline.php(167): Illuminate\Routing\Middleware\SubstituteBindings->handle(Object(Illuminate\Http\Request), Object(Closure))
#23 C:\xampp\htdocs\cashless\vendor\laravel\framework\src\Illuminate\Foundation\Http\Middleware\VerifyCsrfToken.php(76): Illuminate\Pipeline\Pipeline->Illuminate\Pipeline\{closure}(Object(Illuminate\Http\Request))
#24 C:\xampp\htdocs\cashless\vendor\laravel\framework\src\Illuminate\Pipeline\Pipeline.php(167): Illuminate\Foundation\Http\Middleware\VerifyCsrfToken->handle(Object(Illuminate\Http\Request), Object(Closure))
#25 C:\xampp\htdocs\cashless\vendor\laravel\framework\src\Illuminate\View\Middleware\ShareErrorsFromSession.php(49): Illuminate\Pipeline\Pipeline->Illuminate\Pipeline\{closure}(Object(Illuminate\Http\Request))
#26 C:\xampp\htdocs\cashless\vendor\laravel\framework\src\Illuminate\Pipeline\Pipeline.php(167): Illuminate\View\Middleware\ShareErrorsFromSession->handle(Object(Illuminate\Http\Request), Object(Closure))
#27 C:\xampp\htdocs\cashless\vendor\laravel\framework\src\Illuminate\Session\Middleware\StartSession.php(116): Illuminate\Pipeline\Pipeline->Illuminate\Pipeline\{closure}(Object(Illuminate\Http\Request))
#28 C:\xampp\htdocs\cashless\vendor\laravel\framework\src\Illuminate\Session\Middleware\StartSession.php(62): Illuminate\Session\Middleware\StartSession->handleStatefulRequest(Object(Illuminate\Http\Request), Object(Illuminate\Session\Store), Object(Closure))
#29 C:\xampp\htdocs\cashless\vendor\laravel\framework\src\Illuminate\Pipeline\Pipeline.php(167): Illuminate\Session\Middleware\StartSession->handle(Object(Illuminate\Http\Request), Object(Closure))
#30 C:\xampp\htdocs\cashless\vendor\laravel\framework\src\Illuminate\Cookie\Middleware\AddQueuedCookiesToResponse.php(37): Illuminate\Pipeline\Pipeline->Illuminate\Pipeline\{closure}(Object(Illuminate\Http\Request))
#31 C:\xampp\htdocs\cashless\vendor\laravel\framework\src\Illuminate\Pipeline\Pipeline.php(167): Illuminate\Cookie\Middleware\AddQueuedCookiesToResponse->handle(Object(Illuminate\Http\Request), Object(Closure))
#32 C:\xampp\htdocs\cashless\vendor\laravel\framework\src\Illuminate\Cookie\Middleware\EncryptCookies.php(66): Illuminate\Pipeline\Pipeline->Illuminate\Pipeline\{closure}(Object(Illuminate\Http\Request))
#33 C:\xampp\htdocs\cashless\vendor\laravel\framework\src\Illuminate\Pipeline\Pipeline.php(167): Illuminate\Cookie\Middleware\EncryptCookies->handle(Object(Illuminate\Http\Request), Object(Closure))
#34 C:\xampp\htdocs\cashless\vendor\laravel\framework\src\Illuminate\Pipeline\Pipeline.php(103): Illuminate\Pipeline\Pipeline->Illuminate\Pipeline\{closure}(Object(Illuminate\Http\Request))
#35 C:\xampp\htdocs\cashless\vendor\laravel\framework\src\Illuminate\Routing\Router.php(687): Illuminate\Pipeline\Pipeline->then(Object(Closure))
#36 C:\xampp\htdocs\cashless\vendor\laravel\framework\src\Illuminate\Routing\Router.php(662): Illuminate\Routing\Router->runRouteWithinStack(Object(Illuminate\Routing\Route), Object(Illuminate\Http\Request))
#37 C:\xampp\htdocs\cashless\vendor\laravel\framework\src\Illuminate\Routing\Router.php(628): Illuminate\Routing\Router->runRoute(Object(Illuminate\Http\Request), Object(Illuminate\Routing\Route))
#38 C:\xampp\htdocs\cashless\vendor\laravel\framework\src\Illuminate\Routing\Router.php(617): Illuminate\Routing\Router->dispatchToRoute(Object(Illuminate\Http\Request))
#39 C:\xampp\htdocs\cashless\vendor\laravel\framework\src\Illuminate\Foundation\Http\Kernel.php(165): Illuminate\Routing\Router->dispatch(Object(Illuminate\Http\Request))
#40 C:\xampp\htdocs\cashless\vendor\laravel\framework\src\Illuminate\Pipeline\Pipeline.php(128): Illuminate\Foundation\Http\Kernel->Illuminate\Foundation\Http\{closure}(Object(Illuminate\Http\Request))
#41 C:\xampp\htdocs\cashless\vendor\fideloper\proxy\src\TrustProxies.php(57): Illuminate\Pipeline\Pipeline->Illuminate\Pipeline\{closure}(Object(Illuminate\Http\Request))
#42 C:\xampp\htdocs\cashless\vendor\laravel\framework\src\Illuminate\Pipeline\Pipeline.php(167): Fideloper\Proxy\TrustProxies->handle(Object(Illuminate\Http\Request), Object(Closure))
#43 C:\xampp\htdocs\cashless\vendor\laravel\framework\src\Illuminate\Foundation\Http\Middleware\TransformsRequest.php(21): Illuminate\Pipeline\Pipeline->Illuminate\Pipeline\{closure}(Object(Illuminate\Http\Request))
#44 C:\xampp\htdocs\cashless\vendor\laravel\framework\src\Illuminate\Pipeline\Pipeline.php(167): Illuminate\Foundation\Http\Middleware\TransformsRequest->handle(Object(Illuminate\Http\Request), Object(Closure))
#45 C:\xampp\htdocs\cashless\vendor\laravel\framework\src\Illuminate\Foundation\Http\Middleware\TransformsRequest.php(21): Illuminate\Pipeline\Pipeline->Illuminate\Pipeline\{closure}(Object(Illuminate\Http\Request))
#46 C:\xampp\htdocs\cashless\vendor\laravel\framework\src\Illuminate\Pipeline\Pipeline.php(167): Illuminate\Foundation\Http\Middleware\TransformsRequest->handle(Object(Illuminate\Http\Request), Object(Closure))
#47 C:\xampp\htdocs\cashless\vendor\laravel\framework\src\Illuminate\Foundation\Http\Middleware\ValidatePostSize.php(27): Illuminate\Pipeline\Pipeline->Illuminate\Pipeline\{closure}(Object(Illuminate\Http\Request))
#48 C:\xampp\htdocs\cashless\vendor\laravel\framework\src\Illuminate\Pipeline\Pipeline.php(167): Illuminate\Foundation\Http\Middleware\ValidatePostSize->handle(Object(Illuminate\Http\Request), Object(Closure))
#49 C:\xampp\htdocs\cashless\vendor\laravel\framework\src\Illuminate\Foundation\Http\Middleware\CheckForMaintenanceMode.php(63): Illuminate\Pipeline\Pipeline->Illuminate\Pipeline\{closure}(Object(Illuminate\Http\Request))
#50 C:\xampp\htdocs\cashless\vendor\laravel\framework\src\Illuminate\Pipeline\Pipeline.php(167): Illuminate\Foundation\Http\Middleware\CheckForMaintenanceMode->handle(Object(Illuminate\Http\Request), Object(Closure))
#51 C:\xampp\htdocs\cashless\vendor\laravel\framework\src\Illuminate\Pipeline\Pipeline.php(103): Illuminate\Pipeline\Pipeline->Illuminate\Pipeline\{closure}(Object(Illuminate\Http\Request))
#52 C:\xampp\htdocs\cashless\vendor\laravel\framework\src\Illuminate\Foundation\Http\Kernel.php(140): Illuminate\Pipeline\Pipeline->then(Object(Closure))
#53 C:\xampp\htdocs\cashless\vendor\laravel\framework\src\Illuminate\Foundation\Http\Kernel.php(109): Illuminate\Foundation\Http\Kernel->sendRequestThroughRouter(Object(Illuminate\Http\Request))
#54 C:\xampp\htdocs\cashless\public\index.php(55): Illuminate\Foundation\Http\Kernel->handle(Object(Illuminate\Http\Request))
#55 C:\xampp\htdocs\cashless\index.php(21): require_once('C:\\xampp\\htdocs...')
#56 {main}  
[2021-03-11 21:50:22] local.ERROR: Request body  {"account":"22500100345","reference":"T20031121502140040040","amount":"200.00","transdate":"2021-03-11T21:50:21Z","transid":60,"checksum":"6PIs4FpkG8hVivnQHn54LmONXvJSbzwXfWXT2buXBdE="}  
[2021-03-11 21:50:24] local.INFO: RESPONSE = {"message":"Insufficient Funds","resultcode":"010","result":{"amount":"200.00","account":"22500100345","transid":"60","reference":"T20031121502140040040","rspid":"105257601"},"errorCode":"7012"}  
[2021-03-11 21:50:24] local.ERROR: PUSH-ERROR Object of class stdClass could not be converted to string  
[2021-03-11 21:50:24] local.ERROR: PUSH-ERROR-LINE582  
[2021-03-11 21:50:24] local.ERROR: PUSH-ERROR-LINE#0 C:\xampp\htdocs\cashless\vendor\laravel\framework\src\Illuminate\Database\Connection.php(582): PDOStatement->bindValue(3, Object(stdClass), 2)
#1 C:\xampp\htdocs\cashless\vendor\laravel\framework\src\Illuminate\Database\Connection.php(487): Illuminate\Database\Connection->bindValues(Object(PDOStatement), Array)
#2 C:\xampp\htdocs\cashless\vendor\laravel\framework\src\Illuminate\Database\Connection.php(664): Illuminate\Database\Connection->Illuminate\Database\{closure}('update `tpesa_r...', Array)
#3 C:\xampp\htdocs\cashless\vendor\laravel\framework\src\Illuminate\Database\Connection.php(631): Illuminate\Database\Connection->runQueryCallback('update `tpesa_r...', Array, Object(Closure))
#4 C:\xampp\htdocs\cashless\vendor\laravel\framework\src\Illuminate\Database\Connection.php(496): Illuminate\Database\Connection->run('update `tpesa_r...', Array, Object(Closure))
#5 C:\xampp\htdocs\cashless\vendor\laravel\framework\src\Illuminate\Database\Connection.php(429): Illuminate\Database\Connection->affectingStatement('update `tpesa_r...', Array)
#6 C:\xampp\htdocs\cashless\vendor\laravel\framework\src\Illuminate\Database\Query\Builder.php(2803): Illuminate\Database\Connection->update('update `tpesa_r...', Array)
#7 C:\xampp\htdocs\cashless\vendor\laravel\framework\src\Illuminate\Database\Eloquent\Builder.php(792): Illuminate\Database\Query\Builder->update(Array)
#8 C:\xampp\htdocs\cashless\vendor\laravel\framework\src\Illuminate\Database\Eloquent\Model.php(806): Illuminate\Database\Eloquent\Builder->update(Array)
#9 C:\xampp\htdocs\cashless\vendor\laravel\framework\src\Illuminate\Database\Eloquent\Model.php(721): Illuminate\Database\Eloquent\Model->performUpdate(Object(Illuminate\Database\Eloquent\Builder))
#10 C:\xampp\htdocs\cashless\app\Http\Controllers\Tpesa\CashoutHelper.php(106): Illuminate\Database\Eloquent\Model->save()
#11 C:\xampp\htdocs\cashless\app\Http\Controllers\Tpesa\CashOutController.php(72): App\Http\Controllers\Tpesa\CashoutHelper::process('40040040', '200.00')
#12 [internal function]: App\Http\Controllers\Tpesa\CashOutController->pay(Object(Illuminate\Http\Request))
#13 C:\xampp\htdocs\cashless\vendor\laravel\framework\src\Illuminate\Routing\Controller.php(54): call_user_func_array(Array, Array)
#14 C:\xampp\htdocs\cashless\vendor\laravel\framework\src\Illuminate\Routing\ControllerDispatcher.php(45): Illuminate\Routing\Controller->callAction('pay', Array)
#15 C:\xampp\htdocs\cashless\vendor\laravel\framework\src\Illuminate\Routing\Route.php(239): Illuminate\Routing\ControllerDispatcher->dispatch(Object(Illuminate\Routing\Route), Object(App\Http\Controllers\Tpesa\CashOutController), 'pay')
#16 C:\xampp\htdocs\cashless\vendor\laravel\framework\src\Illuminate\Routing\Route.php(196): Illuminate\Routing\Route->runController()
#17 C:\xampp\htdocs\cashless\vendor\laravel\framework\src\Illuminate\Routing\Router.php(685): Illuminate\Routing\Route->run()
#18 C:\xampp\htdocs\cashless\vendor\laravel\framework\src\Illuminate\Pipeline\Pipeline.php(128): Illuminate\Routing\Router->Illuminate\Routing\{closure}(Object(Illuminate\Http\Request))
#19 C:\xampp\htdocs\cashless\app\Http\Middleware\Localization.php(28): Illuminate\Pipeline\Pipeline->Illuminate\Pipeline\{closure}(Object(Illuminate\Http\Request))
#20 C:\xampp\htdocs\cashless\vendor\laravel\framework\src\Illuminate\Pipeline\Pipeline.php(167): App\Http\Middleware\Localization->handle(Object(Illuminate\Http\Request), Object(Closure))
#21 C:\xampp\htdocs\cashless\vendor\laravel\framework\src\Illuminate\Routing\Middleware\SubstituteBindings.php(41): Illuminate\Pipeline\Pipeline->Illuminate\Pipeline\{closure}(Object(Illuminate\Http\Request))
#22 C:\xampp\htdocs\cashless\vendor\laravel\framework\src\Illuminate\Pipeline\Pipeline.php(167): Illuminate\Routing\Middleware\SubstituteBindings->handle(Object(Illuminate\Http\Request), Object(Closure))
#23 C:\xampp\htdocs\cashless\vendor\laravel\framework\src\Illuminate\Foundation\Http\Middleware\VerifyCsrfToken.php(76): Illuminate\Pipeline\Pipeline->Illuminate\Pipeline\{closure}(Object(Illuminate\Http\Request))
#24 C:\xampp\htdocs\cashless\vendor\laravel\framework\src\Illuminate\Pipeline\Pipeline.php(167): Illuminate\Foundation\Http\Middleware\VerifyCsrfToken->handle(Object(Illuminate\Http\Request), Object(Closure))
#25 C:\xampp\htdocs\cashless\vendor\laravel\framework\src\Illuminate\View\Middleware\ShareErrorsFromSession.php(49): Illuminate\Pipeline\Pipeline->Illuminate\Pipeline\{closure}(Object(Illuminate\Http\Request))
#26 C:\xampp\htdocs\cashless\vendor\laravel\framework\src\Illuminate\Pipeline\Pipeline.php(167): Illuminate\View\Middleware\ShareErrorsFromSession->handle(Object(Illuminate\Http\Request), Object(Closure))
#27 C:\xampp\htdocs\cashless\vendor\laravel\framework\src\Illuminate\Session\Middleware\StartSession.php(116): Illuminate\Pipeline\Pipeline->Illuminate\Pipeline\{closure}(Object(Illuminate\Http\Request))
#28 C:\xampp\htdocs\cashless\vendor\laravel\framework\src\Illuminate\Session\Middleware\StartSession.php(62): Illuminate\Session\Middleware\StartSession->handleStatefulRequest(Object(Illuminate\Http\Request), Object(Illuminate\Session\Store), Object(Closure))
#29 C:\xampp\htdocs\cashless\vendor\laravel\framework\src\Illuminate\Pipeline\Pipeline.php(167): Illuminate\Session\Middleware\StartSession->handle(Object(Illuminate\Http\Request), Object(Closure))
#30 C:\xampp\htdocs\cashless\vendor\laravel\framework\src\Illuminate\Cookie\Middleware\AddQueuedCookiesToResponse.php(37): Illuminate\Pipeline\Pipeline->Illuminate\Pipeline\{closure}(Object(Illuminate\Http\Request))
#31 C:\xampp\htdocs\cashless\vendor\laravel\framework\src\Illuminate\Pipeline\Pipeline.php(167): Illuminate\Cookie\Middleware\AddQueuedCookiesToResponse->handle(Object(Illuminate\Http\Request), Object(Closure))
#32 C:\xampp\htdocs\cashless\vendor\laravel\framework\src\Illuminate\Cookie\Middleware\EncryptCookies.php(66): Illuminate\Pipeline\Pipeline->Illuminate\Pipeline\{closure}(Object(Illuminate\Http\Request))
#33 C:\xampp\htdocs\cashless\vendor\laravel\framework\src\Illuminate\Pipeline\Pipeline.php(167): Illuminate\Cookie\Middleware\EncryptCookies->handle(Object(Illuminate\Http\Request), Object(Closure))
#34 C:\xampp\htdocs\cashless\vendor\laravel\framework\src\Illuminate\Pipeline\Pipeline.php(103): Illuminate\Pipeline\Pipeline->Illuminate\Pipeline\{closure}(Object(Illuminate\Http\Request))
#35 C:\xampp\htdocs\cashless\vendor\laravel\framework\src\Illuminate\Routing\Router.php(687): Illuminate\Pipeline\Pipeline->then(Object(Closure))
#36 C:\xampp\htdocs\cashless\vendor\laravel\framework\src\Illuminate\Routing\Router.php(662): Illuminate\Routing\Router->runRouteWithinStack(Object(Illuminate\Routing\Route), Object(Illuminate\Http\Request))
#37 C:\xampp\htdocs\cashless\vendor\laravel\framework\src\Illuminate\Routing\Router.php(628): Illuminate\Routing\Router->runRoute(Object(Illuminate\Http\Request), Object(Illuminate\Routing\Route))
#38 C:\xampp\htdocs\cashless\vendor\laravel\framework\src\Illuminate\Routing\Router.php(617): Illuminate\Routing\Router->dispatchToRoute(Object(Illuminate\Http\Request))
#39 C:\xampp\htdocs\cashless\vendor\laravel\framework\src\Illuminate\Foundation\Http\Kernel.php(165): Illuminate\Routing\Router->dispatch(Object(Illuminate\Http\Request))
#40 C:\xampp\htdocs\cashless\vendor\laravel\framework\src\Illuminate\Pipeline\Pipeline.php(128): Illuminate\Foundation\Http\Kernel->Illuminate\Foundation\Http\{closure}(Object(Illuminate\Http\Request))
#41 C:\xampp\htdocs\cashless\vendor\fideloper\proxy\src\TrustProxies.php(57): Illuminate\Pipeline\Pipeline->Illuminate\Pipeline\{closure}(Object(Illuminate\Http\Request))
#42 C:\xampp\htdocs\cashless\vendor\laravel\framework\src\Illuminate\Pipeline\Pipeline.php(167): Fideloper\Proxy\TrustProxies->handle(Object(Illuminate\Http\Request), Object(Closure))
#43 C:\xampp\htdocs\cashless\vendor\laravel\framework\src\Illuminate\Foundation\Http\Middleware\TransformsRequest.php(21): Illuminate\Pipeline\Pipeline->Illuminate\Pipeline\{closure}(Object(Illuminate\Http\Request))
#44 C:\xampp\htdocs\cashless\vendor\laravel\framework\src\Illuminate\Pipeline\Pipeline.php(167): Illuminate\Foundation\Http\Middleware\TransformsRequest->handle(Object(Illuminate\Http\Request), Object(Closure))
#45 C:\xampp\htdocs\cashless\vendor\laravel\framework\src\Illuminate\Foundation\Http\Middleware\TransformsRequest.php(21): Illuminate\Pipeline\Pipeline->Illuminate\Pipeline\{closure}(Object(Illuminate\Http\Request))
#46 C:\xampp\htdocs\cashless\vendor\laravel\framework\src\Illuminate\Pipeline\Pipeline.php(167): Illuminate\Foundation\Http\Middleware\TransformsRequest->handle(Object(Illuminate\Http\Request), Object(Closure))
#47 C:\xampp\htdocs\cashless\vendor\laravel\framework\src\Illuminate\Foundation\Http\Middleware\ValidatePostSize.php(27): Illuminate\Pipeline\Pipeline->Illuminate\Pipeline\{closure}(Object(Illuminate\Http\Request))
#48 C:\xampp\htdocs\cashless\vendor\laravel\framework\src\Illuminate\Pipeline\Pipeline.php(167): Illuminate\Foundation\Http\Middleware\ValidatePostSize->handle(Object(Illuminate\Http\Request), Object(Closure))
#49 C:\xampp\htdocs\cashless\vendor\laravel\framework\src\Illuminate\Foundation\Http\Middleware\CheckForMaintenanceMode.php(63): Illuminate\Pipeline\Pipeline->Illuminate\Pipeline\{closure}(Object(Illuminate\Http\Request))
#50 C:\xampp\htdocs\cashless\vendor\laravel\framework\src\Illuminate\Pipeline\Pipeline.php(167): Illuminate\Foundation\Http\Middleware\CheckForMaintenanceMode->handle(Object(Illuminate\Http\Request), Object(Closure))
#51 C:\xampp\htdocs\cashless\vendor\laravel\framework\src\Illuminate\Pipeline\Pipeline.php(103): Illuminate\Pipeline\Pipeline->Illuminate\Pipeline\{closure}(Object(Illuminate\Http\Request))
#52 C:\xampp\htdocs\cashless\vendor\laravel\framework\src\Illuminate\Foundation\Http\Kernel.php(140): Illuminate\Pipeline\Pipeline->then(Object(Closure))
#53 C:\xampp\htdocs\cashless\vendor\laravel\framework\src\Illuminate\Foundation\Http\Kernel.php(109): Illuminate\Foundation\Http\Kernel->sendRequestThroughRouter(Object(Illuminate\Http\Request))
#54 C:\xampp\htdocs\cashless\public\index.php(55): Illuminate\Foundation\Http\Kernel->handle(Object(Illuminate\Http\Request))
#55 C:\xampp\htdocs\cashless\index.php(21): require_once('C:\\xampp\\htdocs...')
#56 {main}  
[2021-03-11 21:51:01] local.ERROR: Request body  {"account":"22500100345","reference":"T20031121510140040040","amount":"200.00","transdate":"2021-03-11T21:51:01Z","transid":61,"checksum":"FBw+xt+AiI1HOCVe0JuMn4iIlQfaogp092M0Qs1\/d9M="}  
[2021-03-11 21:51:04] local.INFO: RESPONSE = {"message":"Insufficient Funds","resultcode":"010","result":{"amount":"200.00","account":"22500100345","transid":"61","reference":"T20031121510140040040","rspid":"105257774"},"errorCode":"7012"}  
[2021-03-11 21:51:16] local.ERROR: Request body  {"account":"22500100345","reference":"T20031121511540040040","amount":"200.00","transdate":"2021-03-11T21:51:15Z","transid":62,"checksum":"G1rYkDYGSuPxVt3J+f3\/kFgenksedCcnjQZozcuwPoQ="}  
[2021-03-11 21:51:18] local.INFO: RESPONSE = {"message":"Insufficient Funds","resultcode":"010","result":{"amount":"200.00","account":"22500100345","transid":"62","reference":"T20031121511540040040","rspid":"105257836"},"errorCode":"7012"}  
[2021-03-11 21:51:53] local.ERROR: Request body  {"account":"22500100345","reference":"T20031121515340040040","amount":"200.00","transdate":"2021-03-11T21:51:53Z","transid":63,"checksum":"J1+hX8bu6oirgIbcYOTqC8D2LWCf9ESfcC\/8W9d3EUA="}  
[2021-03-11 21:51:56] local.INFO: RESPONSE = {"message":"Insufficient Funds","resultcode":"010","result":{"amount":"200.00","account":"22500100345","transid":"63","reference":"T20031121515340040040","rspid":"105258022"},"errorCode":"7012"}  
[2021-03-11 21:51:56] local.ERROR: PUSH-ERROR Object of class stdClass could not be converted to string  
[2021-03-11 21:51:56] local.ERROR: PUSH-ERROR-LINE582  
[2021-03-11 21:51:56] local.ERROR: PUSH-ERROR-LINE#0 C:\xampp\htdocs\cashless\vendor\laravel\framework\src\Illuminate\Database\Connection.php(582): PDOStatement->bindValue(3, Object(stdClass), 2)
#1 C:\xampp\htdocs\cashless\vendor\laravel\framework\src\Illuminate\Database\Connection.php(487): Illuminate\Database\Connection->bindValues(Object(PDOStatement), Array)
#2 C:\xampp\htdocs\cashless\vendor\laravel\framework\src\Illuminate\Database\Connection.php(664): Illuminate\Database\Connection->Illuminate\Database\{closure}('update `tpesa_r...', Array)
#3 C:\xampp\htdocs\cashless\vendor\laravel\framework\src\Illuminate\Database\Connection.php(631): Illuminate\Database\Connection->runQueryCallback('update `tpesa_r...', Array, Object(Closure))
#4 C:\xampp\htdocs\cashless\vendor\laravel\framework\src\Illuminate\Database\Connection.php(496): Illuminate\Database\Connection->run('update `tpesa_r...', Array, Object(Closure))
#5 C:\xampp\htdocs\cashless\vendor\laravel\framework\src\Illuminate\Database\Connection.php(429): Illuminate\Database\Connection->affectingStatement('update `tpesa_r...', Array)
#6 C:\xampp\htdocs\cashless\vendor\laravel\framework\src\Illuminate\Database\Query\Builder.php(2803): Illuminate\Database\Connection->update('update `tpesa_r...', Array)
#7 C:\xampp\htdocs\cashless\vendor\laravel\framework\src\Illuminate\Database\Eloquent\Builder.php(792): Illuminate\Database\Query\Builder->update(Array)
#8 C:\xampp\htdocs\cashless\vendor\laravel\framework\src\Illuminate\Database\Eloquent\Model.php(806): Illuminate\Database\Eloquent\Builder->update(Array)
#9 C:\xampp\htdocs\cashless\vendor\laravel\framework\src\Illuminate\Database\Eloquent\Model.php(721): Illuminate\Database\Eloquent\Model->performUpdate(Object(Illuminate\Database\Eloquent\Builder))
#10 C:\xampp\htdocs\cashless\app\Http\Controllers\Tpesa\CashoutHelper.php(107): Illuminate\Database\Eloquent\Model->save()
#11 C:\xampp\htdocs\cashless\app\Http\Controllers\Tpesa\CashOutController.php(72): App\Http\Controllers\Tpesa\CashoutHelper::process('40040040', '200.00')
#12 [internal function]: App\Http\Controllers\Tpesa\CashOutController->pay(Object(Illuminate\Http\Request))
#13 C:\xampp\htdocs\cashless\vendor\laravel\framework\src\Illuminate\Routing\Controller.php(54): call_user_func_array(Array, Array)
#14 C:\xampp\htdocs\cashless\vendor\laravel\framework\src\Illuminate\Routing\ControllerDispatcher.php(45): Illuminate\Routing\Controller->callAction('pay', Array)
#15 C:\xampp\htdocs\cashless\vendor\laravel\framework\src\Illuminate\Routing\Route.php(239): Illuminate\Routing\ControllerDispatcher->dispatch(Object(Illuminate\Routing\Route), Object(App\Http\Controllers\Tpesa\CashOutController), 'pay')
#16 C:\xampp\htdocs\cashless\vendor\laravel\framework\src\Illuminate\Routing\Route.php(196): Illuminate\Routing\Route->runController()
#17 C:\xampp\htdocs\cashless\vendor\laravel\framework\src\Illuminate\Routing\Router.php(685): Illuminate\Routing\Route->run()
#18 C:\xampp\htdocs\cashless\vendor\laravel\framework\src\Illuminate\Pipeline\Pipeline.php(128): Illuminate\Routing\Router->Illuminate\Routing\{closure}(Object(Illuminate\Http\Request))
#19 C:\xampp\htdocs\cashless\app\Http\Middleware\Localization.php(28): Illuminate\Pipeline\Pipeline->Illuminate\Pipeline\{closure}(Object(Illuminate\Http\Request))
#20 C:\xampp\htdocs\cashless\vendor\laravel\framework\src\Illuminate\Pipeline\Pipeline.php(167): App\Http\Middleware\Localization->handle(Object(Illuminate\Http\Request), Object(Closure))
#21 C:\xampp\htdocs\cashless\vendor\laravel\framework\src\Illuminate\Routing\Middleware\SubstituteBindings.php(41): Illuminate\Pipeline\Pipeline->Illuminate\Pipeline\{closure}(Object(Illuminate\Http\Request))
#22 C:\xampp\htdocs\cashless\vendor\laravel\framework\src\Illuminate\Pipeline\Pipeline.php(167): Illuminate\Routing\Middleware\SubstituteBindings->handle(Object(Illuminate\Http\Request), Object(Closure))
#23 C:\xampp\htdocs\cashless\vendor\laravel\framework\src\Illuminate\Foundation\Http\Middleware\VerifyCsrfToken.php(76): Illuminate\Pipeline\Pipeline->Illuminate\Pipeline\{closure}(Object(Illuminate\Http\Request))
#24 C:\xampp\htdocs\cashless\vendor\laravel\framework\src\Illuminate\Pipeline\Pipeline.php(167): Illuminate\Foundation\Http\Middleware\VerifyCsrfToken->handle(Object(Illuminate\Http\Request), Object(Closure))
#25 C:\xampp\htdocs\cashless\vendor\laravel\framework\src\Illuminate\View\Middleware\ShareErrorsFromSession.php(49): Illuminate\Pipeline\Pipeline->Illuminate\Pipeline\{closure}(Object(Illuminate\Http\Request))
#26 C:\xampp\htdocs\cashless\vendor\laravel\framework\src\Illuminate\Pipeline\Pipeline.php(167): Illuminate\View\Middleware\ShareErrorsFromSession->handle(Object(Illuminate\Http\Request), Object(Closure))
#27 C:\xampp\htdocs\cashless\vendor\laravel\framework\src\Illuminate\Session\Middleware\StartSession.php(116): Illuminate\Pipeline\Pipeline->Illuminate\Pipeline\{closure}(Object(Illuminate\Http\Request))
#28 C:\xampp\htdocs\cashless\vendor\laravel\framework\src\Illuminate\Session\Middleware\StartSession.php(62): Illuminate\Session\Middleware\StartSession->handleStatefulRequest(Object(Illuminate\Http\Request), Object(Illuminate\Session\Store), Object(Closure))
#29 C:\xampp\htdocs\cashless\vendor\laravel\framework\src\Illuminate\Pipeline\Pipeline.php(167): Illuminate\Session\Middleware\StartSession->handle(Object(Illuminate\Http\Request), Object(Closure))
#30 C:\xampp\htdocs\cashless\vendor\laravel\framework\src\Illuminate\Cookie\Middleware\AddQueuedCookiesToResponse.php(37): Illuminate\Pipeline\Pipeline->Illuminate\Pipeline\{closure}(Object(Illuminate\Http\Request))
#31 C:\xampp\htdocs\cashless\vendor\laravel\framework\src\Illuminate\Pipeline\Pipeline.php(167): Illuminate\Cookie\Middleware\AddQueuedCookiesToResponse->handle(Object(Illuminate\Http\Request), Object(Closure))
#32 C:\xampp\htdocs\cashless\vendor\laravel\framework\src\Illuminate\Cookie\Middleware\EncryptCookies.php(66): Illuminate\Pipeline\Pipeline->Illuminate\Pipeline\{closure}(Object(Illuminate\Http\Request))
#33 C:\xampp\htdocs\cashless\vendor\laravel\framework\src\Illuminate\Pipeline\Pipeline.php(167): Illuminate\Cookie\Middleware\EncryptCookies->handle(Object(Illuminate\Http\Request), Object(Closure))
#34 C:\xampp\htdocs\cashless\vendor\laravel\framework\src\Illuminate\Pipeline\Pipeline.php(103): Illuminate\Pipeline\Pipeline->Illuminate\Pipeline\{closure}(Object(Illuminate\Http\Request))
#35 C:\xampp\htdocs\cashless\vendor\laravel\framework\src\Illuminate\Routing\Router.php(687): Illuminate\Pipeline\Pipeline->then(Object(Closure))
#36 C:\xampp\htdocs\cashless\vendor\laravel\framework\src\Illuminate\Routing\Router.php(662): Illuminate\Routing\Router->runRouteWithinStack(Object(Illuminate\Routing\Route), Object(Illuminate\Http\Request))
#37 C:\xampp\htdocs\cashless\vendor\laravel\framework\src\Illuminate\Routing\Router.php(628): Illuminate\Routing\Router->runRoute(Object(Illuminate\Http\Request), Object(Illuminate\Routing\Route))
#38 C:\xampp\htdocs\cashless\vendor\laravel\framework\src\Illuminate\Routing\Router.php(617): Illuminate\Routing\Router->dispatchToRoute(Object(Illuminate\Http\Request))
#39 C:\xampp\htdocs\cashless\vendor\laravel\framework\src\Illuminate\Foundation\Http\Kernel.php(165): Illuminate\Routing\Router->dispatch(Object(Illuminate\Http\Request))
#40 C:\xampp\htdocs\cashless\vendor\laravel\framework\src\Illuminate\Pipeline\Pipeline.php(128): Illuminate\Foundation\Http\Kernel->Illuminate\Foundation\Http\{closure}(Object(Illuminate\Http\Request))
#41 C:\xampp\htdocs\cashless\vendor\fideloper\proxy\src\TrustProxies.php(57): Illuminate\Pipeline\Pipeline->Illuminate\Pipeline\{closure}(Object(Illuminate\Http\Request))
#42 C:\xampp\htdocs\cashless\vendor\laravel\framework\src\Illuminate\Pipeline\Pipeline.php(167): Fideloper\Proxy\TrustProxies->handle(Object(Illuminate\Http\Request), Object(Closure))
#43 C:\xampp\htdocs\cashless\vendor\laravel\framework\src\Illuminate\Foundation\Http\Middleware\TransformsRequest.php(21): Illuminate\Pipeline\Pipeline->Illuminate\Pipeline\{closure}(Object(Illuminate\Http\Request))
#44 C:\xampp\htdocs\cashless\vendor\laravel\framework\src\Illuminate\Pipeline\Pipeline.php(167): Illuminate\Foundation\Http\Middleware\TransformsRequest->handle(Object(Illuminate\Http\Request), Object(Closure))
#45 C:\xampp\htdocs\cashless\vendor\laravel\framework\src\Illuminate\Foundation\Http\Middleware\TransformsRequest.php(21): Illuminate\Pipeline\Pipeline->Illuminate\Pipeline\{closure}(Object(Illuminate\Http\Request))
#46 C:\xampp\htdocs\cashless\vendor\laravel\framework\src\Illuminate\Pipeline\Pipeline.php(167): Illuminate\Foundation\Http\Middleware\TransformsRequest->handle(Object(Illuminate\Http\Request), Object(Closure))
#47 C:\xampp\htdocs\cashless\vendor\laravel\framework\src\Illuminate\Foundation\Http\Middleware\ValidatePostSize.php(27): Illuminate\Pipeline\Pipeline->Illuminate\Pipeline\{closure}(Object(Illuminate\Http\Request))
#48 C:\xampp\htdocs\cashless\vendor\laravel\framework\src\Illuminate\Pipeline\Pipeline.php(167): Illuminate\Foundation\Http\Middleware\ValidatePostSize->handle(Object(Illuminate\Http\Request), Object(Closure))
#49 C:\xampp\htdocs\cashless\vendor\laravel\framework\src\Illuminate\Foundation\Http\Middleware\CheckForMaintenanceMode.php(63): Illuminate\Pipeline\Pipeline->Illuminate\Pipeline\{closure}(Object(Illuminate\Http\Request))
#50 C:\xampp\htdocs\cashless\vendor\laravel\framework\src\Illuminate\Pipeline\Pipeline.php(167): Illuminate\Foundation\Http\Middleware\CheckForMaintenanceMode->handle(Object(Illuminate\Http\Request), Object(Closure))
#51 C:\xampp\htdocs\cashless\vendor\laravel\framework\src\Illuminate\Pipeline\Pipeline.php(103): Illuminate\Pipeline\Pipeline->Illuminate\Pipeline\{closure}(Object(Illuminate\Http\Request))
#52 C:\xampp\htdocs\cashless\vendor\laravel\framework\src\Illuminate\Foundation\Http\Kernel.php(140): Illuminate\Pipeline\Pipeline->then(Object(Closure))
#53 C:\xampp\htdocs\cashless\vendor\laravel\framework\src\Illuminate\Foundation\Http\Kernel.php(109): Illuminate\Foundation\Http\Kernel->sendRequestThroughRouter(Object(Illuminate\Http\Request))
#54 C:\xampp\htdocs\cashless\public\index.php(55): Illuminate\Foundation\Http\Kernel->handle(Object(Illuminate\Http\Request))
#55 C:\xampp\htdocs\cashless\index.php(21): require_once('C:\\xampp\\htdocs...')
#56 {main}  
[2021-03-11 21:52:12] local.ERROR: Request body  {"account":"22500100345","reference":"T20031121521240040040","amount":"200.00","transdate":"2021-03-11T21:52:12Z","transid":64,"checksum":"V7MCASiq+Bp6EGYbaztBwsyaTUWuRm7ByVLyNyzVvPM="}  
[2021-03-11 21:52:15] local.INFO: RESPONSE = {"message":"Insufficient Funds","resultcode":"010","result":{"amount":"200.00","account":"22500100345","transid":"64","reference":"T20031121521240040040","rspid":"105258122"},"errorCode":"7012"}  
[2021-03-11 21:52:15] local.ERROR: PUSH-ERROR Object of class stdClass could not be converted to string  
[2021-03-11 21:52:15] local.ERROR: PUSH-ERROR-LINE582  
[2021-03-11 21:52:15] local.ERROR: PUSH-ERROR-LINE#0 C:\xampp\htdocs\cashless\vendor\laravel\framework\src\Illuminate\Database\Connection.php(582): PDOStatement->bindValue(3, Object(stdClass), 2)
#1 C:\xampp\htdocs\cashless\vendor\laravel\framework\src\Illuminate\Database\Connection.php(487): Illuminate\Database\Connection->bindValues(Object(PDOStatement), Array)
#2 C:\xampp\htdocs\cashless\vendor\laravel\framework\src\Illuminate\Database\Connection.php(664): Illuminate\Database\Connection->Illuminate\Database\{closure}('update `tpesa_r...', Array)
#3 C:\xampp\htdocs\cashless\vendor\laravel\framework\src\Illuminate\Database\Connection.php(631): Illuminate\Database\Connection->runQueryCallback('update `tpesa_r...', Array, Object(Closure))
#4 C:\xampp\htdocs\cashless\vendor\laravel\framework\src\Illuminate\Database\Connection.php(496): Illuminate\Database\Connection->run('update `tpesa_r...', Array, Object(Closure))
#5 C:\xampp\htdocs\cashless\vendor\laravel\framework\src\Illuminate\Database\Connection.php(429): Illuminate\Database\Connection->affectingStatement('update `tpesa_r...', Array)
#6 C:\xampp\htdocs\cashless\vendor\laravel\framework\src\Illuminate\Database\Query\Builder.php(2803): Illuminate\Database\Connection->update('update `tpesa_r...', Array)
#7 C:\xampp\htdocs\cashless\vendor\laravel\framework\src\Illuminate\Database\Eloquent\Builder.php(792): Illuminate\Database\Query\Builder->update(Array)
#8 C:\xampp\htdocs\cashless\vendor\laravel\framework\src\Illuminate\Database\Eloquent\Model.php(806): Illuminate\Database\Eloquent\Builder->update(Array)
#9 C:\xampp\htdocs\cashless\vendor\laravel\framework\src\Illuminate\Database\Eloquent\Model.php(721): Illuminate\Database\Eloquent\Model->performUpdate(Object(Illuminate\Database\Eloquent\Builder))
#10 C:\xampp\htdocs\cashless\app\Http\Controllers\Tpesa\CashoutHelper.php(107): Illuminate\Database\Eloquent\Model->save()
#11 C:\xampp\htdocs\cashless\app\Http\Controllers\Tpesa\CashOutController.php(72): App\Http\Controllers\Tpesa\CashoutHelper::process('40040040', '200.00')
#12 [internal function]: App\Http\Controllers\Tpesa\CashOutController->pay(Object(Illuminate\Http\Request))
#13 C:\xampp\htdocs\cashless\vendor\laravel\framework\src\Illuminate\Routing\Controller.php(54): call_user_func_array(Array, Array)
#14 C:\xampp\htdocs\cashless\vendor\laravel\framework\src\Illuminate\Routing\ControllerDispatcher.php(45): Illuminate\Routing\Controller->callAction('pay', Array)
#15 C:\xampp\htdocs\cashless\vendor\laravel\framework\src\Illuminate\Routing\Route.php(239): Illuminate\Routing\ControllerDispatcher->dispatch(Object(Illuminate\Routing\Route), Object(App\Http\Controllers\Tpesa\CashOutController), 'pay')
#16 C:\xampp\htdocs\cashless\vendor\laravel\framework\src\Illuminate\Routing\Route.php(196): Illuminate\Routing\Route->runController()
#17 C:\xampp\htdocs\cashless\vendor\laravel\framework\src\Illuminate\Routing\Router.php(685): Illuminate\Routing\Route->run()
#18 C:\xampp\htdocs\cashless\vendor\laravel\framework\src\Illuminate\Pipeline\Pipeline.php(128): Illuminate\Routing\Router->Illuminate\Routing\{closure}(Object(Illuminate\Http\Request))
#19 C:\xampp\htdocs\cashless\app\Http\Middleware\Localization.php(28): Illuminate\Pipeline\Pipeline->Illuminate\Pipeline\{closure}(Object(Illuminate\Http\Request))
#20 C:\xampp\htdocs\cashless\vendor\laravel\framework\src\Illuminate\Pipeline\Pipeline.php(167): App\Http\Middleware\Localization->handle(Object(Illuminate\Http\Request), Object(Closure))
#21 C:\xampp\htdocs\cashless\vendor\laravel\framework\src\Illuminate\Routing\Middleware\SubstituteBindings.php(41): Illuminate\Pipeline\Pipeline->Illuminate\Pipeline\{closure}(Object(Illuminate\Http\Request))
#22 C:\xampp\htdocs\cashless\vendor\laravel\framework\src\Illuminate\Pipeline\Pipeline.php(167): Illuminate\Routing\Middleware\SubstituteBindings->handle(Object(Illuminate\Http\Request), Object(Closure))
#23 C:\xampp\htdocs\cashless\vendor\laravel\framework\src\Illuminate\Foundation\Http\Middleware\VerifyCsrfToken.php(76): Illuminate\Pipeline\Pipeline->Illuminate\Pipeline\{closure}(Object(Illuminate\Http\Request))
#24 C:\xampp\htdocs\cashless\vendor\laravel\framework\src\Illuminate\Pipeline\Pipeline.php(167): Illuminate\Foundation\Http\Middleware\VerifyCsrfToken->handle(Object(Illuminate\Http\Request), Object(Closure))
#25 C:\xampp\htdocs\cashless\vendor\laravel\framework\src\Illuminate\View\Middleware\ShareErrorsFromSession.php(49): Illuminate\Pipeline\Pipeline->Illuminate\Pipeline\{closure}(Object(Illuminate\Http\Request))
#26 C:\xampp\htdocs\cashless\vendor\laravel\framework\src\Illuminate\Pipeline\Pipeline.php(167): Illuminate\View\Middleware\ShareErrorsFromSession->handle(Object(Illuminate\Http\Request), Object(Closure))
#27 C:\xampp\htdocs\cashless\vendor\laravel\framework\src\Illuminate\Session\Middleware\StartSession.php(116): Illuminate\Pipeline\Pipeline->Illuminate\Pipeline\{closure}(Object(Illuminate\Http\Request))
#28 C:\xampp\htdocs\cashless\vendor\laravel\framework\src\Illuminate\Session\Middleware\StartSession.php(62): Illuminate\Session\Middleware\StartSession->handleStatefulRequest(Object(Illuminate\Http\Request), Object(Illuminate\Session\Store), Object(Closure))
#29 C:\xampp\htdocs\cashless\vendor\laravel\framework\src\Illuminate\Pipeline\Pipeline.php(167): Illuminate\Session\Middleware\StartSession->handle(Object(Illuminate\Http\Request), Object(Closure))
#30 C:\xampp\htdocs\cashless\vendor\laravel\framework\src\Illuminate\Cookie\Middleware\AddQueuedCookiesToResponse.php(37): Illuminate\Pipeline\Pipeline->Illuminate\Pipeline\{closure}(Object(Illuminate\Http\Request))
#31 C:\xampp\htdocs\cashless\vendor\laravel\framework\src\Illuminate\Pipeline\Pipeline.php(167): Illuminate\Cookie\Middleware\AddQueuedCookiesToResponse->handle(Object(Illuminate\Http\Request), Object(Closure))
#32 C:\xampp\htdocs\cashless\vendor\laravel\framework\src\Illuminate\Cookie\Middleware\EncryptCookies.php(66): Illuminate\Pipeline\Pipeline->Illuminate\Pipeline\{closure}(Object(Illuminate\Http\Request))
#33 C:\xampp\htdocs\cashless\vendor\laravel\framework\src\Illuminate\Pipeline\Pipeline.php(167): Illuminate\Cookie\Middleware\EncryptCookies->handle(Object(Illuminate\Http\Request), Object(Closure))
#34 C:\xampp\htdocs\cashless\vendor\laravel\framework\src\Illuminate\Pipeline\Pipeline.php(103): Illuminate\Pipeline\Pipeline->Illuminate\Pipeline\{closure}(Object(Illuminate\Http\Request))
#35 C:\xampp\htdocs\cashless\vendor\laravel\framework\src\Illuminate\Routing\Router.php(687): Illuminate\Pipeline\Pipeline->then(Object(Closure))
#36 C:\xampp\htdocs\cashless\vendor\laravel\framework\src\Illuminate\Routing\Router.php(662): Illuminate\Routing\Router->runRouteWithinStack(Object(Illuminate\Routing\Route), Object(Illuminate\Http\Request))
#37 C:\xampp\htdocs\cashless\vendor\laravel\framework\src\Illuminate\Routing\Router.php(628): Illuminate\Routing\Router->runRoute(Object(Illuminate\Http\Request), Object(Illuminate\Routing\Route))
#38 C:\xampp\htdocs\cashless\vendor\laravel\framework\src\Illuminate\Routing\Router.php(617): Illuminate\Routing\Router->dispatchToRoute(Object(Illuminate\Http\Request))
#39 C:\xampp\htdocs\cashless\vendor\laravel\framework\src\Illuminate\Foundation\Http\Kernel.php(165): Illuminate\Routing\Router->dispatch(Object(Illuminate\Http\Request))
#40 C:\xampp\htdocs\cashless\vendor\laravel\framework\src\Illuminate\Pipeline\Pipeline.php(128): Illuminate\Foundation\Http\Kernel->Illuminate\Foundation\Http\{closure}(Object(Illuminate\Http\Request))
#41 C:\xampp\htdocs\cashless\vendor\fideloper\proxy\src\TrustProxies.php(57): Illuminate\Pipeline\Pipeline->Illuminate\Pipeline\{closure}(Object(Illuminate\Http\Request))
#42 C:\xampp\htdocs\cashless\vendor\laravel\framework\src\Illuminate\Pipeline\Pipeline.php(167): Fideloper\Proxy\TrustProxies->handle(Object(Illuminate\Http\Request), Object(Closure))
#43 C:\xampp\htdocs\cashless\vendor\laravel\framework\src\Illuminate\Foundation\Http\Middleware\TransformsRequest.php(21): Illuminate\Pipeline\Pipeline->Illuminate\Pipeline\{closure}(Object(Illuminate\Http\Request))
#44 C:\xampp\htdocs\cashless\vendor\laravel\framework\src\Illuminate\Pipeline\Pipeline.php(167): Illuminate\Foundation\Http\Middleware\TransformsRequest->handle(Object(Illuminate\Http\Request), Object(Closure))
#45 C:\xampp\htdocs\cashless\vendor\laravel\framework\src\Illuminate\Foundation\Http\Middleware\TransformsRequest.php(21): Illuminate\Pipeline\Pipeline->Illuminate\Pipeline\{closure}(Object(Illuminate\Http\Request))
#46 C:\xampp\htdocs\cashless\vendor\laravel\framework\src\Illuminate\Pipeline\Pipeline.php(167): Illuminate\Foundation\Http\Middleware\TransformsRequest->handle(Object(Illuminate\Http\Request), Object(Closure))
#47 C:\xampp\htdocs\cashless\vendor\laravel\framework\src\Illuminate\Foundation\Http\Middleware\ValidatePostSize.php(27): Illuminate\Pipeline\Pipeline->Illuminate\Pipeline\{closure}(Object(Illuminate\Http\Request))
#48 C:\xampp\htdocs\cashless\vendor\laravel\framework\src\Illuminate\Pipeline\Pipeline.php(167): Illuminate\Foundation\Http\Middleware\ValidatePostSize->handle(Object(Illuminate\Http\Request), Object(Closure))
#49 C:\xampp\htdocs\cashless\vendor\laravel\framework\src\Illuminate\Foundation\Http\Middleware\CheckForMaintenanceMode.php(63): Illuminate\Pipeline\Pipeline->Illuminate\Pipeline\{closure}(Object(Illuminate\Http\Request))
#50 C:\xampp\htdocs\cashless\vendor\laravel\framework\src\Illuminate\Pipeline\Pipeline.php(167): Illuminate\Foundation\Http\Middleware\CheckForMaintenanceMode->handle(Object(Illuminate\Http\Request), Object(Closure))
#51 C:\xampp\htdocs\cashless\vendor\laravel\framework\src\Illuminate\Pipeline\Pipeline.php(103): Illuminate\Pipeline\Pipeline->Illuminate\Pipeline\{closure}(Object(Illuminate\Http\Request))
#52 C:\xampp\htdocs\cashless\vendor\laravel\framework\src\Illuminate\Foundation\Http\Kernel.php(140): Illuminate\Pipeline\Pipeline->then(Object(Closure))
#53 C:\xampp\htdocs\cashless\vendor\laravel\framework\src\Illuminate\Foundation\Http\Kernel.php(109): Illuminate\Foundation\Http\Kernel->sendRequestThroughRouter(Object(Illuminate\Http\Request))
#54 C:\xampp\htdocs\cashless\public\index.php(55): Illuminate\Foundation\Http\Kernel->handle(Object(Illuminate\Http\Request))
#55 C:\xampp\htdocs\cashless\index.php(21): require_once('C:\\xampp\\htdocs...')
#56 {main}  
[2021-03-11 21:52:50] local.ERROR: Request body  {"account":"22500100345","reference":"T20031121525040040040","amount":"200.00","transdate":"2021-03-11T21:52:50Z","transid":65,"checksum":"slegvf5jXDjYjj5W6glDknbCR3zaK1dhazrysKRbp8k="}  
[2021-03-11 21:52:53] local.INFO: RESPONSE = {"message":"Insufficient Funds","resultcode":"010","result":{"amount":"200.00","account":"22500100345","transid":"65","reference":"T20031121525040040040","rspid":"105258291"},"errorCode":"7012"}  
[2021-03-11 21:52:53] local.ERROR: PUSH-ERROR Object of class stdClass could not be converted to string  
[2021-03-11 21:52:53] local.ERROR: PUSH-ERROR-LINE582  
[2021-03-11 21:52:53] local.ERROR: PUSH-ERROR-LINE#0 C:\xampp\htdocs\cashless\vendor\laravel\framework\src\Illuminate\Database\Connection.php(582): PDOStatement->bindValue(3, Object(stdClass), 2)
#1 C:\xampp\htdocs\cashless\vendor\laravel\framework\src\Illuminate\Database\Connection.php(487): Illuminate\Database\Connection->bindValues(Object(PDOStatement), Array)
#2 C:\xampp\htdocs\cashless\vendor\laravel\framework\src\Illuminate\Database\Connection.php(664): Illuminate\Database\Connection->Illuminate\Database\{closure}('update `tpesa_r...', Array)
#3 C:\xampp\htdocs\cashless\vendor\laravel\framework\src\Illuminate\Database\Connection.php(631): Illuminate\Database\Connection->runQueryCallback('update `tpesa_r...', Array, Object(Closure))
#4 C:\xampp\htdocs\cashless\vendor\laravel\framework\src\Illuminate\Database\Connection.php(496): Illuminate\Database\Connection->run('update `tpesa_r...', Array, Object(Closure))
#5 C:\xampp\htdocs\cashless\vendor\laravel\framework\src\Illuminate\Database\Connection.php(429): Illuminate\Database\Connection->affectingStatement('update `tpesa_r...', Array)
#6 C:\xampp\htdocs\cashless\vendor\laravel\framework\src\Illuminate\Database\Query\Builder.php(2803): Illuminate\Database\Connection->update('update `tpesa_r...', Array)
#7 C:\xampp\htdocs\cashless\vendor\laravel\framework\src\Illuminate\Database\Eloquent\Builder.php(792): Illuminate\Database\Query\Builder->update(Array)
#8 C:\xampp\htdocs\cashless\vendor\laravel\framework\src\Illuminate\Database\Eloquent\Model.php(806): Illuminate\Database\Eloquent\Builder->update(Array)
#9 C:\xampp\htdocs\cashless\vendor\laravel\framework\src\Illuminate\Database\Eloquent\Model.php(721): Illuminate\Database\Eloquent\Model->performUpdate(Object(Illuminate\Database\Eloquent\Builder))
#10 C:\xampp\htdocs\cashless\app\Http\Controllers\Tpesa\CashoutHelper.php(103): Illuminate\Database\Eloquent\Model->save()
#11 C:\xampp\htdocs\cashless\app\Http\Controllers\Tpesa\CashOutController.php(72): App\Http\Controllers\Tpesa\CashoutHelper::process('40040040', '200.00')
#12 [internal function]: App\Http\Controllers\Tpesa\CashOutController->pay(Object(Illuminate\Http\Request))
#13 C:\xampp\htdocs\cashless\vendor\laravel\framework\src\Illuminate\Routing\Controller.php(54): call_user_func_array(Array, Array)
#14 C:\xampp\htdocs\cashless\vendor\laravel\framework\src\Illuminate\Routing\ControllerDispatcher.php(45): Illuminate\Routing\Controller->callAction('pay', Array)
#15 C:\xampp\htdocs\cashless\vendor\laravel\framework\src\Illuminate\Routing\Route.php(239): Illuminate\Routing\ControllerDispatcher->dispatch(Object(Illuminate\Routing\Route), Object(App\Http\Controllers\Tpesa\CashOutController), 'pay')
#16 C:\xampp\htdocs\cashless\vendor\laravel\framework\src\Illuminate\Routing\Route.php(196): Illuminate\Routing\Route->runController()
#17 C:\xampp\htdocs\cashless\vendor\laravel\framework\src\Illuminate\Routing\Router.php(685): Illuminate\Routing\Route->run()
#18 C:\xampp\htdocs\cashless\vendor\laravel\framework\src\Illuminate\Pipeline\Pipeline.php(128): Illuminate\Routing\Router->Illuminate\Routing\{closure}(Object(Illuminate\Http\Request))
#19 C:\xampp\htdocs\cashless\app\Http\Middleware\Localization.php(28): Illuminate\Pipeline\Pipeline->Illuminate\Pipeline\{closure}(Object(Illuminate\Http\Request))
#20 C:\xampp\htdocs\cashless\vendor\laravel\framework\src\Illuminate\Pipeline\Pipeline.php(167): App\Http\Middleware\Localization->handle(Object(Illuminate\Http\Request), Object(Closure))
#21 C:\xampp\htdocs\cashless\vendor\laravel\framework\src\Illuminate\Routing\Middleware\SubstituteBindings.php(41): Illuminate\Pipeline\Pipeline->Illuminate\Pipeline\{closure}(Object(Illuminate\Http\Request))
#22 C:\xampp\htdocs\cashless\vendor\laravel\framework\src\Illuminate\Pipeline\Pipeline.php(167): Illuminate\Routing\Middleware\SubstituteBindings->handle(Object(Illuminate\Http\Request), Object(Closure))
#23 C:\xampp\htdocs\cashless\vendor\laravel\framework\src\Illuminate\Foundation\Http\Middleware\VerifyCsrfToken.php(76): Illuminate\Pipeline\Pipeline->Illuminate\Pipeline\{closure}(Object(Illuminate\Http\Request))
#24 C:\xampp\htdocs\cashless\vendor\laravel\framework\src\Illuminate\Pipeline\Pipeline.php(167): Illuminate\Foundation\Http\Middleware\VerifyCsrfToken->handle(Object(Illuminate\Http\Request), Object(Closure))
#25 C:\xampp\htdocs\cashless\vendor\laravel\framework\src\Illuminate\View\Middleware\ShareErrorsFromSession.php(49): Illuminate\Pipeline\Pipeline->Illuminate\Pipeline\{closure}(Object(Illuminate\Http\Request))
#26 C:\xampp\htdocs\cashless\vendor\laravel\framework\src\Illuminate\Pipeline\Pipeline.php(167): Illuminate\View\Middleware\ShareErrorsFromSession->handle(Object(Illuminate\Http\Request), Object(Closure))
#27 C:\xampp\htdocs\cashless\vendor\laravel\framework\src\Illuminate\Session\Middleware\StartSession.php(116): Illuminate\Pipeline\Pipeline->Illuminate\Pipeline\{closure}(Object(Illuminate\Http\Request))
#28 C:\xampp\htdocs\cashless\vendor\laravel\framework\src\Illuminate\Session\Middleware\StartSession.php(62): Illuminate\Session\Middleware\StartSession->handleStatefulRequest(Object(Illuminate\Http\Request), Object(Illuminate\Session\Store), Object(Closure))
#29 C:\xampp\htdocs\cashless\vendor\laravel\framework\src\Illuminate\Pipeline\Pipeline.php(167): Illuminate\Session\Middleware\StartSession->handle(Object(Illuminate\Http\Request), Object(Closure))
#30 C:\xampp\htdocs\cashless\vendor\laravel\framework\src\Illuminate\Cookie\Middleware\AddQueuedCookiesToResponse.php(37): Illuminate\Pipeline\Pipeline->Illuminate\Pipeline\{closure}(Object(Illuminate\Http\Request))
#31 C:\xampp\htdocs\cashless\vendor\laravel\framework\src\Illuminate\Pipeline\Pipeline.php(167): Illuminate\Cookie\Middleware\AddQueuedCookiesToResponse->handle(Object(Illuminate\Http\Request), Object(Closure))
#32 C:\xampp\htdocs\cashless\vendor\laravel\framework\src\Illuminate\Cookie\Middleware\EncryptCookies.php(66): Illuminate\Pipeline\Pipeline->Illuminate\Pipeline\{closure}(Object(Illuminate\Http\Request))
#33 C:\xampp\htdocs\cashless\vendor\laravel\framework\src\Illuminate\Pipeline\Pipeline.php(167): Illuminate\Cookie\Middleware\EncryptCookies->handle(Object(Illuminate\Http\Request), Object(Closure))
#34 C:\xampp\htdocs\cashless\vendor\laravel\framework\src\Illuminate\Pipeline\Pipeline.php(103): Illuminate\Pipeline\Pipeline->Illuminate\Pipeline\{closure}(Object(Illuminate\Http\Request))
#35 C:\xampp\htdocs\cashless\vendor\laravel\framework\src\Illuminate\Routing\Router.php(687): Illuminate\Pipeline\Pipeline->then(Object(Closure))
#36 C:\xampp\htdocs\cashless\vendor\laravel\framework\src\Illuminate\Routing\Router.php(662): Illuminate\Routing\Router->runRouteWithinStack(Object(Illuminate\Routing\Route), Object(Illuminate\Http\Request))
#37 C:\xampp\htdocs\cashless\vendor\laravel\framework\src\Illuminate\Routing\Router.php(628): Illuminate\Routing\Router->runRoute(Object(Illuminate\Http\Request), Object(Illuminate\Routing\Route))
#38 C:\xampp\htdocs\cashless\vendor\laravel\framework\src\Illuminate\Routing\Router.php(617): Illuminate\Routing\Router->dispatchToRoute(Object(Illuminate\Http\Request))
#39 C:\xampp\htdocs\cashless\vendor\laravel\framework\src\Illuminate\Foundation\Http\Kernel.php(165): Illuminate\Routing\Router->dispatch(Object(Illuminate\Http\Request))
#40 C:\xampp\htdocs\cashless\vendor\laravel\framework\src\Illuminate\Pipeline\Pipeline.php(128): Illuminate\Foundation\Http\Kernel->Illuminate\Foundation\Http\{closure}(Object(Illuminate\Http\Request))
#41 C:\xampp\htdocs\cashless\vendor\fideloper\proxy\src\TrustProxies.php(57): Illuminate\Pipeline\Pipeline->Illuminate\Pipeline\{closure}(Object(Illuminate\Http\Request))
#42 C:\xampp\htdocs\cashless\vendor\laravel\framework\src\Illuminate\Pipeline\Pipeline.php(167): Fideloper\Proxy\TrustProxies->handle(Object(Illuminate\Http\Request), Object(Closure))
#43 C:\xampp\htdocs\cashless\vendor\laravel\framework\src\Illuminate\Foundation\Http\Middleware\TransformsRequest.php(21): Illuminate\Pipeline\Pipeline->Illuminate\Pipeline\{closure}(Object(Illuminate\Http\Request))
#44 C:\xampp\htdocs\cashless\vendor\laravel\framework\src\Illuminate\Pipeline\Pipeline.php(167): Illuminate\Foundation\Http\Middleware\TransformsRequest->handle(Object(Illuminate\Http\Request), Object(Closure))
#45 C:\xampp\htdocs\cashless\vendor\laravel\framework\src\Illuminate\Foundation\Http\Middleware\TransformsRequest.php(21): Illuminate\Pipeline\Pipeline->Illuminate\Pipeline\{closure}(Object(Illuminate\Http\Request))
#46 C:\xampp\htdocs\cashless\vendor\laravel\framework\src\Illuminate\Pipeline\Pipeline.php(167): Illuminate\Foundation\Http\Middleware\TransformsRequest->handle(Object(Illuminate\Http\Request), Object(Closure))
#47 C:\xampp\htdocs\cashless\vendor\laravel\framework\src\Illuminate\Foundation\Http\Middleware\ValidatePostSize.php(27): Illuminate\Pipeline\Pipeline->Illuminate\Pipeline\{closure}(Object(Illuminate\Http\Request))
#48 C:\xampp\htdocs\cashless\vendor\laravel\framework\src\Illuminate\Pipeline\Pipeline.php(167): Illuminate\Foundation\Http\Middleware\ValidatePostSize->handle(Object(Illuminate\Http\Request), Object(Closure))
#49 C:\xampp\htdocs\cashless\vendor\laravel\framework\src\Illuminate\Foundation\Http\Middleware\CheckForMaintenanceMode.php(63): Illuminate\Pipeline\Pipeline->Illuminate\Pipeline\{closure}(Object(Illuminate\Http\Request))
#50 C:\xampp\htdocs\cashless\vendor\laravel\framework\src\Illuminate\Pipeline\Pipeline.php(167): Illuminate\Foundation\Http\Middleware\CheckForMaintenanceMode->handle(Object(Illuminate\Http\Request), Object(Closure))
#51 C:\xampp\htdocs\cashless\vendor\laravel\framework\src\Illuminate\Pipeline\Pipeline.php(103): Illuminate\Pipeline\Pipeline->Illuminate\Pipeline\{closure}(Object(Illuminate\Http\Request))
#52 C:\xampp\htdocs\cashless\vendor\laravel\framework\src\Illuminate\Foundation\Http\Kernel.php(140): Illuminate\Pipeline\Pipeline->then(Object(Closure))
#53 C:\xampp\htdocs\cashless\vendor\laravel\framework\src\Illuminate\Foundation\Http\Kernel.php(109): Illuminate\Foundation\Http\Kernel->sendRequestThroughRouter(Object(Illuminate\Http\Request))
#54 C:\xampp\htdocs\cashless\public\index.php(55): Illuminate\Foundation\Http\Kernel->handle(Object(Illuminate\Http\Request))
#55 C:\xampp\htdocs\cashless\index.php(21): require_once('C:\\xampp\\htdocs...')
#56 {main}  
[2021-03-11 21:53:25] local.ERROR: Request body  {"account":"22500100345","reference":"T20031121532540040040","amount":"200.00","transdate":"2021-03-11T21:53:25Z","transid":66,"checksum":"7Br8sXQGSpZD6yupN+dXROz0ElAeumXHOClF0iOn4uU="}  
[2021-03-11 21:53:27] local.INFO: RESPONSE = {"message":"Insufficient Funds","resultcode":"010","result":{"amount":"200.00","account":"22500100345","transid":"66","reference":"T20031121532540040040","rspid":"105258459"},"errorCode":"7012"}  
[2021-03-11 21:53:49] local.ERROR: Request body  {"account":"22500100345","reference":"T20031121534840040040","amount":"200.00","transdate":"2021-03-11T21:53:48Z","transid":67,"checksum":"cV2hA5b\/8Qn0cEMvfLqJOAuXOY4SuU+fKJLSF6U9y6c="}  
[2021-03-11 21:53:51] local.INFO: RESPONSE = {"message":"Insufficient Funds","resultcode":"010","result":{"amount":"200.00","account":"22500100345","transid":"67","reference":"T20031121534840040040","rspid":"105258546"},"errorCode":"7012"}  
[2021-03-11 21:54:27] local.ERROR: Request body  {"account":"22500100345","reference":"T20031121542740040040","amount":"200.00","transdate":"2021-03-11T21:54:27Z","transid":68,"checksum":"Nmv+rjrF285bAoT8I+ANxt7dtnoOMOdZpgmSrRLxYlg="}  
[2021-03-11 21:54:29] local.INFO: RESPONSE = {"message":"Insufficient Funds","resultcode":"010","result":{"amount":"200.00","account":"22500100345","transid":"68","reference":"T20031121542740040040","rspid":"105258655"},"errorCode":"7012"}  
[2021-03-11 21:54:30] local.ERROR: PUSH-ERROR Object of class stdClass could not be converted to string  
[2021-03-11 21:54:30] local.ERROR: PUSH-ERROR-LINE582  
[2021-03-11 21:54:30] local.ERROR: PUSH-ERROR-LINE#0 C:\xampp\htdocs\cashless\vendor\laravel\framework\src\Illuminate\Database\Connection.php(582): PDOStatement->bindValue(3, Object(stdClass), 2)
#1 C:\xampp\htdocs\cashless\vendor\laravel\framework\src\Illuminate\Database\Connection.php(487): Illuminate\Database\Connection->bindValues(Object(PDOStatement), Array)
#2 C:\xampp\htdocs\cashless\vendor\laravel\framework\src\Illuminate\Database\Connection.php(664): Illuminate\Database\Connection->Illuminate\Database\{closure}('update `tpesa_r...', Array)
#3 C:\xampp\htdocs\cashless\vendor\laravel\framework\src\Illuminate\Database\Connection.php(631): Illuminate\Database\Connection->runQueryCallback('update `tpesa_r...', Array, Object(Closure))
#4 C:\xampp\htdocs\cashless\vendor\laravel\framework\src\Illuminate\Database\Connection.php(496): Illuminate\Database\Connection->run('update `tpesa_r...', Array, Object(Closure))
#5 C:\xampp\htdocs\cashless\vendor\laravel\framework\src\Illuminate\Database\Connection.php(429): Illuminate\Database\Connection->affectingStatement('update `tpesa_r...', Array)
#6 C:\xampp\htdocs\cashless\vendor\laravel\framework\src\Illuminate\Database\Query\Builder.php(2803): Illuminate\Database\Connection->update('update `tpesa_r...', Array)
#7 C:\xampp\htdocs\cashless\vendor\laravel\framework\src\Illuminate\Database\Eloquent\Builder.php(792): Illuminate\Database\Query\Builder->update(Array)
#8 C:\xampp\htdocs\cashless\vendor\laravel\framework\src\Illuminate\Database\Eloquent\Model.php(806): Illuminate\Database\Eloquent\Builder->update(Array)
#9 C:\xampp\htdocs\cashless\vendor\laravel\framework\src\Illuminate\Database\Eloquent\Model.php(721): Illuminate\Database\Eloquent\Model->performUpdate(Object(Illuminate\Database\Eloquent\Builder))
#10 C:\xampp\htdocs\cashless\app\Http\Controllers\Tpesa\CashoutHelper.php(104): Illuminate\Database\Eloquent\Model->save()
#11 C:\xampp\htdocs\cashless\app\Http\Controllers\Tpesa\CashOutController.php(72): App\Http\Controllers\Tpesa\CashoutHelper::process('40040040', '200.00')
#12 [internal function]: App\Http\Controllers\Tpesa\CashOutController->pay(Object(Illuminate\Http\Request))
#13 C:\xampp\htdocs\cashless\vendor\laravel\framework\src\Illuminate\Routing\Controller.php(54): call_user_func_array(Array, Array)
#14 C:\xampp\htdocs\cashless\vendor\laravel\framework\src\Illuminate\Routing\ControllerDispatcher.php(45): Illuminate\Routing\Controller->callAction('pay', Array)
#15 C:\xampp\htdocs\cashless\vendor\laravel\framework\src\Illuminate\Routing\Route.php(239): Illuminate\Routing\ControllerDispatcher->dispatch(Object(Illuminate\Routing\Route), Object(App\Http\Controllers\Tpesa\CashOutController), 'pay')
#16 C:\xampp\htdocs\cashless\vendor\laravel\framework\src\Illuminate\Routing\Route.php(196): Illuminate\Routing\Route->runController()
#17 C:\xampp\htdocs\cashless\vendor\laravel\framework\src\Illuminate\Routing\Router.php(685): Illuminate\Routing\Route->run()
#18 C:\xampp\htdocs\cashless\vendor\laravel\framework\src\Illuminate\Pipeline\Pipeline.php(128): Illuminate\Routing\Router->Illuminate\Routing\{closure}(Object(Illuminate\Http\Request))
#19 C:\xampp\htdocs\cashless\app\Http\Middleware\Localization.php(28): Illuminate\Pipeline\Pipeline->Illuminate\Pipeline\{closure}(Object(Illuminate\Http\Request))
#20 C:\xampp\htdocs\cashless\vendor\laravel\framework\src\Illuminate\Pipeline\Pipeline.php(167): App\Http\Middleware\Localization->handle(Object(Illuminate\Http\Request), Object(Closure))
#21 C:\xampp\htdocs\cashless\vendor\laravel\framework\src\Illuminate\Routing\Middleware\SubstituteBindings.php(41): Illuminate\Pipeline\Pipeline->Illuminate\Pipeline\{closure}(Object(Illuminate\Http\Request))
#22 C:\xampp\htdocs\cashless\vendor\laravel\framework\src\Illuminate\Pipeline\Pipeline.php(167): Illuminate\Routing\Middleware\SubstituteBindings->handle(Object(Illuminate\Http\Request), Object(Closure))
#23 C:\xampp\htdocs\cashless\vendor\laravel\framework\src\Illuminate\Foundation\Http\Middleware\VerifyCsrfToken.php(76): Illuminate\Pipeline\Pipeline->Illuminate\Pipeline\{closure}(Object(Illuminate\Http\Request))
#24 C:\xampp\htdocs\cashless\vendor\laravel\framework\src\Illuminate\Pipeline\Pipeline.php(167): Illuminate\Foundation\Http\Middleware\VerifyCsrfToken->handle(Object(Illuminate\Http\Request), Object(Closure))
#25 C:\xampp\htdocs\cashless\vendor\laravel\framework\src\Illuminate\View\Middleware\ShareErrorsFromSession.php(49): Illuminate\Pipeline\Pipeline->Illuminate\Pipeline\{closure}(Object(Illuminate\Http\Request))
#26 C:\xampp\htdocs\cashless\vendor\laravel\framework\src\Illuminate\Pipeline\Pipeline.php(167): Illuminate\View\Middleware\ShareErrorsFromSession->handle(Object(Illuminate\Http\Request), Object(Closure))
#27 C:\xampp\htdocs\cashless\vendor\laravel\framework\src\Illuminate\Session\Middleware\StartSession.php(116): Illuminate\Pipeline\Pipeline->Illuminate\Pipeline\{closure}(Object(Illuminate\Http\Request))
#28 C:\xampp\htdocs\cashless\vendor\laravel\framework\src\Illuminate\Session\Middleware\StartSession.php(62): Illuminate\Session\Middleware\StartSession->handleStatefulRequest(Object(Illuminate\Http\Request), Object(Illuminate\Session\Store), Object(Closure))
#29 C:\xampp\htdocs\cashless\vendor\laravel\framework\src\Illuminate\Pipeline\Pipeline.php(167): Illuminate\Session\Middleware\StartSession->handle(Object(Illuminate\Http\Request), Object(Closure))
#30 C:\xampp\htdocs\cashless\vendor\laravel\framework\src\Illuminate\Cookie\Middleware\AddQueuedCookiesToResponse.php(37): Illuminate\Pipeline\Pipeline->Illuminate\Pipeline\{closure}(Object(Illuminate\Http\Request))
#31 C:\xampp\htdocs\cashless\vendor\laravel\framework\src\Illuminate\Pipeline\Pipeline.php(167): Illuminate\Cookie\Middleware\AddQueuedCookiesToResponse->handle(Object(Illuminate\Http\Request), Object(Closure))
#32 C:\xampp\htdocs\cashless\vendor\laravel\framework\src\Illuminate\Cookie\Middleware\EncryptCookies.php(66): Illuminate\Pipeline\Pipeline->Illuminate\Pipeline\{closure}(Object(Illuminate\Http\Request))
#33 C:\xampp\htdocs\cashless\vendor\laravel\framework\src\Illuminate\Pipeline\Pipeline.php(167): Illuminate\Cookie\Middleware\EncryptCookies->handle(Object(Illuminate\Http\Request), Object(Closure))
#34 C:\xampp\htdocs\cashless\vendor\laravel\framework\src\Illuminate\Pipeline\Pipeline.php(103): Illuminate\Pipeline\Pipeline->Illuminate\Pipeline\{closure}(Object(Illuminate\Http\Request))
#35 C:\xampp\htdocs\cashless\vendor\laravel\framework\src\Illuminate\Routing\Router.php(687): Illuminate\Pipeline\Pipeline->then(Object(Closure))
#36 C:\xampp\htdocs\cashless\vendor\laravel\framework\src\Illuminate\Routing\Router.php(662): Illuminate\Routing\Router->runRouteWithinStack(Object(Illuminate\Routing\Route), Object(Illuminate\Http\Request))
#37 C:\xampp\htdocs\cashless\vendor\laravel\framework\src\Illuminate\Routing\Router.php(628): Illuminate\Routing\Router->runRoute(Object(Illuminate\Http\Request), Object(Illuminate\Routing\Route))
#38 C:\xampp\htdocs\cashless\vendor\laravel\framework\src\Illuminate\Routing\Router.php(617): Illuminate\Routing\Router->dispatchToRoute(Object(Illuminate\Http\Request))
#39 C:\xampp\htdocs\cashless\vendor\laravel\framework\src\Illuminate\Foundation\Http\Kernel.php(165): Illuminate\Routing\Router->dispatch(Object(Illuminate\Http\Request))
#40 C:\xampp\htdocs\cashless\vendor\laravel\framework\src\Illuminate\Pipeline\Pipeline.php(128): Illuminate\Foundation\Http\Kernel->Illuminate\Foundation\Http\{closure}(Object(Illuminate\Http\Request))
#41 C:\xampp\htdocs\cashless\vendor\fideloper\proxy\src\TrustProxies.php(57): Illuminate\Pipeline\Pipeline->Illuminate\Pipeline\{closure}(Object(Illuminate\Http\Request))
#42 C:\xampp\htdocs\cashless\vendor\laravel\framework\src\Illuminate\Pipeline\Pipeline.php(167): Fideloper\Proxy\TrustProxies->handle(Object(Illuminate\Http\Request), Object(Closure))
#43 C:\xampp\htdocs\cashless\vendor\laravel\framework\src\Illuminate\Foundation\Http\Middleware\TransformsRequest.php(21): Illuminate\Pipeline\Pipeline->Illuminate\Pipeline\{closure}(Object(Illuminate\Http\Request))
#44 C:\xampp\htdocs\cashless\vendor\laravel\framework\src\Illuminate\Pipeline\Pipeline.php(167): Illuminate\Foundation\Http\Middleware\TransformsRequest->handle(Object(Illuminate\Http\Request), Object(Closure))
#45 C:\xampp\htdocs\cashless\vendor\laravel\framework\src\Illuminate\Foundation\Http\Middleware\TransformsRequest.php(21): Illuminate\Pipeline\Pipeline->Illuminate\Pipeline\{closure}(Object(Illuminate\Http\Request))
#46 C:\xampp\htdocs\cashless\vendor\laravel\framework\src\Illuminate\Pipeline\Pipeline.php(167): Illuminate\Foundation\Http\Middleware\TransformsRequest->handle(Object(Illuminate\Http\Request), Object(Closure))
#47 C:\xampp\htdocs\cashless\vendor\laravel\framework\src\Illuminate\Foundation\Http\Middleware\ValidatePostSize.php(27): Illuminate\Pipeline\Pipeline->Illuminate\Pipeline\{closure}(Object(Illuminate\Http\Request))
#48 C:\xampp\htdocs\cashless\vendor\laravel\framework\src\Illuminate\Pipeline\Pipeline.php(167): Illuminate\Foundation\Http\Middleware\ValidatePostSize->handle(Object(Illuminate\Http\Request), Object(Closure))
#49 C:\xampp\htdocs\cashless\vendor\laravel\framework\src\Illuminate\Foundation\Http\Middleware\CheckForMaintenanceMode.php(63): Illuminate\Pipeline\Pipeline->Illuminate\Pipeline\{closure}(Object(Illuminate\Http\Request))
#50 C:\xampp\htdocs\cashless\vendor\laravel\framework\src\Illuminate\Pipeline\Pipeline.php(167): Illuminate\Foundation\Http\Middleware\CheckForMaintenanceMode->handle(Object(Illuminate\Http\Request), Object(Closure))
#51 C:\xampp\htdocs\cashless\vendor\laravel\framework\src\Illuminate\Pipeline\Pipeline.php(103): Illuminate\Pipeline\Pipeline->Illuminate\Pipeline\{closure}(Object(Illuminate\Http\Request))
#52 C:\xampp\htdocs\cashless\vendor\laravel\framework\src\Illuminate\Foundation\Http\Kernel.php(140): Illuminate\Pipeline\Pipeline->then(Object(Closure))
#53 C:\xampp\htdocs\cashless\vendor\laravel\framework\src\Illuminate\Foundation\Http\Kernel.php(109): Illuminate\Foundation\Http\Kernel->sendRequestThroughRouter(Object(Illuminate\Http\Request))
#54 C:\xampp\htdocs\cashless\public\index.php(55): Illuminate\Foundation\Http\Kernel->handle(Object(Illuminate\Http\Request))
#55 C:\xampp\htdocs\cashless\index.php(21): require_once('C:\\xampp\\htdocs...')
#56 {main}  
[2021-03-11 21:55:01] local.ERROR: Request body  {"account":"22500100345","reference":"T20031121550040040040","amount":"200.00","transdate":"2021-03-11T21:55:00Z","transid":69,"checksum":"EJhQulvxI4Gj2OfyA9jF57FuINIfeW51xH50irC+1qw="}  
[2021-03-11 21:55:04] local.INFO: RESPONSE = {"message":"Insufficient Funds","resultcode":"010","result":{"amount":"200.00","account":"22500100345","transid":"69","reference":"T20031121550040040040","rspid":"105258786"},"errorCode":"7012"}  
[2021-03-11 21:55:42] local.ERROR: Request body  {"account":"22500100345","reference":"T20031121554140040040","amount":"200.00","transdate":"2021-03-11T21:55:41Z","transid":70,"checksum":"fTGZEmgKIiVnx0q4WBLxfRkRJG5DNrjQ2Rw2pIYwCVY="}  
[2021-03-11 21:55:45] local.INFO: RESPONSE = {"message":"Insufficient Funds","resultcode":"010","result":{"amount":"200.00","account":"22500100345","transid":"70","reference":"T20031121554140040040","rspid":"105258991"},"errorCode":"7012"}  
[2021-03-11 21:56:06] local.ERROR: Request body  {"account":"22500100345","reference":"T20031121560640040040","amount":"200.00","transdate":"2021-03-11T21:56:06Z","transid":71,"checksum":"P7iiQK8Dd17XdgoiODOOnFrsjcqD8ZLNw29R5n9SOCk="}  
[2021-03-11 21:56:09] local.INFO: RESPONSE = {"message":"Insufficient Funds","resultcode":"010","result":{"amount":"200.00","account":"22500100345","transid":"71","reference":"T20031121560640040040","rspid":"105259093"},"errorCode":"7012"}  
[2021-03-11 21:56:09] local.ERROR: {"message":"Insufficient Funds","resultcode":"010","result":{"amount":"200.00","account":"22500100345","transid":"71","reference":"T20031121560640040040","rspid":"105259093"},"errorCode":"7012"}  
[2021-03-11 21:56:19] local.ERROR: Request body  {"account":"22500100345","reference":"T20031121561840040040","amount":"200.00","transdate":"2021-03-11T21:56:19Z","transid":72,"checksum":"9eUk49LHlOJQKcarnJqmgqWa+\/kwxFOp3VWQHPSa13Q="}  
[2021-03-11 21:56:22] local.INFO: RESPONSE = {"message":"Insufficient Funds","resultcode":"010","result":{"amount":"200.00","account":"22500100345","transid":"72","reference":"T20031121561840040040","rspid":"105259147"},"errorCode":"7012"}  
[2021-03-11 21:56:23] local.ERROR: {"message":"Insufficient Funds","resultcode":"010","result":{"amount":"200.00","account":"22500100345","transid":"72","reference":"T20031121561840040040","rspid":"105259147"},"errorCode":"7012"}  
[2021-03-11 21:57:15] local.ERROR: Request body  {"account":"22500100345","reference":"T20031121571440040040","amount":"200.00","transdate":"2021-03-11T21:57:14Z","transid":73,"checksum":"Fhpz4Q+uxlbbt0y+MjKOgx\/ezlCuavjpX24Ser6W0Mg="}  
[2021-03-11 21:57:17] local.INFO: RESPONSE = {"message":"Insufficient Funds","resultcode":"010","result":{"amount":"200.00","account":"22500100345","transid":"73","reference":"T20031121571440040040","rspid":"105259373"},"errorCode":"7012"}  
[2021-03-11 21:57:17] local.ERROR: {"message":"Insufficient Funds","resultcode":"010","result":{"amount":"200.00","account":"22500100345","transid":"73","reference":"T20031121571440040040","rspid":"105259373"},"errorCode":"7012"}  
[2021-03-11 21:57:17] local.ERROR: PUSH-ERROR  Insufficient Funds  
