[2021-06-16 11:43:00] local.INFO: request body -{"account":"202020","reference":"W200616114259202020","amount":"100","transdate":"2021-06-16T11:42:59Z","transid":"57","checksum":"dzYpPGCVDnoVXhdNn6vJ8OemwLmCHqnBEj1gdaScvnA=","AggregatorName":"NCARD","cellid":null}  
[2021-06-16 11:43:05] local.INFO: request body -{"message":"Success","resultcode":"0","result":{"amount":"100","account":"202020","transid":"57","reference":"W200616114259202020","rspid":"176512","balance":"98400"},"errorCode":"200"}  
[2021-06-16 11:43:05] local.INFO: response body -{"message":"Success","resultcode":"0","result":{"amount":"100","account":"202020","transid":"57","reference":"W200616114259202020","rspid":"176512","balance":"98400"},"errorCode":"200"}  
[2021-06-16 11:54:18] local.INFO: request body -{"account":"202020","reference":"W200616115417202020","amount":"100","transdate":"2021-06-16T11:54:17Z","transid":"58","checksum":"kll5IBItD7Hk9\/ua\/lQgBGAA9KkwO6Komw4d5tr6wAE=","AggregatorName":"NCARD","cellid":null}  
[2021-06-16 11:54:21] local.INFO: request body -{"message":"Success","resultcode":"0","result":{"amount":"100","account":"202020","transid":"58","reference":"W200616115417202020","rspid":"176516","balance":"98300"},"errorCode":"200"}  
[2021-06-16 11:54:21] local.INFO: response body -{"message":"Success","resultcode":"0","result":{"amount":"100","account":"202020","transid":"58","reference":"W200616115417202020","rspid":"176516","balance":"98300"},"errorCode":"200"}  
[2021-06-16 11:57:24] local.INFO: request body -{"account":"202020","reference":"W200616115723202020","amount":"100","transdate":"2021-06-16T11:57:23Z","transid":"59","checksum":"R4krKL4Ms+pn8vop2EKeDnl1fj2hEVEKpLNhQMvwEEg=","AggregatorName":"NCARD","cellid":null}  
[2021-06-16 11:57:27] local.INFO: request body -{"message":"Success","resultcode":"0","result":{"amount":"100","account":"202020","transid":"59","reference":"W200616115723202020","rspid":"176520","balance":"98200"},"errorCode":"200"}  
[2021-06-16 11:57:27] local.INFO: response body -{"message":"Success","resultcode":"0","result":{"amount":"100","account":"202020","transid":"59","reference":"W200616115723202020","rspid":"176520","balance":"98200"},"errorCode":"200"}  
[2021-06-16 11:59:01] local.INFO: request body -{"account":"202020","reference":"W200616115900202020","amount":"100","transdate":"2021-06-16T11:59:00Z","transid":"60","checksum":"FoZ+JEXzGLcSLJGAFflQhvKlKO4KV0i6QDmcG2hvoy4=","AggregatorName":"NCARD","cellid":null}  
[2021-06-16 11:59:04] local.INFO: request body -{"message":"Success","resultcode":"0","result":{"amount":"100","account":"202020","transid":"60","reference":"W200616115900202020","rspid":"176524","balance":"98100"},"errorCode":"200"}  
[2021-06-16 11:59:04] local.INFO: response body -{"message":"Success","resultcode":"0","result":{"amount":"100","account":"202020","transid":"60","reference":"W200616115900202020","rspid":"176524","balance":"98100"},"errorCode":"200"}  
[2021-06-16 12:10:38] local.INFO: request body -{"account":"202020","reference":"W200616121037202020","amount":"100","transdate":"2021-06-16T12:10:37Z","transid":"61","checksum":"ie497LPKgM0c1duPWtginlAtDTK4DAaeCOjqH9FMhWo=","AggregatorName":"NCARD","cellid":null}  
[2021-06-16 12:10:41] local.INFO: request body -{"message":"Success","resultcode":"0","result":{"amount":"100","account":"202020","transid":"61","reference":"W200616121037202020","rspid":"176528","balance":"98000"},"errorCode":"200"}  
[2021-06-16 12:10:41] local.INFO: response body -{"message":"Success","resultcode":"0","result":{"amount":"100","account":"202020","transid":"61","reference":"W200616121037202020","rspid":"176528","balance":"98000"},"errorCode":"200"}  
[2021-06-16 12:11:36] local.INFO: request body -{"account":"202020","reference":"W200616121136202020","amount":"100","transdate":"2021-06-16T12:11:36Z","transid":"62","checksum":"EASJyJh+N+YCsblCgSrSyiqVwRjKA9lhyxgjF2VEXhE=","AggregatorName":"NCARD","cellid":null}  
[2021-06-16 12:11:40] local.INFO: request body -{"message":"Success","resultcode":"0","result":{"amount":"100","account":"202020","transid":"62","reference":"W200616121136202020","rspid":"176532","balance":"97900"},"errorCode":"200"}  
[2021-06-16 12:11:40] local.INFO: response body -{"message":"Success","resultcode":"0","result":{"amount":"100","account":"202020","transid":"62","reference":"W200616121136202020","rspid":"176532","balance":"97900"},"errorCode":"200"}  
[2021-06-16 12:12:26] local.INFO: request body -{"account":"202020","reference":"W200616121225202020","amount":"100","transdate":"2021-06-16T12:12:25Z","transid":"63","checksum":"wnW8JUdLuxFqHzxLppe7SBQS7Zrzw8dwAdrQB9WXopA=","AggregatorName":"NCARD","cellid":null}  
[2021-06-16 12:12:29] local.INFO: request body -{"message":"Success","resultcode":"0","result":{"amount":"100","account":"202020","transid":"63","reference":"W200616121225202020","rspid":"176536","balance":"97800"},"errorCode":"200"}  
[2021-06-16 12:12:29] local.INFO: response body -{"message":"Success","resultcode":"0","result":{"amount":"100","account":"202020","transid":"63","reference":"W200616121225202020","rspid":"176536","balance":"97800"},"errorCode":"200"}  
[2021-06-16 12:13:17] local.INFO: request body -{"account":"202020","reference":"W200616121316202020","amount":"100","transdate":"2021-06-16T12:13:16Z","transid":"64","checksum":"\/XXwWsWyYTnSgM4M50ViF3bBvWPAJH1kfI+CGi0Bugs=","AggregatorName":"NCARD","cellid":null}  
[2021-06-16 12:13:20] local.INFO: request body -{"message":"Success","resultcode":"0","result":{"amount":"100","account":"202020","transid":"64","reference":"W200616121316202020","rspid":"176540","balance":"97700"},"errorCode":"200"}  
[2021-06-16 12:13:20] local.INFO: response body -{"message":"Success","resultcode":"0","result":{"amount":"100","account":"202020","transid":"64","reference":"W200616121316202020","rspid":"176540","balance":"97700"},"errorCode":"200"}  
[2021-06-16 12:15:01] local.INFO: request body -{"account":"202020","reference":"W200616121445202020","amount":"100","transdate":"2021-06-16T12:14:45Z","transid":"65","checksum":"LRafBZcsrGNsEtdW8HH7GqsbILK581SSSLrdopgpY0o=","AggregatorName":"NCARD","cellid":null}  
[2021-06-16 12:15:04] local.INFO: request body -{"message":"Success","resultcode":"0","result":{"amount":"100","account":"202020","transid":"65","reference":"W200616121445202020","rspid":"176544","balance":"97600"},"errorCode":"200"}  
[2021-06-16 12:15:04] local.INFO: response body -{"message":"Success","resultcode":"0","result":{"amount":"100","account":"202020","transid":"65","reference":"W200616121445202020","rspid":"176544","balance":"97600"},"errorCode":"200"}  
[2021-06-16 12:38:17] local.INFO: request body -{"account":"202020","reference":"W200616123816202020","amount":"100","transdate":"2021-06-16T12:38:16Z","transid":"66","checksum":"e4iZlMKD+MQmfrtkJeW4bLuAzZd1WzMnNVCMapqRXYA=","AggregatorName":"NCARD","cellid":null}  
[2021-06-16 12:38:20] local.INFO: request body -{"message":"Success","resultcode":"0","result":{"amount":"100","account":"202020","transid":"66","reference":"W200616123816202020","rspid":"176548","balance":"97500"},"errorCode":"200"}  
[2021-06-16 12:38:20] local.INFO: response body -{"message":"Success","resultcode":"0","result":{"amount":"100","account":"202020","transid":"66","reference":"W200616123816202020","rspid":"176548","balance":"97500"},"errorCode":"200"}  
[2021-06-16 12:42:46] local.INFO: request body -{"account":"202020","reference":"W200616124246202020","amount":"100","transdate":"2021-06-16T12:42:46Z","transid":"67","checksum":"lQU2ruLqBxRqoauByAByzu2pTb9xKKxgTh0qG8lYxfk=","AggregatorName":"NCARD","cellid":null}  
[2021-06-16 12:42:50] local.INFO: request body -{"message":"Success","resultcode":"0","result":{"amount":"100","account":"202020","transid":"67","reference":"W200616124246202020","rspid":"176556","balance":"97400"},"errorCode":"200"}  
[2021-06-16 12:42:50] local.INFO: response body -{"message":"Success","resultcode":"0","result":{"amount":"100","account":"202020","transid":"67","reference":"W200616124246202020","rspid":"176556","balance":"97400"},"errorCode":"200"}  
[2021-06-16 12:58:44] local.INFO: request body -{"account":"202020","reference":"W200616125828202020","amount":"100","transdate":"2021-06-16T12:58:28Z","transid":"68","checksum":"6yaUShj+giqsrfEhlSr233fnVtzOnOXsbYEThOHovNo=","AggregatorName":"NCARD","cellid":null}  
[2021-06-16 12:58:48] local.INFO: request body -{"message":"Success","resultcode":"0","result":{"amount":"100","account":"202020","transid":"68","reference":"W200616125828202020","rspid":"176560","balance":"97300"},"errorCode":"200"}  
[2021-06-16 12:58:48] local.INFO: response body -{"message":"Success","resultcode":"0","result":{"amount":"100","account":"202020","transid":"68","reference":"W200616125828202020","rspid":"176560","balance":"97300"},"errorCode":"200"}  
[2021-06-16 13:00:39] local.INFO: request body -{"account":"202020","reference":"W200616130038202020","amount":"100","transdate":"2021-06-16T13:00:38Z","transid":"69","checksum":"B6xCltBWt0mdxuu\/UKKQHhHe8Usqz\/plr0MO+pzGjXU=","AggregatorName":"NCARD","cellid":null}  
[2021-06-16 13:00:42] local.INFO: request body -{"message":"Success","resultcode":"0","result":{"amount":"100","account":"202020","transid":"69","reference":"W200616130038202020","rspid":"176564","balance":"97200"},"errorCode":"200"}  
[2021-06-16 13:00:42] local.INFO: response body -{"message":"Success","resultcode":"0","result":{"amount":"100","account":"202020","transid":"69","reference":"W200616130038202020","rspid":"176564","balance":"97200"},"errorCode":"200"}  
