[2021-04-14 15:47:41] local.INFO: request body -{"account":"283925","reference":"wqwq3313","amount":"100","transdate":"2021-04-14T15:47:40Z","transid":13,"checksum":"wqwq33132021-04-14T15:47:40Z100jBYIn7U8bfsNFPe6pPhXVKN3uq9PJfDQZPtU5dl26Y0="}  
[2021-04-14 15:48:02] local.ERROR: cURL error 28: Failed to connect to 10.60.81.5 port 3012: Timed out (see https://curl.haxx.se/libcurl/c/libcurl-errors.html)  
[2021-04-14 15:48:02] local.ERROR: #0 C:\xampp\htdocs\cashless\vendor\laravel\framework\src\Illuminate\Support\helpers.php(404): Illuminate\Http\Client\PendingRequest->Illuminate\Http\Client\{closure}(1)
#1 C:\xampp\htdocs\cashless\vendor\laravel\framework\src\Illuminate\Http\Client\PendingRequest.php(557): retry(0, Object(Closure), 100)
#2 C:\xampp\htdocs\cashless\vendor\laravel\framework\src\Illuminate\Http\Client\PendingRequest.php(461): Illuminate\Http\Client\PendingRequest->send('POST', 'http://10.60.81...', Array)
#3 C:\xampp\htdocs\cashless\vendor\laravel\framework\src\Illuminate\Http\Client\Factory.php(283): Illuminate\Http\Client\PendingRequest->post('http://10.60.81...', Array)
#4 C:\xampp\htdocs\cashless\vendor\laravel\framework\src\Illuminate\Support\Facades\Facade.php(261): Illuminate\Http\Client\Factory->__call('post', Array)
#5 C:\xampp\htdocs\cashless\app\Http\Controllers\Agent\TpesaNcardFund.php(73): Illuminate\Support\Facades\Facade::__callStatic('post', Array)
#6 C:\xampp\htdocs\cashless\app\Http\Controllers\Agent\AgentsController.php(56): App\Http\Controllers\Agent\TpesaNcardFund::saveRecord(100, 'wqwq3313', '283925', '2021-04-14T15:4...', NULL)
#7 [internal function]: App\Http\Controllers\Agent\AgentsController->topup(Object(Illuminate\Http\Request))
#8 C:\xampp\htdocs\cashless\vendor\laravel\framework\src\Illuminate\Routing\Controller.php(54): call_user_func_array(Array, Array)
#9 C:\xampp\htdocs\cashless\vendor\laravel\framework\src\Illuminate\Routing\ControllerDispatcher.php(45): Illuminate\Routing\Controller->callAction('topup', Array)
#10 C:\xampp\htdocs\cashless\vendor\laravel\framework\src\Illuminate\Routing\Route.php(239): Illuminate\Routing\ControllerDispatcher->dispatch(Object(Illuminate\Routing\Route), Object(App\Http\Controllers\Agent\AgentsController), 'topup')
#11 C:\xampp\htdocs\cashless\vendor\laravel\framework\src\Illuminate\Routing\Route.php(196): Illuminate\Routing\Route->runController()
#12 C:\xampp\htdocs\cashless\vendor\laravel\framework\src\Illuminate\Routing\Router.php(685): Illuminate\Routing\Route->run()
#13 C:\xampp\htdocs\cashless\vendor\laravel\framework\src\Illuminate\Pipeline\Pipeline.php(128): Illuminate\Routing\Router->Illuminate\Routing\{closure}(Object(Illuminate\Http\Request))
#14 C:\xampp\htdocs\cashless\app\Http\Middleware\Localization.php(28): Illuminate\Pipeline\Pipeline->Illuminate\Pipeline\{closure}(Object(Illuminate\Http\Request))
#15 C:\xampp\htdocs\cashless\vendor\laravel\framework\src\Illuminate\Pipeline\Pipeline.php(167): App\Http\Middleware\Localization->handle(Object(Illuminate\Http\Request), Object(Closure))
#16 C:\xampp\htdocs\cashless\vendor\laravel\framework\src\Illuminate\Routing\Middleware\SubstituteBindings.php(41): Illuminate\Pipeline\Pipeline->Illuminate\Pipeline\{closure}(Object(Illuminate\Http\Request))
#17 C:\xampp\htdocs\cashless\vendor\laravel\framework\src\Illuminate\Pipeline\Pipeline.php(167): Illuminate\Routing\Middleware\SubstituteBindings->handle(Object(Illuminate\Http\Request), Object(Closure))
#18 C:\xampp\htdocs\cashless\vendor\laravel\framework\src\Illuminate\Auth\Middleware\Authenticate.php(44): Illuminate\Pipeline\Pipeline->Illuminate\Pipeline\{closure}(Object(Illuminate\Http\Request))
#19 C:\xampp\htdocs\cashless\vendor\laravel\framework\src\Illuminate\Pipeline\Pipeline.php(167): Illuminate\Auth\Middleware\Authenticate->handle(Object(Illuminate\Http\Request), Object(Closure))
#20 C:\xampp\htdocs\cashless\vendor\laravel\framework\src\Illuminate\Foundation\Http\Middleware\VerifyCsrfToken.php(76): Illuminate\Pipeline\Pipeline->Illuminate\Pipeline\{closure}(Object(Illuminate\Http\Request))
#21 C:\xampp\htdocs\cashless\vendor\laravel\framework\src\Illuminate\Pipeline\Pipeline.php(167): Illuminate\Foundation\Http\Middleware\VerifyCsrfToken->handle(Object(Illuminate\Http\Request), Object(Closure))
#22 C:\xampp\htdocs\cashless\vendor\laravel\framework\src\Illuminate\View\Middleware\ShareErrorsFromSession.php(49): Illuminate\Pipeline\Pipeline->Illuminate\Pipeline\{closure}(Object(Illuminate\Http\Request))
#23 C:\xampp\htdocs\cashless\vendor\laravel\framework\src\Illuminate\Pipeline\Pipeline.php(167): Illuminate\View\Middleware\ShareErrorsFromSession->handle(Object(Illuminate\Http\Request), Object(Closure))
#24 C:\xampp\htdocs\cashless\vendor\laravel\framework\src\Illuminate\Session\Middleware\StartSession.php(116): Illuminate\Pipeline\Pipeline->Illuminate\Pipeline\{closure}(Object(Illuminate\Http\Request))
#25 C:\xampp\htdocs\cashless\vendor\laravel\framework\src\Illuminate\Session\Middleware\StartSession.php(62): Illuminate\Session\Middleware\StartSession->handleStatefulRequest(Object(Illuminate\Http\Request), Object(Illuminate\Session\Store), Object(Closure))
#26 C:\xampp\htdocs\cashless\vendor\laravel\framework\src\Illuminate\Pipeline\Pipeline.php(167): Illuminate\Session\Middleware\StartSession->handle(Object(Illuminate\Http\Request), Object(Closure))
#27 C:\xampp\htdocs\cashless\vendor\laravel\framework\src\Illuminate\Cookie\Middleware\AddQueuedCookiesToResponse.php(37): Illuminate\Pipeline\Pipeline->Illuminate\Pipeline\{closure}(Object(Illuminate\Http\Request))
#28 C:\xampp\htdocs\cashless\vendor\laravel\framework\src\Illuminate\Pipeline\Pipeline.php(167): Illuminate\Cookie\Middleware\AddQueuedCookiesToResponse->handle(Object(Illuminate\Http\Request), Object(Closure))
#29 C:\xampp\htdocs\cashless\vendor\laravel\framework\src\Illuminate\Cookie\Middleware\EncryptCookies.php(66): Illuminate\Pipeline\Pipeline->Illuminate\Pipeline\{closure}(Object(Illuminate\Http\Request))
#30 C:\xampp\htdocs\cashless\vendor\laravel\framework\src\Illuminate\Pipeline\Pipeline.php(167): Illuminate\Cookie\Middleware\EncryptCookies->handle(Object(Illuminate\Http\Request), Object(Closure))
#31 C:\xampp\htdocs\cashless\vendor\laravel\framework\src\Illuminate\Pipeline\Pipeline.php(103): Illuminate\Pipeline\Pipeline->Illuminate\Pipeline\{closure}(Object(Illuminate\Http\Request))
#32 C:\xampp\htdocs\cashless\vendor\laravel\framework\src\Illuminate\Routing\Router.php(687): Illuminate\Pipeline\Pipeline->then(Object(Closure))
#33 C:\xampp\htdocs\cashless\vendor\laravel\framework\src\Illuminate\Routing\Router.php(662): Illuminate\Routing\Router->runRouteWithinStack(Object(Illuminate\Routing\Route), Object(Illuminate\Http\Request))
#34 C:\xampp\htdocs\cashless\vendor\laravel\framework\src\Illuminate\Routing\Router.php(628): Illuminate\Routing\Router->runRoute(Object(Illuminate\Http\Request), Object(Illuminate\Routing\Route))
#35 C:\xampp\htdocs\cashless\vendor\laravel\framework\src\Illuminate\Routing\Router.php(617): Illuminate\Routing\Router->dispatchToRoute(Object(Illuminate\Http\Request))
#36 C:\xampp\htdocs\cashless\vendor\laravel\framework\src\Illuminate\Foundation\Http\Kernel.php(165): Illuminate\Routing\Router->dispatch(Object(Illuminate\Http\Request))
#37 C:\xampp\htdocs\cashless\vendor\laravel\framework\src\Illuminate\Pipeline\Pipeline.php(128): Illuminate\Foundation\Http\Kernel->Illuminate\Foundation\Http\{closure}(Object(Illuminate\Http\Request))
#38 C:\xampp\htdocs\cashless\vendor\fideloper\proxy\src\TrustProxies.php(57): Illuminate\Pipeline\Pipeline->Illuminate\Pipeline\{closure}(Object(Illuminate\Http\Request))
#39 C:\xampp\htdocs\cashless\vendor\laravel\framework\src\Illuminate\Pipeline\Pipeline.php(167): Fideloper\Proxy\TrustProxies->handle(Object(Illuminate\Http\Request), Object(Closure))
#40 C:\xampp\htdocs\cashless\vendor\laravel\framework\src\Illuminate\Foundation\Http\Middleware\TransformsRequest.php(21): Illuminate\Pipeline\Pipeline->Illuminate\Pipeline\{closure}(Object(Illuminate\Http\Request))
#41 C:\xampp\htdocs\cashless\vendor\laravel\framework\src\Illuminate\Pipeline\Pipeline.php(167): Illuminate\Foundation\Http\Middleware\TransformsRequest->handle(Object(Illuminate\Http\Request), Object(Closure))
#42 C:\xampp\htdocs\cashless\vendor\laravel\framework\src\Illuminate\Foundation\Http\Middleware\TransformsRequest.php(21): Illuminate\Pipeline\Pipeline->Illuminate\Pipeline\{closure}(Object(Illuminate\Http\Request))
#43 C:\xampp\htdocs\cashless\vendor\laravel\framework\src\Illuminate\Pipeline\Pipeline.php(167): Illuminate\Foundation\Http\Middleware\TransformsRequest->handle(Object(Illuminate\Http\Request), Object(Closure))
#44 C:\xampp\htdocs\cashless\vendor\laravel\framework\src\Illuminate\Foundation\Http\Middleware\ValidatePostSize.php(27): Illuminate\Pipeline\Pipeline->Illuminate\Pipeline\{closure}(Object(Illuminate\Http\Request))
#45 C:\xampp\htdocs\cashless\vendor\laravel\framework\src\Illuminate\Pipeline\Pipeline.php(167): Illuminate\Foundation\Http\Middleware\ValidatePostSize->handle(Object(Illuminate\Http\Request), Object(Closure))
#46 C:\xampp\htdocs\cashless\vendor\laravel\framework\src\Illuminate\Foundation\Http\Middleware\CheckForMaintenanceMode.php(63): Illuminate\Pipeline\Pipeline->Illuminate\Pipeline\{closure}(Object(Illuminate\Http\Request))
#47 C:\xampp\htdocs\cashless\vendor\laravel\framework\src\Illuminate\Pipeline\Pipeline.php(167): Illuminate\Foundation\Http\Middleware\CheckForMaintenanceMode->handle(Object(Illuminate\Http\Request), Object(Closure))
#48 C:\xampp\htdocs\cashless\vendor\laravel\framework\src\Illuminate\Pipeline\Pipeline.php(103): Illuminate\Pipeline\Pipeline->Illuminate\Pipeline\{closure}(Object(Illuminate\Http\Request))
#49 C:\xampp\htdocs\cashless\vendor\laravel\framework\src\Illuminate\Foundation\Http\Kernel.php(140): Illuminate\Pipeline\Pipeline->then(Object(Closure))
#50 C:\xampp\htdocs\cashless\vendor\laravel\framework\src\Illuminate\Foundation\Http\Kernel.php(109): Illuminate\Foundation\Http\Kernel->sendRequestThroughRouter(Object(Illuminate\Http\Request))
#51 C:\xampp\htdocs\cashless\public\index.php(55): Illuminate\Foundation\Http\Kernel->handle(Object(Illuminate\Http\Request))
#52 C:\xampp\htdocs\cashless\index.php(21): require_once('C:\\xampp\\htdocs...')
#53 {main}  
[2021-04-14 15:48:02] local.ERROR: 555  
[2021-04-14 15:48:02] local.ERROR: GuzzleHttp\Exception\ConnectException: cURL error 28: Failed to connect to 10.60.81.5 port 3012: Timed out (see https://curl.haxx.se/libcurl/c/libcurl-errors.html) in C:\xampp\htdocs\cashless\vendor\guzzlehttp\guzzle\src\Handler\CurlFactory.php:200
Stack trace:
#0 C:\xampp\htdocs\cashless\vendor\guzzlehttp\guzzle\src\Handler\CurlFactory.php(155): GuzzleHttp\Handler\CurlFactory::createRejection(Object(GuzzleHttp\Handler\EasyHandle), Array)
#1 C:\xampp\htdocs\cashless\vendor\guzzlehttp\guzzle\src\Handler\CurlFactory.php(105): GuzzleHttp\Handler\CurlFactory::finishError(Object(GuzzleHttp\Handler\CurlHandler), Object(GuzzleHttp\Handler\EasyHandle), Object(GuzzleHttp\Handler\CurlFactory))
#2 C:\xampp\htdocs\cashless\vendor\guzzlehttp\guzzle\src\Handler\CurlHandler.php(43): GuzzleHttp\Handler\CurlFactory::finish(Object(GuzzleHttp\Handler\CurlHandler), Object(GuzzleHttp\Handler\EasyHandle), Object(GuzzleHttp\Handler\CurlFactory))
#3 C:\xampp\htdocs\cashless\vendor\guzzlehttp\guzzle\src\Handler\Proxy.php(28): GuzzleHttp\Handler\CurlHandler->__invoke(Object(GuzzleHttp\Psr7\Request), Array)
#4 C:\xampp\htdocs\cashless\vendor\guzzlehttp\guzzle\src\Handler\Proxy.php(51): GuzzleHttp\Handler\Proxy::GuzzleHttp\Handler\{closure}(Object(GuzzleHttp\Psr7\Request), Array)
#5 C:\xampp\htdocs\cashless\vendor\laravel\framework\src\Illuminate\Http\Client\PendingRequest.php(684): GuzzleHttp\Handler\Proxy::GuzzleHttp\Handler\{closure}(Object(GuzzleHttp\Psr7\Request), Array)
#6 C:\xampp\htdocs\cashless\vendor\laravel\framework\src\Illuminate\Http\Client\PendingRequest.php(654): Illuminate\Http\Client\PendingRequest->Illuminate\Http\Client\{closure}(Object(GuzzleHttp\Psr7\Request), Array)
#7 C:\xampp\htdocs\cashless\vendor\laravel\framework\src\Illuminate\Http\Client\PendingRequest.php(640): Illuminate\Http\Client\PendingRequest->Illuminate\Http\Client\{closure}(Object(GuzzleHttp\Psr7\Request), Array)
#8 C:\xampp\htdocs\cashless\vendor\guzzlehttp\guzzle\src\PrepareBodyMiddleware.php(66): Illuminate\Http\Client\PendingRequest->Illuminate\Http\Client\{closure}(Object(GuzzleHttp\Psr7\Request), Array)
#9 C:\xampp\htdocs\cashless\vendor\guzzlehttp\guzzle\src\Middleware.php(35): GuzzleHttp\PrepareBodyMiddleware->__invoke(Object(GuzzleHttp\Psr7\Request), Array)
#10 C:\xampp\htdocs\cashless\vendor\guzzlehttp\guzzle\src\RedirectMiddleware.php(70): GuzzleHttp\Middleware::GuzzleHttp\{closure}(Object(GuzzleHttp\Psr7\Request), Array)
#11 C:\xampp\htdocs\cashless\vendor\guzzlehttp\guzzle\src\Middleware.php(57): GuzzleHttp\RedirectMiddleware->__invoke(Object(GuzzleHttp\Psr7\Request), Array)
#12 C:\xampp\htdocs\cashless\vendor\guzzlehttp\guzzle\src\HandlerStack.php(71): GuzzleHttp\Middleware::GuzzleHttp\{closure}(Object(GuzzleHttp\Psr7\Request), Array)
#13 C:\xampp\htdocs\cashless\vendor\guzzlehttp\guzzle\src\Client.php(351): GuzzleHttp\HandlerStack->__invoke(Object(GuzzleHttp\Psr7\Request), Array)
#14 C:\xampp\htdocs\cashless\vendor\guzzlehttp\guzzle\src\Client.php(162): GuzzleHttp\Client->transfer(Object(GuzzleHttp\Psr7\Request), Array)
#15 C:\xampp\htdocs\cashless\vendor\guzzlehttp\guzzle\src\Client.php(182): GuzzleHttp\Client->requestAsync('POST', Object(GuzzleHttp\Psr7\Uri), Array)
#16 C:\xampp\htdocs\cashless\vendor\laravel\framework\src\Illuminate\Http\Client\PendingRequest.php(542): GuzzleHttp\Client->request('POST', 'http://10.60.81...', Array)
#17 C:\xampp\htdocs\cashless\vendor\laravel\framework\src\Illuminate\Support\helpers.php(404): Illuminate\Http\Client\PendingRequest->Illuminate\Http\Client\{closure}(1)
#18 C:\xampp\htdocs\cashless\vendor\laravel\framework\src\Illuminate\Http\Client\PendingRequest.php(557): retry(0, Object(Closure), 100)
#19 C:\xampp\htdocs\cashless\vendor\laravel\framework\src\Illuminate\Http\Client\PendingRequest.php(461): Illuminate\Http\Client\PendingRequest->send('POST', 'http://10.60.81...', Array)
#20 C:\xampp\htdocs\cashless\vendor\laravel\framework\src\Illuminate\Http\Client\Factory.php(283): Illuminate\Http\Client\PendingRequest->post('http://10.60.81...', Array)
#21 C:\xampp\htdocs\cashless\vendor\laravel\framework\src\Illuminate\Support\Facades\Facade.php(261): Illuminate\Http\Client\Factory->__call('post', Array)
#22 C:\xampp\htdocs\cashless\app\Http\Controllers\Agent\TpesaNcardFund.php(73): Illuminate\Support\Facades\Facade::__callStatic('post', Array)
#23 C:\xampp\htdocs\cashless\app\Http\Controllers\Agent\AgentsController.php(56): App\Http\Controllers\Agent\TpesaNcardFund::saveRecord(100, 'wqwq3313', '283925', '2021-04-14T15:4...', NULL)
#24 [internal function]: App\Http\Controllers\Agent\AgentsController->topup(Object(Illuminate\Http\Request))
#25 C:\xampp\htdocs\cashless\vendor\laravel\framework\src\Illuminate\Routing\Controller.php(54): call_user_func_array(Array, Array)
#26 C:\xampp\htdocs\cashless\vendor\laravel\framework\src\Illuminate\Routing\ControllerDispatcher.php(45): Illuminate\Routing\Controller->callAction('topup', Array)
#27 C:\xampp\htdocs\cashless\vendor\laravel\framework\src\Illuminate\Routing\Route.php(239): Illuminate\Routing\ControllerDispatcher->dispatch(Object(Illuminate\Routing\Route), Object(App\Http\Controllers\Agent\AgentsController), 'topup')
#28 C:\xampp\htdocs\cashless\vendor\laravel\framework\src\Illuminate\Routing\Route.php(196): Illuminate\Routing\Route->runController()
#29 C:\xampp\htdocs\cashless\vendor\laravel\framework\src\Illuminate\Routing\Router.php(685): Illuminate\Routing\Route->run()
#30 C:\xampp\htdocs\cashless\vendor\laravel\framework\src\Illuminate\Pipeline\Pipeline.php(128): Illuminate\Routing\Router->Illuminate\Routing\{closure}(Object(Illuminate\Http\Request))
#31 C:\xampp\htdocs\cashless\app\Http\Middleware\Localization.php(28): Illuminate\Pipeline\Pipeline->Illuminate\Pipeline\{closure}(Object(Illuminate\Http\Request))
#32 C:\xampp\htdocs\cashless\vendor\laravel\framework\src\Illuminate\Pipeline\Pipeline.php(167): App\Http\Middleware\Localization->handle(Object(Illuminate\Http\Request), Object(Closure))
#33 C:\xampp\htdocs\cashless\vendor\laravel\framework\src\Illuminate\Routing\Middleware\SubstituteBindings.php(41): Illuminate\Pipeline\Pipeline->Illuminate\Pipeline\{closure}(Object(Illuminate\Http\Request))
#34 C:\xampp\htdocs\cashless\vendor\laravel\framework\src\Illuminate\Pipeline\Pipeline.php(167): Illuminate\Routing\Middleware\SubstituteBindings->handle(Object(Illuminate\Http\Request), Object(Closure))
#35 C:\xampp\htdocs\cashless\vendor\laravel\framework\src\Illuminate\Auth\Middleware\Authenticate.php(44): Illuminate\Pipeline\Pipeline->Illuminate\Pipeline\{closure}(Object(Illuminate\Http\Request))
#36 C:\xampp\htdocs\cashless\vendor\laravel\framework\src\Illuminate\Pipeline\Pipeline.php(167): Illuminate\Auth\Middleware\Authenticate->handle(Object(Illuminate\Http\Request), Object(Closure))
#37 C:\xampp\htdocs\cashless\vendor\laravel\framework\src\Illuminate\Foundation\Http\Middleware\VerifyCsrfToken.php(76): Illuminate\Pipeline\Pipeline->Illuminate\Pipeline\{closure}(Object(Illuminate\Http\Request))
#38 C:\xampp\htdocs\cashless\vendor\laravel\framework\src\Illuminate\Pipeline\Pipeline.php(167): Illuminate\Foundation\Http\Middleware\VerifyCsrfToken->handle(Object(Illuminate\Http\Request), Object(Closure))
#39 C:\xampp\htdocs\cashless\vendor\laravel\framework\src\Illuminate\View\Middleware\ShareErrorsFromSession.php(49): Illuminate\Pipeline\Pipeline->Illuminate\Pipeline\{closure}(Object(Illuminate\Http\Request))
#40 C:\xampp\htdocs\cashless\vendor\laravel\framework\src\Illuminate\Pipeline\Pipeline.php(167): Illuminate\View\Middleware\ShareErrorsFromSession->handle(Object(Illuminate\Http\Request), Object(Closure))
#41 C:\xampp\htdocs\cashless\vendor\laravel\framework\src\Illuminate\Session\Middleware\StartSession.php(116): Illuminate\Pipeline\Pipeline->Illuminate\Pipeline\{closure}(Object(Illuminate\Http\Request))
#42 C:\xampp\htdocs\cashless\vendor\laravel\framework\src\Illuminate\Session\Middleware\StartSession.php(62): Illuminate\Session\Middleware\StartSession->handleStatefulRequest(Object(Illuminate\Http\Request), Object(Illuminate\Session\Store), Object(Closure))
#43 C:\xampp\htdocs\cashless\vendor\laravel\framework\src\Illuminate\Pipeline\Pipeline.php(167): Illuminate\Session\Middleware\StartSession->handle(Object(Illuminate\Http\Request), Object(Closure))
#44 C:\xampp\htdocs\cashless\vendor\laravel\framework\src\Illuminate\Cookie\Middleware\AddQueuedCookiesToResponse.php(37): Illuminate\Pipeline\Pipeline->Illuminate\Pipeline\{closure}(Object(Illuminate\Http\Request))
#45 C:\xampp\htdocs\cashless\vendor\laravel\framework\src\Illuminate\Pipeline\Pipeline.php(167): Illuminate\Cookie\Middleware\AddQueuedCookiesToResponse->handle(Object(Illuminate\Http\Request), Object(Closure))
#46 C:\xampp\htdocs\cashless\vendor\laravel\framework\src\Illuminate\Cookie\Middleware\EncryptCookies.php(66): Illuminate\Pipeline\Pipeline->Illuminate\Pipeline\{closure}(Object(Illuminate\Http\Request))
#47 C:\xampp\htdocs\cashless\vendor\laravel\framework\src\Illuminate\Pipeline\Pipeline.php(167): Illuminate\Cookie\Middleware\EncryptCookies->handle(Object(Illuminate\Http\Request), Object(Closure))
#48 C:\xampp\htdocs\cashless\vendor\laravel\framework\src\Illuminate\Pipeline\Pipeline.php(103): Illuminate\Pipeline\Pipeline->Illuminate\Pipeline\{closure}(Object(Illuminate\Http\Request))
#49 C:\xampp\htdocs\cashless\vendor\laravel\framework\src\Illuminate\Routing\Router.php(687): Illuminate\Pipeline\Pipeline->then(Object(Closure))
#50 C:\xampp\htdocs\cashless\vendor\laravel\framework\src\Illuminate\Routing\Router.php(662): Illuminate\Routing\Router->runRouteWithinStack(Object(Illuminate\Routing\Route), Object(Illuminate\Http\Request))
#51 C:\xampp\htdocs\cashless\vendor\laravel\framework\src\Illuminate\Routing\Router.php(628): Illuminate\Routing\Router->runRoute(Object(Illuminate\Http\Request), Object(Illuminate\Routing\Route))
#52 C:\xampp\htdocs\cashless\vendor\laravel\framework\src\Illuminate\Routing\Router.php(617): Illuminate\Routing\Router->dispatchToRoute(Object(Illuminate\Http\Request))
#53 C:\xampp\htdocs\cashless\vendor\laravel\framework\src\Illuminate\Foundation\Http\Kernel.php(165): Illuminate\Routing\Router->dispatch(Object(Illuminate\Http\Request))
#54 C:\xampp\htdocs\cashless\vendor\laravel\framework\src\Illuminate\Pipeline\Pipeline.php(128): Illuminate\Foundation\Http\Kernel->Illuminate\Foundation\Http\{closure}(Object(Illuminate\Http\Request))
#55 C:\xampp\htdocs\cashless\vendor\fideloper\proxy\src\TrustProxies.php(57): Illuminate\Pipeline\Pipeline->Illuminate\Pipeline\{closure}(Object(Illuminate\Http\Request))
#56 C:\xampp\htdocs\cashless\vendor\laravel\framework\src\Illuminate\Pipeline\Pipeline.php(167): Fideloper\Proxy\TrustProxies->handle(Object(Illuminate\Http\Request), Object(Closure))
#57 C:\xampp\htdocs\cashless\vendor\laravel\framework\src\Illuminate\Foundation\Http\Middleware\TransformsRequest.php(21): Illuminate\Pipeline\Pipeline->Illuminate\Pipeline\{closure}(Object(Illuminate\Http\Request))
#58 C:\xampp\htdocs\cashless\vendor\laravel\framework\src\Illuminate\Pipeline\Pipeline.php(167): Illuminate\Foundation\Http\Middleware\TransformsRequest->handle(Object(Illuminate\Http\Request), Object(Closure))
#59 C:\xampp\htdocs\cashless\vendor\laravel\framework\src\Illuminate\Foundation\Http\Middleware\TransformsRequest.php(21): Illuminate\Pipeline\Pipeline->Illuminate\Pipeline\{closure}(Object(Illuminate\Http\Request))
#60 C:\xampp\htdocs\cashless\vendor\laravel\framework\src\Illuminate\Pipeline\Pipeline.php(167): Illuminate\Foundation\Http\Middleware\TransformsRequest->handle(Object(Illuminate\Http\Request), Object(Closure))
#61 C:\xampp\htdocs\cashless\vendor\laravel\framework\src\Illuminate\Foundation\Http\Middleware\ValidatePostSize.php(27): Illuminate\Pipeline\Pipeline->Illuminate\Pipeline\{closure}(Object(Illuminate\Http\Request))
#62 C:\xampp\htdocs\cashless\vendor\laravel\framework\src\Illuminate\Pipeline\Pipeline.php(167): Illuminate\Foundation\Http\Middleware\ValidatePostSize->handle(Object(Illuminate\Http\Request), Object(Closure))
#63 C:\xampp\htdocs\cashless\vendor\laravel\framework\src\Illuminate\Foundation\Http\Middleware\CheckForMaintenanceMode.php(63): Illuminate\Pipeline\Pipeline->Illuminate\Pipeline\{closure}(Object(Illuminate\Http\Request))
#64 C:\xampp\htdocs\cashless\vendor\laravel\framework\src\Illuminate\Pipeline\Pipeline.php(167): Illuminate\Foundation\Http\Middleware\CheckForMaintenanceMode->handle(Object(Illuminate\Http\Request), Object(Closure))
#65 C:\xampp\htdocs\cashless\vendor\laravel\framework\src\Illuminate\Pipeline\Pipeline.php(103): Illuminate\Pipeline\Pipeline->Illuminate\Pipeline\{closure}(Object(Illuminate\Http\Request))
#66 C:\xampp\htdocs\cashless\vendor\laravel\framework\src\Illuminate\Foundation\Http\Kernel.php(140): Illuminate\Pipeline\Pipeline->then(Object(Closure))
#67 C:\xampp\htdocs\cashless\vendor\laravel\framework\src\Illuminate\Foundation\Http\Kernel.php(109): Illuminate\Foundation\Http\Kernel->sendRequestThroughRouter(Object(Illuminate\Http\Request))
#68 C:\xampp\htdocs\cashless\public\index.php(55): Illuminate\Foundation\Http\Kernel->handle(Object(Illuminate\Http\Request))
#69 C:\xampp\htdocs\cashless\index.php(21): require_once('C:\\xampp\\htdocs...')
#70 {main}

Next Illuminate\Http\Client\ConnectionException: cURL error 28: Failed to connect to 10.60.81.5 port 3012: Timed out (see https://curl.haxx.se/libcurl/c/libcurl-errors.html) in C:\xampp\htdocs\cashless\vendor\laravel\framework\src\Illuminate\Http\Client\PendingRequest.php:555
Stack trace:
#0 C:\xampp\htdocs\cashless\vendor\laravel\framework\src\Illuminate\Support\helpers.php(404): Illuminate\Http\Client\PendingRequest->Illuminate\Http\Client\{closure}(1)
#1 C:\xampp\htdocs\cashless\vendor\laravel\framework\src\Illuminate\Http\Client\PendingRequest.php(557): retry(0, Object(Closure), 100)
#2 C:\xampp\htdocs\cashless\vendor\laravel\framework\src\Illuminate\Http\Client\PendingRequest.php(461): Illuminate\Http\Client\PendingRequest->send('POST', 'http://10.60.81...', Array)
#3 C:\xampp\htdocs\cashless\vendor\laravel\framework\src\Illuminate\Http\Client\Factory.php(283): Illuminate\Http\Client\PendingRequest->post('http://10.60.81...', Array)
#4 C:\xampp\htdocs\cashless\vendor\laravel\framework\src\Illuminate\Support\Facades\Facade.php(261): Illuminate\Http\Client\Factory->__call('post', Array)
#5 C:\xampp\htdocs\cashless\app\Http\Controllers\Agent\TpesaNcardFund.php(73): Illuminate\Support\Facades\Facade::__callStatic('post', Array)
#6 C:\xampp\htdocs\cashless\app\Http\Controllers\Agent\AgentsController.php(56): App\Http\Controllers\Agent\TpesaNcardFund::saveRecord(100, 'wqwq3313', '283925', '2021-04-14T15:4...', NULL)
#7 [internal function]: App\Http\Controllers\Agent\AgentsController->topup(Object(Illuminate\Http\Request))
#8 C:\xampp\htdocs\cashless\vendor\laravel\framework\src\Illuminate\Routing\Controller.php(54): call_user_func_array(Array, Array)
#9 C:\xampp\htdocs\cashless\vendor\laravel\framework\src\Illuminate\Routing\ControllerDispatcher.php(45): Illuminate\Routing\Controller->callAction('topup', Array)
#10 C:\xampp\htdocs\cashless\vendor\laravel\framework\src\Illuminate\Routing\Route.php(239): Illuminate\Routing\ControllerDispatcher->dispatch(Object(Illuminate\Routing\Route), Object(App\Http\Controllers\Agent\AgentsController), 'topup')
#11 C:\xampp\htdocs\cashless\vendor\laravel\framework\src\Illuminate\Routing\Route.php(196): Illuminate\Routing\Route->runController()
#12 C:\xampp\htdocs\cashless\vendor\laravel\framework\src\Illuminate\Routing\Router.php(685): Illuminate\Routing\Route->run()
#13 C:\xampp\htdocs\cashless\vendor\laravel\framework\src\Illuminate\Pipeline\Pipeline.php(128): Illuminate\Routing\Router->Illuminate\Routing\{closure}(Object(Illuminate\Http\Request))
#14 C:\xampp\htdocs\cashless\app\Http\Middleware\Localization.php(28): Illuminate\Pipeline\Pipeline->Illuminate\Pipeline\{closure}(Object(Illuminate\Http\Request))
#15 C:\xampp\htdocs\cashless\vendor\laravel\framework\src\Illuminate\Pipeline\Pipeline.php(167): App\Http\Middleware\Localization->handle(Object(Illuminate\Http\Request), Object(Closure))
#16 C:\xampp\htdocs\cashless\vendor\laravel\framework\src\Illuminate\Routing\Middleware\SubstituteBindings.php(41): Illuminate\Pipeline\Pipeline->Illuminate\Pipeline\{closure}(Object(Illuminate\Http\Request))
#17 C:\xampp\htdocs\cashless\vendor\laravel\framework\src\Illuminate\Pipeline\Pipeline.php(167): Illuminate\Routing\Middleware\SubstituteBindings->handle(Object(Illuminate\Http\Request), Object(Closure))
#18 C:\xampp\htdocs\cashless\vendor\laravel\framework\src\Illuminate\Auth\Middleware\Authenticate.php(44): Illuminate\Pipeline\Pipeline->Illuminate\Pipeline\{closure}(Object(Illuminate\Http\Request))
#19 C:\xampp\htdocs\cashless\vendor\laravel\framework\src\Illuminate\Pipeline\Pipeline.php(167): Illuminate\Auth\Middleware\Authenticate->handle(Object(Illuminate\Http\Request), Object(Closure))
#20 C:\xampp\htdocs\cashless\vendor\laravel\framework\src\Illuminate\Foundation\Http\Middleware\VerifyCsrfToken.php(76): Illuminate\Pipeline\Pipeline->Illuminate\Pipeline\{closure}(Object(Illuminate\Http\Request))
#21 C:\xampp\htdocs\cashless\vendor\laravel\framework\src\Illuminate\Pipeline\Pipeline.php(167): Illuminate\Foundation\Http\Middleware\VerifyCsrfToken->handle(Object(Illuminate\Http\Request), Object(Closure))
#22 C:\xampp\htdocs\cashless\vendor\laravel\framework\src\Illuminate\View\Middleware\ShareErrorsFromSession.php(49): Illuminate\Pipeline\Pipeline->Illuminate\Pipeline\{closure}(Object(Illuminate\Http\Request))
#23 C:\xampp\htdocs\cashless\vendor\laravel\framework\src\Illuminate\Pipeline\Pipeline.php(167): Illuminate\View\Middleware\ShareErrorsFromSession->handle(Object(Illuminate\Http\Request), Object(Closure))
#24 C:\xampp\htdocs\cashless\vendor\laravel\framework\src\Illuminate\Session\Middleware\StartSession.php(116): Illuminate\Pipeline\Pipeline->Illuminate\Pipeline\{closure}(Object(Illuminate\Http\Request))
#25 C:\xampp\htdocs\cashless\vendor\laravel\framework\src\Illuminate\Session\Middleware\StartSession.php(62): Illuminate\Session\Middleware\StartSession->handleStatefulRequest(Object(Illuminate\Http\Request), Object(Illuminate\Session\Store), Object(Closure))
#26 C:\xampp\htdocs\cashless\vendor\laravel\framework\src\Illuminate\Pipeline\Pipeline.php(167): Illuminate\Session\Middleware\StartSession->handle(Object(Illuminate\Http\Request), Object(Closure))
#27 C:\xampp\htdocs\cashless\vendor\laravel\framework\src\Illuminate\Cookie\Middleware\AddQueuedCookiesToResponse.php(37): Illuminate\Pipeline\Pipeline->Illuminate\Pipeline\{closure}(Object(Illuminate\Http\Request))
#28 C:\xampp\htdocs\cashless\vendor\laravel\framework\src\Illuminate\Pipeline\Pipeline.php(167): Illuminate\Cookie\Middleware\AddQueuedCookiesToResponse->handle(Object(Illuminate\Http\Request), Object(Closure))
#29 C:\xampp\htdocs\cashless\vendor\laravel\framework\src\Illuminate\Cookie\Middleware\EncryptCookies.php(66): Illuminate\Pipeline\Pipeline->Illuminate\Pipeline\{closure}(Object(Illuminate\Http\Request))
#30 C:\xampp\htdocs\cashless\vendor\laravel\framework\src\Illuminate\Pipeline\Pipeline.php(167): Illuminate\Cookie\Middleware\EncryptCookies->handle(Object(Illuminate\Http\Request), Object(Closure))
#31 C:\xampp\htdocs\cashless\vendor\laravel\framework\src\Illuminate\Pipeline\Pipeline.php(103): Illuminate\Pipeline\Pipeline->Illuminate\Pipeline\{closure}(Object(Illuminate\Http\Request))
#32 C:\xampp\htdocs\cashless\vendor\laravel\framework\src\Illuminate\Routing\Router.php(687): Illuminate\Pipeline\Pipeline->then(Object(Closure))
#33 C:\xampp\htdocs\cashless\vendor\laravel\framework\src\Illuminate\Routing\Router.php(662): Illuminate\Routing\Router->runRouteWithinStack(Object(Illuminate\Routing\Route), Object(Illuminate\Http\Request))
#34 C:\xampp\htdocs\cashless\vendor\laravel\framework\src\Illuminate\Routing\Router.php(628): Illuminate\Routing\Router->runRoute(Object(Illuminate\Http\Request), Object(Illuminate\Routing\Route))
#35 C:\xampp\htdocs\cashless\vendor\laravel\framework\src\Illuminate\Routing\Router.php(617): Illuminate\Routing\Router->dispatchToRoute(Object(Illuminate\Http\Request))
#36 C:\xampp\htdocs\cashless\vendor\laravel\framework\src\Illuminate\Foundation\Http\Kernel.php(165): Illuminate\Routing\Router->dispatch(Object(Illuminate\Http\Request))
#37 C:\xampp\htdocs\cashless\vendor\laravel\framework\src\Illuminate\Pipeline\Pipeline.php(128): Illuminate\Foundation\Http\Kernel->Illuminate\Foundation\Http\{closure}(Object(Illuminate\Http\Request))
#38 C:\xampp\htdocs\cashless\vendor\fideloper\proxy\src\TrustProxies.php(57): Illuminate\Pipeline\Pipeline->Illuminate\Pipeline\{closure}(Object(Illuminate\Http\Request))
#39 C:\xampp\htdocs\cashless\vendor\laravel\framework\src\Illuminate\Pipeline\Pipeline.php(167): Fideloper\Proxy\TrustProxies->handle(Object(Illuminate\Http\Request), Object(Closure))
#40 C:\xampp\htdocs\cashless\vendor\laravel\framework\src\Illuminate\Foundation\Http\Middleware\TransformsRequest.php(21): Illuminate\Pipeline\Pipeline->Illuminate\Pipeline\{closure}(Object(Illuminate\Http\Request))
#41 C:\xampp\htdocs\cashless\vendor\laravel\framework\src\Illuminate\Pipeline\Pipeline.php(167): Illuminate\Foundation\Http\Middleware\TransformsRequest->handle(Object(Illuminate\Http\Request), Object(Closure))
#42 C:\xampp\htdocs\cashless\vendor\laravel\framework\src\Illuminate\Foundation\Http\Middleware\TransformsRequest.php(21): Illuminate\Pipeline\Pipeline->Illuminate\Pipeline\{closure}(Object(Illuminate\Http\Request))
#43 C:\xampp\htdocs\cashless\vendor\laravel\framework\src\Illuminate\Pipeline\Pipeline.php(167): Illuminate\Foundation\Http\Middleware\TransformsRequest->handle(Object(Illuminate\Http\Request), Object(Closure))
#44 C:\xampp\htdocs\cashless\vendor\laravel\framework\src\Illuminate\Foundation\Http\Middleware\ValidatePostSize.php(27): Illuminate\Pipeline\Pipeline->Illuminate\Pipeline\{closure}(Object(Illuminate\Http\Request))
#45 C:\xampp\htdocs\cashless\vendor\laravel\framework\src\Illuminate\Pipeline\Pipeline.php(167): Illuminate\Foundation\Http\Middleware\ValidatePostSize->handle(Object(Illuminate\Http\Request), Object(Closure))
#46 C:\xampp\htdocs\cashless\vendor\laravel\framework\src\Illuminate\Foundation\Http\Middleware\CheckForMaintenanceMode.php(63): Illuminate\Pipeline\Pipeline->Illuminate\Pipeline\{closure}(Object(Illuminate\Http\Request))
#47 C:\xampp\htdocs\cashless\vendor\laravel\framework\src\Illuminate\Pipeline\Pipeline.php(167): Illuminate\Foundation\Http\Middleware\CheckForMaintenanceMode->handle(Object(Illuminate\Http\Request), Object(Closure))
#48 C:\xampp\htdocs\cashless\vendor\laravel\framework\src\Illuminate\Pipeline\Pipeline.php(103): Illuminate\Pipeline\Pipeline->Illuminate\Pipeline\{closure}(Object(Illuminate\Http\Request))
#49 C:\xampp\htdocs\cashless\vendor\laravel\framework\src\Illuminate\Foundation\Http\Kernel.php(140): Illuminate\Pipeline\Pipeline->then(Object(Closure))
#50 C:\xampp\htdocs\cashless\vendor\laravel\framework\src\Illuminate\Foundation\Http\Kernel.php(109): Illuminate\Foundation\Http\Kernel->sendRequestThroughRouter(Object(Illuminate\Http\Request))
#51 C:\xampp\htdocs\cashless\public\index.php(55): Illuminate\Foundation\Http\Kernel->handle(Object(Illuminate\Http\Request))
#52 C:\xampp\htdocs\cashless\index.php(21): require_once('C:\\xampp\\htdocs...')
#53 {main}  
[2021-04-14 15:50:15] local.INFO: request body -{"account":"283925","reference":"344343DDSA66","amount":"100","transdate":"2021-04-14T15:50:14Z","transid":14,"checksum":"344343DDSA662021-04-14T15:50:14Z100jBYIn7U8bfsNFPe6pPhXVKN3uq9PJfDQZPtU5dl26Y0="}  
[2021-04-14 15:50:16] local.INFO: request body -{"message":"unauthorized system access","resultcode":"010","result":{"amount":"100","account":"283925","transid":"null","reference":"344343DDSA66","rspid":null},"errorCode":"7001"}  
[2021-04-14 15:53:29] local.INFO: request body -{"account":"283925","reference":"1090090909PP","amount":"100","transdate":"2021-04-14T15:53:28Z","transid":15,"checksum":"1090090909PP2021-04-14T15:53:28Z100jBYIn7U8bfsNFPe6pPhXVKN3uq9PJfDQZPtU5dl26Y0="}  
[2021-04-14 15:53:31] local.INFO: request body -{"message":"unauthorized system access","resultcode":"010","result":{"amount":"100","account":"283925","transid":"15","reference":"1090090909PP","rspid":null},"errorCode":"7001"}  
[2021-04-14 16:06:10] local.INFO: request body -{"account":"283925","reference":"W200414160609283925","amount":"100","transdate":"2021-04-14T16:06:09Z","transid":16,"checksum":"W2004141606092839252021-04-14T16:06:09Z100jBYIn7U8bfsNFPe6pPhXVKN3uq9PJfDQZPtU5dl26Y0="}  
[2021-04-14 16:06:11] local.INFO: request body -{"message":"unauthorized system access","resultcode":"010","result":{"amount":"100","account":"283925","transid":"16","reference":"W200414160609283925","rspid":null},"errorCode":"7001"}  
[2021-04-14 16:08:33] local.INFO: request body -{"account":"283925","reference":"W200414160832283925","amount":"100","transdate":"2021-04-14T16:08:32Z","transid":null,"checksum":"W2004141608322839252021-04-14T16:08:32Z100jBYIn7U8bfsNFPe6pPhXVKN3uq9PJfDQZPtU5dl26Y0=","agentName":"NCARD","cellid":null}  
[2021-04-14 16:08:35] local.INFO: request body -{"message":"unauthorized system access","resultcode":"010","result":{"amount":"100","account":"283925","transid":"17","reference":"W200414160832283925","rspid":null},"errorCode":"7001"}  
[2021-04-14 16:10:40] local.INFO: request body -{"account":"283925","reference":"W200414161039283925","amount":"100","transdate":"2021-04-14T16:10:39Z","transid":null,"checksum":"W2004141610392839252021-04-14T16:10:39Z100jBYIn7U8bfsNFPe6pPhXVKN3uq9PJfDQZPtU5dl26Y0=","agentName":"NCARD","cellid":null}  
[2021-04-14 16:10:42] local.INFO: request body -{"message":"unauthorized system access","resultcode":"010","result":{"amount":"100","account":"22500100345","transid":"13444","reference":"undefined","rspid":null},"errorCode":"7001"}  
[2021-04-14 16:30:04] local.INFO: request body -{"account":"283925","reference":"W200414163003283925","amount":"100","transdate":"2021-04-14T16:30:03Z","transid":null,"checksum":"W2004141630032839252021-04-14T16:30:03Z100jBYIn7U8bfsNFPe6pPhXVKN3uq9PJfDQZPtU5dl26Y0=","agentName":"NCARD","cellid":null}  
[2021-04-14 16:30:06] local.INFO: request body -{"message":"unauthorized system access","resultcode":"010","result":{"amount":"100","account":"22500100345","transid":"13444","reference":"undefined","rspid":null},"errorCode":"7001"}  
[2021-04-14 16:50:14] local.INFO: request body -{"account":"283925","reference":"W200414165013283925","amount":"100","transdate":"2021-04-14T16:50:13Z","transid":null,"checksum":"W2004141650132839252021-04-14T16:50:13Z100jBYIn7U8bfsNFPe6pPhXVKN3uq9PJfDQZPtU5dl26Y0=","agentName":"NCARD","cellid":null}  
[2021-04-14 16:50:16] local.INFO: request body -{"message":"unauthorized system access","resultcode":"010","result":{"amount":"100","account":"22500100345","transid":"13444","reference":"undefined","rspid":null},"errorCode":"7001"}  
