[2020-07-21 00:03:49] local.ERROR: Can't top up agent : SQLSTATE[01000]: Warning: 1265 Data truncated for column 'channel' at row 1 (SQL: insert into `agent_deposits` (`agent_wallet_id`, `amount`, `reference`, `channel`, `updated_at`, `created_at`) values (1711203102, 1000, 3232325t390, T-PESA, 2020-07-21 00:03:49, 2020-07-21 00:03:49))  
[2020-07-21 00:05:40] local.ERROR: Payload from mno : {"wallet_id":"NC11203102","amount":"1000","gateway_type":1,"transdate":"222222","checksum":"Rrjry4fcETwahtu8xwDTOJlgryFDAVZwjSBnTQEQPJQ=","reference":"3232325t390"}  
[2020-07-21 00:06:35] local.ERROR: Payload from mno : {"wallet_id":"NC11203102","amount":"1000","gateway_type":1,"transdate":"222222","checksum":"Rrjry4fcETwahtu8xwDTOJlgryFDAVZwjSBnTQEQPJQ=","reference":"3232325t390"}  
[2020-07-21 00:10:27] local.ERROR: Payload from mno : {"wallet_id":"NC11203102","amount":"1000","gateway_name":"T-PESA","transdate":"222222","checksum":"Rrjry4fcETwahtu8xwDTOJlgryFDAVZwjSBnTQEQPJQ=","reference":"3232325t390"}  
[2020-07-21 00:10:52] local.ERROR: Payload from mno : {"wallet_id":"NC11203102","amount":"1000","gateway_name":"T-PESA","transdate":"222222","checksum":"Rrjry4fcETwahtu8xwDTOJlgryFDAVZwjSBnTQEQPJQ=","reference":"3232325t390","mdn":"233333"}  
[2020-07-21 00:10:53] local.ERROR: Can't top up consumer : ErrorException: Undefined property: stdClass::$consumers_id in C:\xampp\htdocs\cashless\app\Http\Controllers\ApiHelper\ConsumerTopup.php:106
Stack trace:
#0 C:\xampp\htdocs\cashless\app\Http\Controllers\ApiHelper\ConsumerTopup.php(106): Illuminate\Foundation\Bootstrap\HandleExceptions->handleError(8, 'Undefined prope...', 'C:\\xampp\\htdocs...', 106, Array)
#1 C:\xampp\htdocs\cashless\app\Http\Controllers\ApiHelper\ManageTopupController.php(30): App\Http\Controllers\ApiHelper\ConsumerTopup::storeDeposit(Object(stdClass))
#2 [internal function]: App\Http\Controllers\ApiHelper\ManageTopupController->manageTopup()
#3 C:\xampp\htdocs\cashless\vendor\laravel\framework\src\Illuminate\Routing\Controller.php(54): call_user_func_array(Array, Array)
#4 C:\xampp\htdocs\cashless\vendor\laravel\framework\src\Illuminate\Routing\ControllerDispatcher.php(45): Illuminate\Routing\Controller->callAction('manageTopup', Array)
#5 C:\xampp\htdocs\cashless\vendor\laravel\framework\src\Illuminate\Routing\Route.php(239): Illuminate\Routing\ControllerDispatcher->dispatch(Object(Illuminate\Routing\Route), Object(App\Http\Controllers\ApiHelper\ManageTopupController), 'manageTopup')
#6 C:\xampp\htdocs\cashless\vendor\laravel\framework\src\Illuminate\Routing\Route.php(196): Illuminate\Routing\Route->runController()
#7 C:\xampp\htdocs\cashless\vendor\laravel\framework\src\Illuminate\Routing\Router.php(685): Illuminate\Routing\Route->run()
#8 C:\xampp\htdocs\cashless\vendor\laravel\framework\src\Illuminate\Pipeline\Pipeline.php(128): Illuminate\Routing\Router->Illuminate\Routing\{closure}(Object(Illuminate\Http\Request))
#9 C:\xampp\htdocs\cashless\app\Http\Middleware\Localization.php(28): Illuminate\Pipeline\Pipeline->Illuminate\Pipeline\{closure}(Object(Illuminate\Http\Request))
#10 C:\xampp\htdocs\cashless\vendor\laravel\framework\src\Illuminate\Pipeline\Pipeline.php(167): App\Http\Middleware\Localization->handle(Object(Illuminate\Http\Request), Object(Closure))
#11 C:\xampp\htdocs\cashless\vendor\laravel\framework\src\Illuminate\Routing\Middleware\SubstituteBindings.php(41): Illuminate\Pipeline\Pipeline->Illuminate\Pipeline\{closure}(Object(Illuminate\Http\Request))
#12 C:\xampp\htdocs\cashless\vendor\laravel\framework\src\Illuminate\Pipeline\Pipeline.php(167): Illuminate\Routing\Middleware\SubstituteBindings->handle(Object(Illuminate\Http\Request), Object(Closure))
#13 C:\xampp\htdocs\cashless\vendor\laravel\framework\src\Illuminate\Foundation\Http\Middleware\VerifyCsrfToken.php(76): Illuminate\Pipeline\Pipeline->Illuminate\Pipeline\{closure}(Object(Illuminate\Http\Request))
#14 C:\xampp\htdocs\cashless\vendor\laravel\framework\src\Illuminate\Pipeline\Pipeline.php(167): Illuminate\Foundation\Http\Middleware\VerifyCsrfToken->handle(Object(Illuminate\Http\Request), Object(Closure))
#15 C:\xampp\htdocs\cashless\vendor\laravel\framework\src\Illuminate\View\Middleware\ShareErrorsFromSession.php(49): Illuminate\Pipeline\Pipeline->Illuminate\Pipeline\{closure}(Object(Illuminate\Http\Request))
#16 C:\xampp\htdocs\cashless\vendor\laravel\framework\src\Illuminate\Pipeline\Pipeline.php(167): Illuminate\View\Middleware\ShareErrorsFromSession->handle(Object(Illuminate\Http\Request), Object(Closure))
#17 C:\xampp\htdocs\cashless\vendor\laravel\framework\src\Illuminate\Session\Middleware\StartSession.php(116): Illuminate\Pipeline\Pipeline->Illuminate\Pipeline\{closure}(Object(Illuminate\Http\Request))
#18 C:\xampp\htdocs\cashless\vendor\laravel\framework\src\Illuminate\Session\Middleware\StartSession.php(62): Illuminate\Session\Middleware\StartSession->handleStatefulRequest(Object(Illuminate\Http\Request), Object(Illuminate\Session\Store), Object(Closure))
#19 C:\xampp\htdocs\cashless\vendor\laravel\framework\src\Illuminate\Pipeline\Pipeline.php(167): Illuminate\Session\Middleware\StartSession->handle(Object(Illuminate\Http\Request), Object(Closure))
#20 C:\xampp\htdocs\cashless\vendor\laravel\framework\src\Illuminate\Cookie\Middleware\AddQueuedCookiesToResponse.php(37): Illuminate\Pipeline\Pipeline->Illuminate\Pipeline\{closure}(Object(Illuminate\Http\Request))
#21 C:\xampp\htdocs\cashless\vendor\laravel\framework\src\Illuminate\Pipeline\Pipeline.php(167): Illuminate\Cookie\Middleware\AddQueuedCookiesToResponse->handle(Object(Illuminate\Http\Request), Object(Closure))
#22 C:\xampp\htdocs\cashless\vendor\laravel\framework\src\Illuminate\Cookie\Middleware\EncryptCookies.php(66): Illuminate\Pipeline\Pipeline->Illuminate\Pipeline\{closure}(Object(Illuminate\Http\Request))
#23 C:\xampp\htdocs\cashless\vendor\laravel\framework\src\Illuminate\Pipeline\Pipeline.php(167): Illuminate\Cookie\Middleware\EncryptCookies->handle(Object(Illuminate\Http\Request), Object(Closure))
#24 C:\xampp\htdocs\cashless\vendor\laravel\framework\src\Illuminate\Pipeline\Pipeline.php(103): Illuminate\Pipeline\Pipeline->Illuminate\Pipeline\{closure}(Object(Illuminate\Http\Request))
#25 C:\xampp\htdocs\cashless\vendor\laravel\framework\src\Illuminate\Routing\Router.php(687): Illuminate\Pipeline\Pipeline->then(Object(Closure))
#26 C:\xampp\htdocs\cashless\vendor\laravel\framework\src\Illuminate\Routing\Router.php(662): Illuminate\Routing\Router->runRouteWithinStack(Object(Illuminate\Routing\Route), Object(Illuminate\Http\Request))
#27 C:\xampp\htdocs\cashless\vendor\laravel\framework\src\Illuminate\Routing\Router.php(628): Illuminate\Routing\Router->runRoute(Object(Illuminate\Http\Request), Object(Illuminate\Routing\Route))
#28 C:\xampp\htdocs\cashless\vendor\laravel\framework\src\Illuminate\Routing\Router.php(617): Illuminate\Routing\Router->dispatchToRoute(Object(Illuminate\Http\Request))
#29 C:\xampp\htdocs\cashless\vendor\laravel\framework\src\Illuminate\Foundation\Http\Kernel.php(165): Illuminate\Routing\Router->dispatch(Object(Illuminate\Http\Request))
#30 C:\xampp\htdocs\cashless\vendor\laravel\framework\src\Illuminate\Pipeline\Pipeline.php(128): Illuminate\Foundation\Http\Kernel->Illuminate\Foundation\Http\{closure}(Object(Illuminate\Http\Request))
#31 C:\xampp\htdocs\cashless\vendor\fideloper\proxy\src\TrustProxies.php(57): Illuminate\Pipeline\Pipeline->Illuminate\Pipeline\{closure}(Object(Illuminate\Http\Request))
#32 C:\xampp\htdocs\cashless\vendor\laravel\framework\src\Illuminate\Pipeline\Pipeline.php(167): Fideloper\Proxy\TrustProxies->handle(Object(Illuminate\Http\Request), Object(Closure))
#33 C:\xampp\htdocs\cashless\vendor\laravel\framework\src\Illuminate\Foundation\Http\Middleware\TransformsRequest.php(21): Illuminate\Pipeline\Pipeline->Illuminate\Pipeline\{closure}(Object(Illuminate\Http\Request))
#34 C:\xampp\htdocs\cashless\vendor\laravel\framework\src\Illuminate\Pipeline\Pipeline.php(167): Illuminate\Foundation\Http\Middleware\TransformsRequest->handle(Object(Illuminate\Http\Request), Object(Closure))
#35 C:\xampp\htdocs\cashless\vendor\laravel\framework\src\Illuminate\Foundation\Http\Middleware\TransformsRequest.php(21): Illuminate\Pipeline\Pipeline->Illuminate\Pipeline\{closure}(Object(Illuminate\Http\Request))
#36 C:\xampp\htdocs\cashless\vendor\laravel\framework\src\Illuminate\Pipeline\Pipeline.php(167): Illuminate\Foundation\Http\Middleware\TransformsRequest->handle(Object(Illuminate\Http\Request), Object(Closure))
#37 C:\xampp\htdocs\cashless\vendor\laravel\framework\src\Illuminate\Foundation\Http\Middleware\ValidatePostSize.php(27): Illuminate\Pipeline\Pipeline->Illuminate\Pipeline\{closure}(Object(Illuminate\Http\Request))
#38 C:\xampp\htdocs\cashless\vendor\laravel\framework\src\Illuminate\Pipeline\Pipeline.php(167): Illuminate\Foundation\Http\Middleware\ValidatePostSize->handle(Object(Illuminate\Http\Request), Object(Closure))
#39 C:\xampp\htdocs\cashless\vendor\laravel\framework\src\Illuminate\Foundation\Http\Middleware\CheckForMaintenanceMode.php(63): Illuminate\Pipeline\Pipeline->Illuminate\Pipeline\{closure}(Object(Illuminate\Http\Request))
#40 C:\xampp\htdocs\cashless\vendor\laravel\framework\src\Illuminate\Pipeline\Pipeline.php(167): Illuminate\Foundation\Http\Middleware\CheckForMaintenanceMode->handle(Object(Illuminate\Http\Request), Object(Closure))
#41 C:\xampp\htdocs\cashless\vendor\laravel\framework\src\Illuminate\Pipeline\Pipeline.php(103): Illuminate\Pipeline\Pipeline->Illuminate\Pipeline\{closure}(Object(Illuminate\Http\Request))
#42 C:\xampp\htdocs\cashless\vendor\laravel\framework\src\Illuminate\Foundation\Http\Kernel.php(140): Illuminate\Pipeline\Pipeline->then(Object(Closure))
#43 C:\xampp\htdocs\cashless\vendor\laravel\framework\src\Illuminate\Foundation\Http\Kernel.php(109): Illuminate\Foundation\Http\Kernel->sendRequestThroughRouter(Object(Illuminate\Http\Request))
#44 C:\xampp\htdocs\cashless\public\index.php(55): Illuminate\Foundation\Http\Kernel->handle(Object(Illuminate\Http\Request))
#45 C:\xampp\htdocs\cashless\index.php(21): require_once('C:\\xampp\\htdocs...')
#46 {main}  
[2020-07-21 00:12:51] local.ERROR: Payload from mno : {"wallet_id":"NC11203102","amount":"1000","gateway_name":"T-PESA","transdate":"222222","checksum":"Rrjry4fcETwahtu8xwDTOJlgryFDAVZwjSBnTQEQPJQ=","reference":"3232325t390","mdn":"233333"}  
[2020-07-21 00:13:25] local.ERROR: Payload from mno : {"wallet_id":"NC11203102","amount":"1000","gateway_name":"T-PESA","transdate":"222222","checksum":"Rrjry4fcETwahtu8xwDTOJlgryFDAVZwjSBnTQEQPJQ=","reference":"3232325t390","mdn":"233333"}  
[2020-07-21 00:13:25] local.INFO: Successful top up consumer : NC11203102  
[2020-07-21 00:14:25] local.ERROR: Payload from mno : {"wallet_id":"NC11203102","amount":"1000","gateway_name":"T-PESA","transdate":"222222","checksum":"Rrjry4fcETwahtu8xwDTOJlgryFDAVZwjSBnTQEQPJQ=","reference":"3232325t390","mdn":"233333"}  
[2020-07-21 00:14:26] local.INFO: Successful top up consumer : NC11203102  
[2020-07-21 00:16:25] local.ERROR: Payload from mno : {"wallet_id":"NC11203102","amount":"1000","gateway_name":"T-PESA","transdate":"222222","checksum":"Rrjry4fcETwahtu8xwDTOJlgryFDAVZwjSBnTQEQPJQ=","reference":"3232325t390","mdn":"233333"}  
[2020-07-21 00:16:26] local.INFO: Successful top up consumer : NC11203102  
[2020-07-21 00:16:57] local.ERROR: Payload from mno : {"wallet_id":"NC11203102","amount":"1000","gateway_name":"T-PESA","transdate":"222222","checksum":"Rrjry4fcETwahtu8xwDTOJlgryFDAVZwjSBnTQEQPJQ=","reference":"3232325t390","mdn":"233333"}  
[2020-07-21 00:16:58] local.INFO: Successful top up consumer : NC11203102  
[2020-07-21 00:17:48] local.ERROR: Payload from mno : {"wallet_id":"NC11203102","amount":"1000","gateway_name":"T-PESA","transdate":"222222","checksum":"Rrjry4fcETwahtu8xwDTOJlgryFDAVZwjSBnTQEQPJQ=","reference":"3232325t390","mdn":"233333"}  
[2020-07-21 00:20:42] local.ERROR: Payload from mno : {"wallet_id":"NC11203102","amount":"1000","gateway_name":"T-PESA","transdate":"222222","checksum":"Rrjry4fcETwahtu8xwDTOJlgryFDAVZwjSBnTQEQPJQ=","reference":"3232325t390","mdn":"233333"}  
[2020-07-21 00:20:42] local.INFO: Successful top up consumer : NC11203102  
[2020-07-21 00:21:48] local.ERROR: Payload from mno : {"wallet_id":"NC11203102","amount":"1000","gateway_name":"T-PESA","transdate":"222222","checksum":"Rrjry4fcETwahtu8xwDTOJlgryFDAVZwjSBnTQEQPJQ=","reference":"3232325t390","mdn":"233333"}  
[2020-07-21 00:21:48] local.INFO: Successful top up consumer : NC11203102  
[2020-07-21 00:22:31] local.ERROR: Payload from mno : {"wallet_id":"NC11203102","amount":"1000","gateway_name":"T-PESA","transdate":"222222","checksum":"Rrjry4fcETwahtu8xwDTOJlgryFDAVZwjSBnTQEQPJQ=","reference":"3232325t390","mdn":"233333"}  
[2020-07-21 00:22:31] local.INFO: Successful top up consumer : NC11203102  
[2020-07-21 00:23:08] local.ERROR: Payload from mno : {"wallet_id":"NC11203102","amount":"1000","gateway_name":"T-PESA","transdate":"222222","checksum":"Rrjry4fcETwahtu8xwDTOJlgryFDAVZwjSBnTQEQPJQ=","reference":"3232325t390","mdn":"233333"}  
[2020-07-21 00:23:08] local.INFO: Successful top up consumer : NC11203102  
